{"F:\\DavidWork\\Projects\\Symphonia-FE\\src\\App.vue": {"path":"F:\\DavidWork\\Projects\\Symphonia-FE\\src\\App.vue","statementMap":{"0":{"start":{"line":10,"column":0},"end":{"line":10,"column":null}}},"fnMap":{"0":{"name":"(anonymous_1)","decl":{"start":{"line":10,"column":0},"end":{"line":10,"column":null}},"loc":{"start":{"line":10,"column":0},"end":{"line":10,"column":null}}}},"branchMap":{},"s":{"0":0},"f":{"0":0},"b":{}}
,"F:\\DavidWork\\Projects\\Symphonia-FE\\src\\components\\CreatePlaylist.vue": {"path":"F:\\DavidWork\\Projects\\Symphonia-FE\\src\\components\\CreatePlaylist.vue","statementMap":{"0":{"start":{"line":74,"column":0},"end":{"line":74,"column":null}},"1":{"start":{"line":75,"column":0},"end":{"line":75,"column":null}},"2":{"start":{"line":84,"column":0},"end":{"line":84,"column":null}},"3":{"start":{"line":98,"column":0},"end":{"line":98,"column":null}},"4":{"start":{"line":99,"column":0},"end":{"line":99,"column":null}},"5":{"start":{"line":105,"column":0},"end":{"line":105,"column":null}},"6":{"start":{"line":106,"column":0},"end":{"line":106,"column":null}},"7":{"start":{"line":114,"column":0},"end":{"line":114,"column":null}},"8":{"start":{"line":115,"column":0},"end":{"line":115,"column":null}}},"fnMap":{"0":{"name":"(anonymous_1)","decl":{"start":{"line":83,"column":0},"end":{"line":83,"column":null}},"loc":{"start":{"line":83,"column":0},"end":{"line":88,"column":null}}},"1":{"name":"(anonymous_2)","decl":{"start":{"line":96,"column":0},"end":{"line":96,"column":null}},"loc":{"start":{"line":96,"column":0},"end":{"line":107,"column":null}}},"2":{"name":"(anonymous_3)","decl":{"start":{"line":113,"column":0},"end":{"line":113,"column":null}},"loc":{"start":{"line":113,"column":0},"end":{"line":116,"column":null}}}},"branchMap":{"0":{"loc":{"start":{"line":98,"column":0},"end":{"line":98,"column":null}},"type":"if","locations":[{"start":{"line":98,"column":0},"end":{"line":98,"column":null}},{"start":{"line":98,"column":0},"end":{"line":98,"column":null}}]}},"s":{"0":1,"1":1,"2":9,"3":0,"4":0,"5":0,"6":0,"7":2,"8":2},"f":{"0":9,"1":0,"2":2},"b":{"0":[0,0]}}
,"F:\\DavidWork\\Projects\\Symphonia-FE\\src\\components\\Homepage\\TheHomepageContent.vue": {"path":"F:\\DavidWork\\Projects\\Symphonia-FE\\src\\components\\Homepage\\TheHomepageContent.vue","statementMap":{"0":{"start":{"line":30,"column":0},"end":{"line":30,"column":null}}},"fnMap":{},"branchMap":{},"s":{"0":1},"f":{},"b":{}}
,"F:\\DavidWork\\Projects\\Symphonia-FE\\src\\components\\Homepage\\TheHomepageFooter.vue": {"path":"F:\\DavidWork\\Projects\\Symphonia-FE\\src\\components\\Homepage\\TheHomepageFooter.vue","statementMap":{"0":{"start":{"line":113,"column":0},"end":{"line":113,"column":null}}},"fnMap":{},"branchMap":{},"s":{"0":1},"f":{},"b":{}}
,"F:\\DavidWork\\Projects\\Symphonia-FE\\src\\components\\Homepage\\TheHomepageLoginContent.vue": {"path":"F:\\DavidWork\\Projects\\Symphonia-FE\\src\\components\\Homepage\\TheHomepageLoginContent.vue","statementMap":{"0":{"start":{"line":175,"column":0},"end":{"line":175,"column":null}},"1":{"start":{"line":176,"column":0},"end":{"line":176,"column":null}},"2":{"start":{"line":189,"column":0},"end":{"line":189,"column":null}},"3":{"start":{"line":196,"column":0},"end":{"line":200,"column":null}},"4":{"start":{"line":197,"column":0},"end":{"line":197,"column":null}},"5":{"start":{"line":198,"column":0},"end":{"line":198,"column":null}},"6":{"start":{"line":199,"column":0},"end":{"line":199,"column":null}}},"fnMap":{"0":{"name":"(anonymous_1)","decl":{"start":{"line":188,"column":0},"end":{"line":188,"column":null}},"loc":{"start":{"line":188,"column":0},"end":{"line":193,"column":null}}},"1":{"name":"(anonymous_2)","decl":{"start":{"line":195,"column":0},"end":{"line":195,"column":null}},"loc":{"start":{"line":195,"column":0},"end":{"line":201,"column":null}}},"2":{"name":"(anonymous_3)","decl":{"start":{"line":196,"column":0},"end":{"line":196,"column":null}},"loc":{"start":{"line":196,"column":0},"end":{"line":200,"column":null}}}},"branchMap":{},"s":{"0":1,"1":1,"2":0,"3":0,"4":0,"5":0,"6":0},"f":{"0":0,"1":0,"2":0},"b":{}}
,"F:\\DavidWork\\Projects\\Symphonia-FE\\src\\components\\Homepage\\TheHomepageNavigationBar.vue": {"path":"F:\\DavidWork\\Projects\\Symphonia-FE\\src\\components\\Homepage\\TheHomepageNavigationBar.vue","statementMap":{"0":{"start":{"line":233,"column":0},"end":{"line":233,"column":null}},"1":{"start":{"line":234,"column":0},"end":{"line":234,"column":null}},"2":{"start":{"line":246,"column":0},"end":{"line":246,"column":null}},"3":{"start":{"line":253,"column":0},"end":{"line":253,"column":null}},"4":{"start":{"line":262,"column":0},"end":{"line":262,"column":null}},"5":{"start":{"line":263,"column":0},"end":{"line":263,"column":null}},"6":{"start":{"line":264,"column":0},"end":{"line":264,"column":null}}},"fnMap":{"0":{"name":"(anonymous_1)","decl":{"start":{"line":245,"column":0},"end":{"line":245,"column":null}},"loc":{"start":{"line":245,"column":0},"end":{"line":251,"column":null}}},"1":{"name":"(anonymous_2)","decl":{"start":{"line":252,"column":0},"end":{"line":252,"column":null}},"loc":{"start":{"line":252,"column":0},"end":{"line":254,"column":null}}},"2":{"name":"(anonymous_3)","decl":{"start":{"line":261,"column":0},"end":{"line":261,"column":null}},"loc":{"start":{"line":261,"column":0},"end":{"line":265,"column":null}}}},"branchMap":{},"s":{"0":1,"1":1,"2":0,"3":0,"4":0,"5":0,"6":0},"f":{"0":0,"1":0,"2":0},"b":{}}
,"F:\\DavidWork\\Projects\\Symphonia-FE\\src\\components\\Homepage\\TheHomepagePremiumContent.vue": {"path":"F:\\DavidWork\\Projects\\Symphonia-FE\\src\\components\\Homepage\\TheHomepagePremiumContent.vue","statementMap":{"0":{"start":{"line":132,"column":0},"end":{"line":132,"column":null}},"1":{"start":{"line":143,"column":0},"end":{"line":143,"column":null}},"2":{"start":{"line":176,"column":0},"end":{"line":176,"column":null}},"3":{"start":{"line":177,"column":0},"end":{"line":177,"column":null}},"4":{"start":{"line":185,"column":0},"end":{"line":185,"column":null}},"5":{"start":{"line":186,"column":0},"end":{"line":190,"column":null}},"6":{"start":{"line":187,"column":0},"end":{"line":187,"column":null}},"7":{"start":{"line":189,"column":0},"end":{"line":189,"column":null}},"8":{"start":{"line":198,"column":0},"end":{"line":198,"column":null}},"9":{"start":{"line":203,"column":0},"end":{"line":203,"column":null}},"10":{"start":{"line":207,"column":0},"end":{"line":207,"column":null}}},"fnMap":{"0":{"name":"(anonymous_1)","decl":{"start":{"line":142,"column":0},"end":{"line":142,"column":null}},"loc":{"start":{"line":142,"column":0},"end":{"line":167,"column":null}}},"1":{"name":"(anonymous_2)","decl":{"start":{"line":175,"column":0},"end":{"line":175,"column":null}},"loc":{"start":{"line":175,"column":0},"end":{"line":178,"column":null}}},"2":{"name":"(anonymous_3)","decl":{"start":{"line":184,"column":0},"end":{"line":184,"column":null}},"loc":{"start":{"line":184,"column":0},"end":{"line":191,"column":null}}},"3":{"name":"(anonymous_4)","decl":{"start":{"line":197,"column":0},"end":{"line":197,"column":null}},"loc":{"start":{"line":197,"column":0},"end":{"line":199,"column":null}}},"4":{"name":"(anonymous_5)","decl":{"start":{"line":202,"column":0},"end":{"line":202,"column":null}},"loc":{"start":{"line":202,"column":0},"end":{"line":204,"column":null}}},"5":{"name":"(anonymous_6)","decl":{"start":{"line":206,"column":0},"end":{"line":206,"column":null}},"loc":{"start":{"line":206,"column":0},"end":{"line":208,"column":null}}}},"branchMap":{"0":{"loc":{"start":{"line":186,"column":0},"end":{"line":190,"column":null}},"type":"if","locations":[{"start":{"line":186,"column":0},"end":{"line":190,"column":null}},{"start":{"line":186,"column":0},"end":{"line":190,"column":null}}]}},"s":{"0":0,"1":0,"2":0,"3":0,"4":0,"5":0,"6":0,"7":0,"8":0,"9":0,"10":0},"f":{"0":0,"1":0,"2":0,"3":0,"4":0,"5":0},"b":{"0":[0,0]}}
,"F:\\DavidWork\\Projects\\Symphonia-FE\\src\\components\\PasswordMangement\\PassChange.vue": {"path":"F:\\DavidWork\\Projects\\Symphonia-FE\\src\\components\\PasswordMangement\\PassChange.vue","statementMap":{"0":{"start":{"line":111,"column":0},"end":{"line":111,"column":null}},"1":{"start":{"line":115,"column":0},"end":{"line":115,"column":null}},"2":{"start":{"line":125,"column":0},"end":{"line":125,"column":null}},"3":{"start":{"line":129,"column":0},"end":{"line":129,"column":null}},"4":{"start":{"line":134,"column":0},"end":{"line":134,"column":null}},"5":{"start":{"line":143,"column":0},"end":{"line":146,"column":null}},"6":{"start":{"line":144,"column":0},"end":{"line":144,"column":null}},"7":{"start":{"line":154,"column":0},"end":{"line":180,"column":null}},"8":{"start":{"line":159,"column":0},"end":{"line":179,"column":null}},"9":{"start":{"line":166,"column":0},"end":{"line":166,"column":null}},"10":{"start":{"line":168,"column":0},"end":{"line":168,"column":null}},"11":{"start":{"line":169,"column":0},"end":{"line":169,"column":null}},"12":{"start":{"line":170,"column":0},"end":{"line":170,"column":null}},"13":{"start":{"line":171,"column":0},"end":{"line":171,"column":null}},"14":{"start":{"line":172,"column":0},"end":{"line":172,"column":null}},"15":{"start":{"line":174,"column":0},"end":{"line":174,"column":null}},"16":{"start":{"line":178,"column":0},"end":{"line":178,"column":null}},"17":{"start":{"line":187,"column":0},"end":{"line":187,"column":null}}},"fnMap":{"0":{"name":"(anonymous_1)","decl":{"start":{"line":114,"column":0},"end":{"line":114,"column":null}},"loc":{"start":{"line":114,"column":0},"end":{"line":131,"column":null}}},"1":{"name":"(anonymous_2)","decl":{"start":{"line":125,"column":0},"end":{"line":125,"column":null}},"loc":{"start":{"line":125,"column":0},"end":{"line":125,"column":null}}},"2":{"name":"(anonymous_4)","decl":{"start":{"line":129,"column":0},"end":{"line":129,"column":null}},"loc":{"start":{"line":129,"column":0},"end":{"line":129,"column":null}}},"3":{"name":"(anonymous_5)","decl":{"start":{"line":132,"column":0},"end":{"line":132,"column":null}},"loc":{"start":{"line":132,"column":0},"end":{"line":135,"column":null}}},"4":{"name":"(anonymous_6)","decl":{"start":{"line":142,"column":0},"end":{"line":142,"column":null}},"loc":{"start":{"line":142,"column":0},"end":{"line":147,"column":null}}},"5":{"name":"(anonymous_7)","decl":{"start":{"line":153,"column":0},"end":{"line":153,"column":null}},"loc":{"start":{"line":153,"column":0},"end":{"line":181,"column":null}}},"6":{"name":"(anonymous_8)","decl":{"start":{"line":160,"column":0},"end":{"line":160,"column":null}},"loc":{"start":{"line":160,"column":0},"end":{"line":175,"column":null}}},"7":{"name":"(anonymous_9)","decl":{"start":{"line":175,"column":0},"end":{"line":175,"column":null}},"loc":{"start":{"line":175,"column":0},"end":{"line":179,"column":null}}},"8":{"name":"(anonymous_10)","decl":{"start":{"line":186,"column":0},"end":{"line":186,"column":null}},"loc":{"start":{"line":186,"column":0},"end":{"line":188,"column":null}}}},"branchMap":{"0":{"loc":{"start":{"line":125,"column":0},"end":{"line":125,"column":null}},"type":"binary-expr","locations":[{"start":{"line":125,"column":0},"end":{"line":125,"column":null}},{"start":{"line":125,"column":0},"end":{"line":125,"column":null}}]},"1":{"loc":{"start":{"line":125,"column":0},"end":{"line":125,"column":null}},"type":"binary-expr","locations":[{"start":{"line":125,"column":0},"end":{"line":125,"column":null}},{"start":{"line":125,"column":0},"end":{"line":125,"column":null}},{"start":{"line":125,"column":0},"end":{"line":125,"column":null}}]},"2":{"loc":{"start":{"line":129,"column":0},"end":{"line":129,"column":null}},"type":"binary-expr","locations":[{"start":{"line":129,"column":0},"end":{"line":129,"column":null}},{"start":{"line":129,"column":0},"end":{"line":129,"column":null}}]},"3":{"loc":{"start":{"line":143,"column":0},"end":{"line":146,"column":null}},"type":"if","locations":[{"start":{"line":143,"column":0},"end":{"line":146,"column":null}},{"start":{"line":143,"column":0},"end":{"line":146,"column":null}}]},"4":{"loc":{"start":{"line":144,"column":0},"end":{"line":144,"column":null}},"type":"if","locations":[{"start":{"line":144,"column":0},"end":{"line":144,"column":null}},{"start":{"line":144,"column":0},"end":{"line":144,"column":null}}]},"5":{"loc":{"start":{"line":154,"column":0},"end":{"line":180,"column":null}},"type":"if","locations":[{"start":{"line":154,"column":0},"end":{"line":180,"column":null}},{"start":{"line":154,"column":0},"end":{"line":180,"column":null}}]},"6":{"loc":{"start":{"line":154,"column":0},"end":{"line":154,"column":null}},"type":"binary-expr","locations":[{"start":{"line":154,"column":0},"end":{"line":154,"column":null}},{"start":{"line":154,"column":0},"end":{"line":154,"column":null}}]},"7":{"loc":{"start":{"line":187,"column":0},"end":{"line":187,"column":null}},"type":"if","locations":[{"start":{"line":187,"column":0},"end":{"line":187,"column":null}},{"start":{"line":187,"column":0},"end":{"line":187,"column":null}}]}},"s":{"0":0,"1":0,"2":0,"3":0,"4":0,"5":0,"6":0,"7":0,"8":0,"9":0,"10":0,"11":0,"12":0,"13":0,"14":0,"15":0,"16":0,"17":0},"f":{"0":0,"1":0,"2":0,"3":0,"4":0,"5":0,"6":0,"7":0,"8":0},"b":{"0":[0,0],"1":[0,0,0],"2":[0,0],"3":[0,0],"4":[0,0],"5":[0,0],"6":[0,0],"7":[0,0]}}
,"F:\\DavidWork\\Projects\\Symphonia-FE\\src\\components\\PasswordMangement\\PassReset.vue": {"path":"F:\\DavidWork\\Projects\\Symphonia-FE\\src\\components\\PasswordMangement\\PassReset.vue","statementMap":{"0":{"start":{"line":71,"column":0},"end":{"line":71,"column":null}},"1":{"start":{"line":76,"column":0},"end":{"line":76,"column":null}},"2":{"start":{"line":78,"column":0},"end":{"line":78,"column":null}},"3":{"start":{"line":94,"column":0},"end":{"line":94,"column":null}},"4":{"start":{"line":102,"column":0},"end":{"line":102,"column":null}},"5":{"start":{"line":103,"column":0},"end":{"line":117,"column":null}},"6":{"start":{"line":106,"column":0},"end":{"line":116,"column":null}},"7":{"start":{"line":111,"column":0},"end":{"line":111,"column":null}},"8":{"start":{"line":114,"column":0},"end":{"line":114,"column":null}}},"fnMap":{"0":{"name":"(anonymous_1)","decl":{"start":{"line":75,"column":0},"end":{"line":75,"column":null}},"loc":{"start":{"line":75,"column":0},"end":{"line":87,"column":null}}},"1":{"name":"(anonymous_2)","decl":{"start":{"line":78,"column":0},"end":{"line":78,"column":null}},"loc":{"start":{"line":78,"column":0},"end":{"line":78,"column":null}}},"2":{"name":"(anonymous_4)","decl":{"start":{"line":93,"column":0},"end":{"line":93,"column":null}},"loc":{"start":{"line":93,"column":0},"end":{"line":95,"column":null}}},"3":{"name":"(anonymous_5)","decl":{"start":{"line":100,"column":0},"end":{"line":100,"column":null}},"loc":{"start":{"line":100,"column":0},"end":{"line":118,"column":null}}},"4":{"name":"(anonymous_6)","decl":{"start":{"line":107,"column":0},"end":{"line":107,"column":null}},"loc":{"start":{"line":107,"column":0},"end":{"line":112,"column":null}}},"5":{"name":"(anonymous_7)","decl":{"start":{"line":112,"column":0},"end":{"line":112,"column":null}},"loc":{"start":{"line":112,"column":0},"end":{"line":116,"column":null}}}},"branchMap":{"0":{"loc":{"start":{"line":78,"column":0},"end":{"line":78,"column":null}},"type":"binary-expr","locations":[{"start":{"line":78,"column":0},"end":{"line":78,"column":null}},{"start":{"line":78,"column":0},"end":{"line":78,"column":null}}]},"1":{"loc":{"start":{"line":94,"column":0},"end":{"line":94,"column":null}},"type":"if","locations":[{"start":{"line":94,"column":0},"end":{"line":94,"column":null}},{"start":{"line":94,"column":0},"end":{"line":94,"column":null}}]},"2":{"loc":{"start":{"line":103,"column":0},"end":{"line":117,"column":null}},"type":"if","locations":[{"start":{"line":103,"column":0},"end":{"line":117,"column":null}},{"start":{"line":103,"column":0},"end":{"line":117,"column":null}}]},"3":{"loc":{"start":{"line":111,"column":0},"end":{"line":111,"column":null}},"type":"if","locations":[{"start":{"line":111,"column":0},"end":{"line":111,"column":null}},{"start":{"line":111,"column":0},"end":{"line":111,"column":null}}]}},"s":{"0":0,"1":0,"2":0,"3":0,"4":0,"5":0,"6":0,"7":0,"8":0},"f":{"0":0,"1":0,"2":0,"3":0,"4":0,"5":0},"b":{"0":[0,0],"1":[0,0],"2":[0,0],"3":[0,0]}}
,"F:\\DavidWork\\Projects\\Symphonia-FE\\src\\components\\Style guide examples\\AppButton.vue": {"path":"F:\\DavidWork\\Projects\\Symphonia-FE\\src\\components\\Style guide examples\\AppButton.vue","statementMap":{"0":{"start":{"line":9,"column":0},"end":{"line":9,"column":null}},"1":{"start":{"line":33,"column":0},"end":{"line":33,"column":null}},"2":{"start":{"line":46,"column":0},"end":{"line":46,"column":null}},"3":{"start":{"line":52,"column":0},"end":{"line":52,"column":null}}},"fnMap":{"0":{"name":"(anonymous_1)","decl":{"start":{"line":32,"column":0},"end":{"line":32,"column":null}},"loc":{"start":{"line":32,"column":0},"end":{"line":38,"column":null}}},"1":{"name":"(anonymous_2)","decl":{"start":{"line":41,"column":0},"end":{"line":41,"column":null}},"loc":{"start":{"line":41,"column":0},"end":{"line":53,"column":null}}}},"branchMap":{},"s":{"0":0,"1":0,"2":0,"3":0},"f":{"0":0,"1":0},"b":{}}
,"F:\\DavidWork\\Projects\\Symphonia-FE\\src\\components\\TheSoundPlayer\\TheSoundPlayer.vue": {"path":"F:\\DavidWork\\Projects\\Symphonia-FE\\src\\components\\TheSoundPlayer\\TheSoundPlayer.vue","statementMap":{"0":{"start":{"line":275,"column":0},"end":{"line":275,"column":null}},"1":{"start":{"line":276,"column":0},"end":{"line":276,"column":null}},"2":{"start":{"line":277,"column":0},"end":{"line":277,"column":null}},"3":{"start":{"line":281,"column":0},"end":{"line":290,"column":null}},"4":{"start":{"line":286,"column":0},"end":{"line":286,"column":null}},"5":{"start":{"line":289,"column":0},"end":{"line":289,"column":null}},"6":{"start":{"line":301,"column":0},"end":{"line":301,"column":null}},"7":{"start":{"line":305,"column":0},"end":{"line":305,"column":null}},"8":{"start":{"line":306,"column":0},"end":{"line":306,"column":null}},"9":{"start":{"line":307,"column":0},"end":{"line":307,"column":null}},"10":{"start":{"line":308,"column":0},"end":{"line":308,"column":null}},"11":{"start":{"line":309,"column":0},"end":{"line":309,"column":null}},"12":{"start":{"line":310,"column":0},"end":{"line":310,"column":null}},"13":{"start":{"line":311,"column":0},"end":{"line":311,"column":null}},"14":{"start":{"line":312,"column":0},"end":{"line":312,"column":null}},"15":{"start":{"line":313,"column":0},"end":{"line":313,"column":null}},"16":{"start":{"line":314,"column":0},"end":{"line":314,"column":null}},"17":{"start":{"line":318,"column":0},"end":{"line":318,"column":null}},"18":{"start":{"line":372,"column":0},"end":{"line":372,"column":null}},"19":{"start":{"line":375,"column":0},"end":{"line":418,"column":null}},"20":{"start":{"line":382,"column":0},"end":{"line":382,"column":null}},"21":{"start":{"line":386,"column":0},"end":{"line":405,"column":null}},"22":{"start":{"line":387,"column":0},"end":{"line":404,"column":null}},"23":{"start":{"line":401,"column":0},"end":{"line":401,"column":null}},"24":{"start":{"line":402,"column":0},"end":{"line":402,"column":null}},"25":{"start":{"line":403,"column":0},"end":{"line":403,"column":null}},"26":{"start":{"line":407,"column":0},"end":{"line":411,"column":null}},"27":{"start":{"line":408,"column":0},"end":{"line":408,"column":null}},"28":{"start":{"line":410,"column":0},"end":{"line":410,"column":null}},"29":{"start":{"line":413,"column":0},"end":{"line":417,"column":null}},"30":{"start":{"line":414,"column":0},"end":{"line":414,"column":null}},"31":{"start":{"line":416,"column":0},"end":{"line":416,"column":null}},"32":{"start":{"line":421,"column":0},"end":{"line":471,"column":null}},"33":{"start":{"line":423,"column":0},"end":{"line":464,"column":null}},"34":{"start":{"line":431,"column":0},"end":{"line":431,"column":null}},"35":{"start":{"line":434,"column":0},"end":{"line":463,"column":null}},"36":{"start":{"line":436,"column":0},"end":{"line":436,"column":null}},"37":{"start":{"line":442,"column":0},"end":{"line":442,"column":null}},"38":{"start":{"line":448,"column":0},"end":{"line":462,"column":null}},"39":{"start":{"line":459,"column":0},"end":{"line":459,"column":null}},"40":{"start":{"line":460,"column":0},"end":{"line":460,"column":null}},"41":{"start":{"line":461,"column":0},"end":{"line":461,"column":null}},"42":{"start":{"line":468,"column":0},"end":{"line":468,"column":null}},"43":{"start":{"line":479,"column":0},"end":{"line":485,"column":null}},"44":{"start":{"line":480,"column":0},"end":{"line":480,"column":null}},"45":{"start":{"line":483,"column":0},"end":{"line":483,"column":null}},"46":{"start":{"line":493,"column":0},"end":{"line":493,"column":null}},"47":{"start":{"line":494,"column":0},"end":{"line":505,"column":null}},"48":{"start":{"line":495,"column":0},"end":{"line":498,"column":null}},"49":{"start":{"line":496,"column":0},"end":{"line":496,"column":null}},"50":{"start":{"line":497,"column":0},"end":{"line":497,"column":null}},"51":{"start":{"line":499,"column":0},"end":{"line":505,"column":null}},"52":{"start":{"line":500,"column":0},"end":{"line":504,"column":null}},"53":{"start":{"line":503,"column":0},"end":{"line":503,"column":null}},"54":{"start":{"line":513,"column":0},"end":{"line":513,"column":null}},"55":{"start":{"line":514,"column":0},"end":{"line":514,"column":null}},"56":{"start":{"line":515,"column":0},"end":{"line":515,"column":null}},"57":{"start":{"line":523,"column":0},"end":{"line":523,"column":null}},"58":{"start":{"line":525,"column":0},"end":{"line":595,"column":null}},"59":{"start":{"line":527,"column":0},"end":{"line":527,"column":null}},"60":{"start":{"line":528,"column":0},"end":{"line":528,"column":null}},"61":{"start":{"line":530,"column":0},"end":{"line":577,"column":null}},"62":{"start":{"line":531,"column":0},"end":{"line":540,"column":null}},"63":{"start":{"line":538,"column":0},"end":{"line":538,"column":null}},"64":{"start":{"line":539,"column":0},"end":{"line":539,"column":null}},"65":{"start":{"line":542,"column":0},"end":{"line":542,"column":null}},"66":{"start":{"line":544,"column":0},"end":{"line":544,"column":null}},"67":{"start":{"line":550,"column":0},"end":{"line":550,"column":null}},"68":{"start":{"line":556,"column":0},"end":{"line":575,"column":null}},"69":{"start":{"line":570,"column":0},"end":{"line":570,"column":null}},"70":{"start":{"line":571,"column":0},"end":{"line":571,"column":null}},"71":{"start":{"line":572,"column":0},"end":{"line":572,"column":null}},"72":{"start":{"line":574,"column":0},"end":{"line":574,"column":null}},"73":{"start":{"line":580,"column":0},"end":{"line":594,"column":null}},"74":{"start":{"line":584,"column":0},"end":{"line":584,"column":null}},"75":{"start":{"line":585,"column":0},"end":{"line":585,"column":null}},"76":{"start":{"line":587,"column":0},"end":{"line":587,"column":null}},"77":{"start":{"line":589,"column":0},"end":{"line":593,"column":null}},"78":{"start":{"line":590,"column":0},"end":{"line":590,"column":null}},"79":{"start":{"line":603,"column":0},"end":{"line":603,"column":null}},"80":{"start":{"line":605,"column":0},"end":{"line":636,"column":null}},"81":{"start":{"line":606,"column":0},"end":{"line":606,"column":null}},"82":{"start":{"line":607,"column":0},"end":{"line":607,"column":null}},"83":{"start":{"line":609,"column":0},"end":{"line":618,"column":null}},"84":{"start":{"line":616,"column":0},"end":{"line":616,"column":null}},"85":{"start":{"line":617,"column":0},"end":{"line":617,"column":null}},"86":{"start":{"line":621,"column":0},"end":{"line":635,"column":null}},"87":{"start":{"line":625,"column":0},"end":{"line":625,"column":null}},"88":{"start":{"line":626,"column":0},"end":{"line":626,"column":null}},"89":{"start":{"line":628,"column":0},"end":{"line":628,"column":null}},"90":{"start":{"line":630,"column":0},"end":{"line":634,"column":null}},"91":{"start":{"line":631,"column":0},"end":{"line":631,"column":null}},"92":{"start":{"line":646,"column":0},"end":{"line":646,"column":null}},"93":{"start":{"line":658,"column":0},"end":{"line":658,"column":null}},"94":{"start":{"line":668,"column":0},"end":{"line":668,"column":null}},"95":{"start":{"line":677,"column":0},"end":{"line":677,"column":null}},"96":{"start":{"line":678,"column":0},"end":{"line":678,"column":null}},"97":{"start":{"line":687,"column":0},"end":{"line":687,"column":null}},"98":{"start":{"line":697,"column":0},"end":{"line":697,"column":null}},"99":{"start":{"line":698,"column":0},"end":{"line":698,"column":null}},"100":{"start":{"line":699,"column":0},"end":{"line":704,"column":null}},"101":{"start":{"line":700,"column":0},"end":{"line":702,"column":null}},"102":{"start":{"line":702,"column":0},"end":{"line":702,"column":null}},"103":{"start":{"line":705,"column":0},"end":{"line":705,"column":null}},"104":{"start":{"line":706,"column":0},"end":{"line":706,"column":null}},"105":{"start":{"line":716,"column":0},"end":{"line":727,"column":null}},"106":{"start":{"line":717,"column":0},"end":{"line":719,"column":null}},"107":{"start":{"line":718,"column":0},"end":{"line":718,"column":null}},"108":{"start":{"line":721,"column":0},"end":{"line":721,"column":null}},"109":{"start":{"line":722,"column":0},"end":{"line":722,"column":null}},"110":{"start":{"line":724,"column":0},"end":{"line":724,"column":null}},"111":{"start":{"line":726,"column":0},"end":{"line":726,"column":null}},"112":{"start":{"line":738,"column":0},"end":{"line":738,"column":null}},"113":{"start":{"line":740,"column":0},"end":{"line":742,"column":null}},"114":{"start":{"line":741,"column":0},"end":{"line":741,"column":null}},"115":{"start":{"line":744,"column":0},"end":{"line":744,"column":null}},"116":{"start":{"line":752,"column":0},"end":{"line":752,"column":null}},"117":{"start":{"line":760,"column":0},"end":{"line":768,"column":null}},"118":{"start":{"line":761,"column":0},"end":{"line":761,"column":null}},"119":{"start":{"line":762,"column":0},"end":{"line":768,"column":null}},"120":{"start":{"line":767,"column":0},"end":{"line":767,"column":null}},"121":{"start":{"line":777,"column":0},"end":{"line":777,"column":null}},"122":{"start":{"line":785,"column":0},"end":{"line":785,"column":null}},"123":{"start":{"line":794,"column":0},"end":{"line":796,"column":null}},"124":{"start":{"line":795,"column":0},"end":{"line":795,"column":null}},"125":{"start":{"line":805,"column":0},"end":{"line":808,"column":null}},"126":{"start":{"line":806,"column":0},"end":{"line":806,"column":null}},"127":{"start":{"line":807,"column":0},"end":{"line":807,"column":null}},"128":{"start":{"line":818,"column":0},"end":{"line":818,"column":null}},"129":{"start":{"line":819,"column":0},"end":{"line":819,"column":null}},"130":{"start":{"line":823,"column":0},"end":{"line":823,"column":null}},"131":{"start":{"line":826,"column":0},"end":{"line":826,"column":null}},"132":{"start":{"line":827,"column":0},"end":{"line":827,"column":null}},"133":{"start":{"line":828,"column":0},"end":{"line":828,"column":null}},"134":{"start":{"line":830,"column":0},"end":{"line":830,"column":null}},"135":{"start":{"line":831,"column":0},"end":{"line":831,"column":null}},"136":{"start":{"line":834,"column":0},"end":{"line":834,"column":null}},"137":{"start":{"line":835,"column":0},"end":{"line":835,"column":null}},"138":{"start":{"line":838,"column":0},"end":{"line":838,"column":null}},"139":{"start":{"line":839,"column":0},"end":{"line":839,"column":null}},"140":{"start":{"line":841,"column":0},"end":{"line":841,"column":null}},"141":{"start":{"line":843,"column":0},"end":{"line":860,"column":null}},"142":{"start":{"line":845,"column":0},"end":{"line":857,"column":null}},"143":{"start":{"line":855,"column":0},"end":{"line":855,"column":null}},"144":{"start":{"line":856,"column":0},"end":{"line":856,"column":null}},"145":{"start":{"line":859,"column":0},"end":{"line":859,"column":null}},"146":{"start":{"line":861,"column":0},"end":{"line":861,"column":null}},"147":{"start":{"line":869,"column":0},"end":{"line":869,"column":null}},"148":{"start":{"line":878,"column":0},"end":{"line":878,"column":null}},"149":{"start":{"line":887,"column":0},"end":{"line":887,"column":null}},"150":{"start":{"line":888,"column":0},"end":{"line":888,"column":null}},"151":{"start":{"line":897,"column":0},"end":{"line":897,"column":null}},"152":{"start":{"line":906,"column":0},"end":{"line":906,"column":null}},"153":{"start":{"line":907,"column":0},"end":{"line":907,"column":null}},"154":{"start":{"line":911,"column":0},"end":{"line":911,"column":null}},"155":{"start":{"line":912,"column":0},"end":{"line":912,"column":null}},"156":{"start":{"line":915,"column":0},"end":{"line":915,"column":null}},"157":{"start":{"line":916,"column":0},"end":{"line":916,"column":null}},"158":{"start":{"line":917,"column":0},"end":{"line":917,"column":null}},"159":{"start":{"line":918,"column":0},"end":{"line":918,"column":null}},"160":{"start":{"line":920,"column":0},"end":{"line":920,"column":null}},"161":{"start":{"line":921,"column":0},"end":{"line":921,"column":null}},"162":{"start":{"line":926,"column":0},"end":{"line":926,"column":null}},"163":{"start":{"line":927,"column":0},"end":{"line":927,"column":null}}},"fnMap":{"0":{"name":"(anonymous_1)","decl":{"start":{"line":281,"column":0},"end":{"line":281,"column":null}},"loc":{"start":{"line":281,"column":0},"end":{"line":290,"column":null}}},"1":{"name":"(anonymous_2)","decl":{"start":{"line":300,"column":0},"end":{"line":300,"column":null}},"loc":{"start":{"line":300,"column":0},"end":{"line":302,"column":null}}},"2":{"name":"(anonymous_3)","decl":{"start":{"line":305,"column":0},"end":{"line":305,"column":null}},"loc":{"start":{"line":305,"column":0},"end":{"line":305,"column":null}}},"3":{"name":"(anonymous_4)","decl":{"start":{"line":306,"column":0},"end":{"line":306,"column":null}},"loc":{"start":{"line":306,"column":0},"end":{"line":306,"column":null}}},"4":{"name":"(anonymous_5)","decl":{"start":{"line":307,"column":0},"end":{"line":307,"column":null}},"loc":{"start":{"line":307,"column":0},"end":{"line":307,"column":null}}},"5":{"name":"(anonymous_6)","decl":{"start":{"line":308,"column":0},"end":{"line":308,"column":null}},"loc":{"start":{"line":308,"column":0},"end":{"line":308,"column":null}}},"6":{"name":"(anonymous_7)","decl":{"start":{"line":309,"column":0},"end":{"line":309,"column":null}},"loc":{"start":{"line":309,"column":0},"end":{"line":309,"column":null}}},"7":{"name":"(anonymous_8)","decl":{"start":{"line":310,"column":0},"end":{"line":310,"column":null}},"loc":{"start":{"line":310,"column":0},"end":{"line":310,"column":null}}},"8":{"name":"(anonymous_9)","decl":{"start":{"line":311,"column":0},"end":{"line":311,"column":null}},"loc":{"start":{"line":311,"column":0},"end":{"line":311,"column":null}}},"9":{"name":"(anonymous_10)","decl":{"start":{"line":312,"column":0},"end":{"line":312,"column":null}},"loc":{"start":{"line":312,"column":0},"end":{"line":312,"column":null}}},"10":{"name":"(anonymous_11)","decl":{"start":{"line":313,"column":0},"end":{"line":313,"column":null}},"loc":{"start":{"line":313,"column":0},"end":{"line":313,"column":null}}},"11":{"name":"(anonymous_12)","decl":{"start":{"line":314,"column":0},"end":{"line":314,"column":null}},"loc":{"start":{"line":314,"column":0},"end":{"line":314,"column":null}}},"12":{"name":"(anonymous_13)","decl":{"start":{"line":317,"column":0},"end":{"line":317,"column":null}},"loc":{"start":{"line":317,"column":0},"end":{"line":340,"column":null}}},"13":{"name":"(anonymous_14)","decl":{"start":{"line":371,"column":0},"end":{"line":371,"column":null}},"loc":{"start":{"line":371,"column":0},"end":{"line":373,"column":null}}},"14":{"name":"(anonymous_15)","decl":{"start":{"line":374,"column":0},"end":{"line":374,"column":null}},"loc":{"start":{"line":374,"column":0},"end":{"line":419,"column":null}}},"15":{"name":"(anonymous_16)","decl":{"start":{"line":375,"column":0},"end":{"line":375,"column":null}},"loc":{"start":{"line":375,"column":0},"end":{"line":418,"column":null}}},"16":{"name":"(anonymous_17)","decl":{"start":{"line":387,"column":0},"end":{"line":387,"column":null}},"loc":{"start":{"line":387,"column":0},"end":{"line":404,"column":null}}},"17":{"name":"(anonymous_18)","decl":{"start":{"line":420,"column":0},"end":{"line":420,"column":null}},"loc":{"start":{"line":420,"column":0},"end":{"line":472,"column":null}}},"18":{"name":"(anonymous_19)","decl":{"start":{"line":423,"column":0},"end":{"line":423,"column":null}},"loc":{"start":{"line":423,"column":0},"end":{"line":464,"column":null}}},"19":{"name":"(anonymous_20)","decl":{"start":{"line":448,"column":0},"end":{"line":448,"column":null}},"loc":{"start":{"line":448,"column":0},"end":{"line":462,"column":null}}},"20":{"name":"(anonymous_21)","decl":{"start":{"line":478,"column":0},"end":{"line":478,"column":null}},"loc":{"start":{"line":478,"column":0},"end":{"line":486,"column":null}}},"21":{"name":"(anonymous_22)","decl":{"start":{"line":492,"column":0},"end":{"line":492,"column":null}},"loc":{"start":{"line":492,"column":0},"end":{"line":506,"column":null}}},"22":{"name":"(anonymous_23)","decl":{"start":{"line":512,"column":0},"end":{"line":512,"column":null}},"loc":{"start":{"line":512,"column":0},"end":{"line":516,"column":null}}},"23":{"name":"(anonymous_24)","decl":{"start":{"line":522,"column":0},"end":{"line":522,"column":null}},"loc":{"start":{"line":522,"column":0},"end":{"line":596,"column":null}}},"24":{"name":"(anonymous_25)","decl":{"start":{"line":531,"column":0},"end":{"line":531,"column":null}},"loc":{"start":{"line":531,"column":0},"end":{"line":540,"column":null}}},"25":{"name":"(anonymous_26)","decl":{"start":{"line":556,"column":0},"end":{"line":556,"column":null}},"loc":{"start":{"line":556,"column":0},"end":{"line":575,"column":null}}},"26":{"name":"(anonymous_27)","decl":{"start":{"line":589,"column":0},"end":{"line":589,"column":null}},"loc":{"start":{"line":589,"column":0},"end":{"line":593,"column":null}}},"27":{"name":"(anonymous_28)","decl":{"start":{"line":602,"column":0},"end":{"line":602,"column":null}},"loc":{"start":{"line":602,"column":0},"end":{"line":637,"column":null}}},"28":{"name":"(anonymous_29)","decl":{"start":{"line":609,"column":0},"end":{"line":609,"column":null}},"loc":{"start":{"line":609,"column":0},"end":{"line":618,"column":null}}},"29":{"name":"(anonymous_30)","decl":{"start":{"line":630,"column":0},"end":{"line":630,"column":null}},"loc":{"start":{"line":630,"column":0},"end":{"line":634,"column":null}}},"30":{"name":"(anonymous_31)","decl":{"start":{"line":645,"column":0},"end":{"line":645,"column":null}},"loc":{"start":{"line":645,"column":0},"end":{"line":649,"column":null}}},"31":{"name":"(anonymous_32)","decl":{"start":{"line":657,"column":0},"end":{"line":657,"column":null}},"loc":{"start":{"line":657,"column":0},"end":{"line":661,"column":null}}},"32":{"name":"(anonymous_33)","decl":{"start":{"line":667,"column":0},"end":{"line":667,"column":null}},"loc":{"start":{"line":667,"column":0},"end":{"line":670,"column":null}}},"33":{"name":"(anonymous_34)","decl":{"start":{"line":676,"column":0},"end":{"line":676,"column":null}},"loc":{"start":{"line":676,"column":0},"end":{"line":680,"column":null}}},"34":{"name":"(anonymous_35)","decl":{"start":{"line":686,"column":0},"end":{"line":686,"column":null}},"loc":{"start":{"line":686,"column":0},"end":{"line":689,"column":null}}},"35":{"name":"(anonymous_36)","decl":{"start":{"line":696,"column":0},"end":{"line":696,"column":null}},"loc":{"start":{"line":696,"column":0},"end":{"line":707,"column":null}}},"36":{"name":"(anonymous_37)","decl":{"start":{"line":713,"column":0},"end":{"line":713,"column":null}},"loc":{"start":{"line":713,"column":0},"end":{"line":728,"column":null}}},"37":{"name":"(anonymous_38)","decl":{"start":{"line":735,"column":0},"end":{"line":735,"column":null}},"loc":{"start":{"line":735,"column":0},"end":{"line":745,"column":null}}},"38":{"name":"(anonymous_39)","decl":{"start":{"line":751,"column":0},"end":{"line":751,"column":null}},"loc":{"start":{"line":751,"column":0},"end":{"line":753,"column":null}}},"39":{"name":"(anonymous_40)","decl":{"start":{"line":759,"column":0},"end":{"line":759,"column":null}},"loc":{"start":{"line":759,"column":0},"end":{"line":769,"column":null}}},"40":{"name":"(anonymous_41)","decl":{"start":{"line":776,"column":0},"end":{"line":776,"column":null}},"loc":{"start":{"line":776,"column":0},"end":{"line":778,"column":null}}},"41":{"name":"(anonymous_42)","decl":{"start":{"line":784,"column":0},"end":{"line":784,"column":null}},"loc":{"start":{"line":784,"column":0},"end":{"line":786,"column":null}}},"42":{"name":"(anonymous_43)","decl":{"start":{"line":793,"column":0},"end":{"line":793,"column":null}},"loc":{"start":{"line":793,"column":0},"end":{"line":797,"column":null}}},"43":{"name":"(anonymous_44)","decl":{"start":{"line":804,"column":0},"end":{"line":804,"column":null}},"loc":{"start":{"line":804,"column":0},"end":{"line":809,"column":null}}},"44":{"name":"(anonymous_45)","decl":{"start":{"line":817,"column":0},"end":{"line":817,"column":null}},"loc":{"start":{"line":817,"column":0},"end":{"line":862,"column":null}}},"45":{"name":"(anonymous_46)","decl":{"start":{"line":845,"column":0},"end":{"line":845,"column":null}},"loc":{"start":{"line":845,"column":0},"end":{"line":857,"column":null}}},"46":{"name":"(anonymous_47)","decl":{"start":{"line":868,"column":0},"end":{"line":868,"column":null}},"loc":{"start":{"line":868,"column":0},"end":{"line":870,"column":null}}},"47":{"name":"(anonymous_48)","decl":{"start":{"line":877,"column":0},"end":{"line":877,"column":null}},"loc":{"start":{"line":877,"column":0},"end":{"line":879,"column":null}}},"48":{"name":"(anonymous_49)","decl":{"start":{"line":886,"column":0},"end":{"line":886,"column":null}},"loc":{"start":{"line":886,"column":0},"end":{"line":889,"column":null}}},"49":{"name":"(anonymous_50)","decl":{"start":{"line":896,"column":0},"end":{"line":896,"column":null}},"loc":{"start":{"line":896,"column":0},"end":{"line":898,"column":null}}},"50":{"name":"(anonymous_51)","decl":{"start":{"line":905,"column":0},"end":{"line":905,"column":null}},"loc":{"start":{"line":905,"column":0},"end":{"line":908,"column":null}}},"51":{"name":"(anonymous_52)","decl":{"start":{"line":910,"column":0},"end":{"line":910,"column":null}},"loc":{"start":{"line":910,"column":0},"end":{"line":913,"column":null}}},"52":{"name":"(anonymous_53)","decl":{"start":{"line":914,"column":0},"end":{"line":914,"column":null}},"loc":{"start":{"line":914,"column":0},"end":{"line":940,"column":null}}}},"branchMap":{"0":{"loc":{"start":{"line":289,"column":0},"end":{"line":289,"column":null}},"type":"cond-expr","locations":[{"start":{"line":289,"column":0},"end":{"line":289,"column":null}},{"start":{"line":289,"column":0},"end":{"line":289,"column":null}}]},"1":{"loc":{"start":{"line":301,"column":0},"end":{"line":301,"column":null}},"type":"cond-expr","locations":[{"start":{"line":301,"column":0},"end":{"line":301,"column":null}},{"start":{"line":301,"column":0},"end":{"line":301,"column":null}}]},"2":{"loc":{"start":{"line":386,"column":0},"end":{"line":405,"column":null}},"type":"if","locations":[{"start":{"line":386,"column":0},"end":{"line":405,"column":null}},{"start":{"line":386,"column":0},"end":{"line":405,"column":null}}]},"3":{"loc":{"start":{"line":407,"column":0},"end":{"line":411,"column":null}},"type":"if","locations":[{"start":{"line":407,"column":0},"end":{"line":411,"column":null}},{"start":{"line":407,"column":0},"end":{"line":411,"column":null}}]},"4":{"loc":{"start":{"line":413,"column":0},"end":{"line":417,"column":null}},"type":"if","locations":[{"start":{"line":413,"column":0},"end":{"line":417,"column":null}},{"start":{"line":413,"column":0},"end":{"line":417,"column":null}}]},"5":{"loc":{"start":{"line":421,"column":0},"end":{"line":471,"column":null}},"type":"if","locations":[{"start":{"line":421,"column":0},"end":{"line":471,"column":null}},{"start":{"line":421,"column":0},"end":{"line":471,"column":null}}]},"6":{"loc":{"start":{"line":434,"column":0},"end":{"line":463,"column":null}},"type":"if","locations":[{"start":{"line":434,"column":0},"end":{"line":463,"column":null}},{"start":{"line":434,"column":0},"end":{"line":463,"column":null}}]},"7":{"loc":{"start":{"line":479,"column":0},"end":{"line":485,"column":null}},"type":"if","locations":[{"start":{"line":479,"column":0},"end":{"line":485,"column":null}},{"start":{"line":479,"column":0},"end":{"line":485,"column":null}}]},"8":{"loc":{"start":{"line":494,"column":0},"end":{"line":505,"column":null}},"type":"if","locations":[{"start":{"line":494,"column":0},"end":{"line":505,"column":null}},{"start":{"line":494,"column":0},"end":{"line":505,"column":null}}]},"9":{"loc":{"start":{"line":495,"column":0},"end":{"line":498,"column":null}},"type":"if","locations":[{"start":{"line":495,"column":0},"end":{"line":498,"column":null}},{"start":{"line":495,"column":0},"end":{"line":498,"column":null}}]},"10":{"loc":{"start":{"line":499,"column":0},"end":{"line":505,"column":null}},"type":"if","locations":[{"start":{"line":499,"column":0},"end":{"line":505,"column":null}},{"start":{"line":499,"column":0},"end":{"line":505,"column":null}}]},"11":{"loc":{"start":{"line":500,"column":0},"end":{"line":504,"column":null}},"type":"if","locations":[{"start":{"line":500,"column":0},"end":{"line":504,"column":null}},{"start":{"line":500,"column":0},"end":{"line":504,"column":null}}]},"12":{"loc":{"start":{"line":513,"column":0},"end":{"line":513,"column":null}},"type":"if","locations":[{"start":{"line":513,"column":0},"end":{"line":513,"column":null}},{"start":{"line":513,"column":0},"end":{"line":513,"column":null}}]},"13":{"loc":{"start":{"line":525,"column":0},"end":{"line":595,"column":null}},"type":"if","locations":[{"start":{"line":525,"column":0},"end":{"line":595,"column":null}},{"start":{"line":525,"column":0},"end":{"line":595,"column":null}}]},"14":{"loc":{"start":{"line":530,"column":0},"end":{"line":577,"column":null}},"type":"if","locations":[{"start":{"line":530,"column":0},"end":{"line":577,"column":null}},{"start":{"line":530,"column":0},"end":{"line":577,"column":null}}]},"15":{"loc":{"start":{"line":580,"column":0},"end":{"line":594,"column":null}},"type":"if","locations":[{"start":{"line":580,"column":0},"end":{"line":594,"column":null}},{"start":{"line":580,"column":0},"end":{"line":594,"column":null}}]},"16":{"loc":{"start":{"line":605,"column":0},"end":{"line":636,"column":null}},"type":"if","locations":[{"start":{"line":605,"column":0},"end":{"line":636,"column":null}},{"start":{"line":605,"column":0},"end":{"line":636,"column":null}}]},"17":{"loc":{"start":{"line":621,"column":0},"end":{"line":635,"column":null}},"type":"if","locations":[{"start":{"line":621,"column":0},"end":{"line":635,"column":null}},{"start":{"line":621,"column":0},"end":{"line":635,"column":null}}]},"18":{"loc":{"start":{"line":699,"column":0},"end":{"line":704,"column":null}},"type":"if","locations":[{"start":{"line":699,"column":0},"end":{"line":704,"column":null}},{"start":{"line":699,"column":0},"end":{"line":704,"column":null}}]},"19":{"loc":{"start":{"line":700,"column":0},"end":{"line":702,"column":null}},"type":"if","locations":[{"start":{"line":700,"column":0},"end":{"line":702,"column":null}},{"start":{"line":700,"column":0},"end":{"line":702,"column":null}}]},"20":{"loc":{"start":{"line":705,"column":0},"end":{"line":705,"column":null}},"type":"cond-expr","locations":[{"start":{"line":705,"column":0},"end":{"line":705,"column":null}},{"start":{"line":705,"column":0},"end":{"line":705,"column":null}}]},"21":{"loc":{"start":{"line":716,"column":0},"end":{"line":727,"column":null}},"type":"if","locations":[{"start":{"line":716,"column":0},"end":{"line":727,"column":null}},{"start":{"line":716,"column":0},"end":{"line":727,"column":null}}]},"22":{"loc":{"start":{"line":717,"column":0},"end":{"line":719,"column":null}},"type":"if","locations":[{"start":{"line":717,"column":0},"end":{"line":719,"column":null}},{"start":{"line":717,"column":0},"end":{"line":719,"column":null}}]},"23":{"loc":{"start":{"line":740,"column":0},"end":{"line":742,"column":null}},"type":"if","locations":[{"start":{"line":740,"column":0},"end":{"line":742,"column":null}},{"start":{"line":740,"column":0},"end":{"line":742,"column":null}}]},"24":{"loc":{"start":{"line":760,"column":0},"end":{"line":768,"column":null}},"type":"if","locations":[{"start":{"line":760,"column":0},"end":{"line":768,"column":null}},{"start":{"line":760,"column":0},"end":{"line":768,"column":null}}]},"25":{"loc":{"start":{"line":762,"column":0},"end":{"line":768,"column":null}},"type":"if","locations":[{"start":{"line":762,"column":0},"end":{"line":768,"column":null}},{"start":{"line":762,"column":0},"end":{"line":768,"column":null}}]},"26":{"loc":{"start":{"line":794,"column":0},"end":{"line":796,"column":null}},"type":"if","locations":[{"start":{"line":794,"column":0},"end":{"line":796,"column":null}},{"start":{"line":794,"column":0},"end":{"line":796,"column":null}}]},"27":{"loc":{"start":{"line":805,"column":0},"end":{"line":808,"column":null}},"type":"if","locations":[{"start":{"line":805,"column":0},"end":{"line":808,"column":null}},{"start":{"line":805,"column":0},"end":{"line":808,"column":null}}]},"28":{"loc":{"start":{"line":806,"column":0},"end":{"line":806,"column":null}},"type":"if","locations":[{"start":{"line":806,"column":0},"end":{"line":806,"column":null}},{"start":{"line":806,"column":0},"end":{"line":806,"column":null}}]},"29":{"loc":{"start":{"line":843,"column":0},"end":{"line":860,"column":null}},"type":"if","locations":[{"start":{"line":843,"column":0},"end":{"line":860,"column":null}},{"start":{"line":843,"column":0},"end":{"line":860,"column":null}}]}},"s":{"0":0,"1":0,"2":0,"3":0,"4":0,"5":0,"6":0,"7":0,"8":0,"9":0,"10":0,"11":0,"12":0,"13":0,"14":0,"15":0,"16":0,"17":0,"18":0,"19":0,"20":0,"21":0,"22":0,"23":0,"24":0,"25":0,"26":0,"27":0,"28":0,"29":0,"30":0,"31":0,"32":0,"33":0,"34":0,"35":0,"36":0,"37":0,"38":0,"39":0,"40":0,"41":0,"42":0,"43":0,"44":0,"45":0,"46":0,"47":0,"48":0,"49":0,"50":0,"51":0,"52":0,"53":0,"54":0,"55":0,"56":0,"57":0,"58":0,"59":0,"60":0,"61":0,"62":0,"63":0,"64":0,"65":0,"66":0,"67":0,"68":0,"69":0,"70":0,"71":0,"72":0,"73":0,"74":0,"75":0,"76":0,"77":0,"78":0,"79":0,"80":0,"81":0,"82":0,"83":0,"84":0,"85":0,"86":0,"87":0,"88":0,"89":0,"90":0,"91":0,"92":0,"93":0,"94":0,"95":0,"96":0,"97":0,"98":0,"99":0,"100":0,"101":0,"102":0,"103":0,"104":0,"105":0,"106":0,"107":0,"108":0,"109":0,"110":0,"111":0,"112":0,"113":0,"114":0,"115":0,"116":0,"117":0,"118":0,"119":0,"120":0,"121":0,"122":0,"123":0,"124":0,"125":0,"126":0,"127":0,"128":0,"129":0,"130":0,"131":0,"132":0,"133":0,"134":0,"135":0,"136":0,"137":0,"138":0,"139":0,"140":0,"141":0,"142":0,"143":0,"144":0,"145":0,"146":0,"147":0,"148":0,"149":0,"150":0,"151":0,"152":0,"153":0,"154":0,"155":0,"156":0,"157":0,"158":0,"159":0,"160":0,"161":0,"162":0,"163":0},"f":{"0":0,"1":0,"2":0,"3":0,"4":0,"5":0,"6":0,"7":0,"8":0,"9":0,"10":0,"11":0,"12":0,"13":0,"14":0,"15":0,"16":0,"17":0,"18":0,"19":0,"20":0,"21":0,"22":0,"23":0,"24":0,"25":0,"26":0,"27":0,"28":0,"29":0,"30":0,"31":0,"32":0,"33":0,"34":0,"35":0,"36":0,"37":0,"38":0,"39":0,"40":0,"41":0,"42":0,"43":0,"44":0,"45":0,"46":0,"47":0,"48":0,"49":0,"50":0,"51":0,"52":0},"b":{"0":[0,0],"1":[0,0],"2":[0,0],"3":[0,0],"4":[0,0],"5":[0,0],"6":[0,0],"7":[0,0],"8":[0,0],"9":[0,0],"10":[0,0],"11":[0,0],"12":[0,0],"13":[0,0],"14":[0,0],"15":[0,0],"16":[0,0],"17":[0,0],"18":[0,0],"19":[0,0],"20":[0,0],"21":[0,0],"22":[0,0],"23":[0,0],"24":[0,0],"25":[0,0],"26":[0,0],"27":[0,0],"28":[0,0],"29":[0,0]}}
,"F:\\DavidWork\\Projects\\Symphonia-FE\\src\\components\\TheSoundPlayer\\TheSoundPlayerLogout.vue": {"path":"F:\\DavidWork\\Projects\\Symphonia-FE\\src\\components\\TheSoundPlayer\\TheSoundPlayerLogout.vue","statementMap":{"0":{"start":{"line":82,"column":0},"end":{"line":82,"column":null}},"1":{"start":{"line":88,"column":0},"end":{"line":88,"column":null}}},"fnMap":{"0":{"name":"(anonymous_1)","decl":{"start":{"line":81,"column":0},"end":{"line":81,"column":null}},"loc":{"start":{"line":81,"column":0},"end":{"line":85,"column":null}}},"1":{"name":"(anonymous_2)","decl":{"start":{"line":87,"column":0},"end":{"line":87,"column":null}},"loc":{"start":{"line":87,"column":0},"end":{"line":89,"column":null}}}},"branchMap":{},"s":{"0":0,"1":0},"f":{"0":0,"1":0},"b":{}}
,"F:\\DavidWork\\Projects\\Symphonia-FE\\src\\components\\User Settings\\PremiumAds.vue": {"path":"F:\\DavidWork\\Projects\\Symphonia-FE\\src\\components\\User Settings\\PremiumAds.vue","statementMap":{"0":{"start":{"line":30,"column":0},"end":{"line":30,"column":null}},"1":{"start":{"line":34,"column":0},"end":{"line":34,"column":null}}},"fnMap":{"0":{"name":"(anonymous_1)","decl":{"start":{"line":29,"column":0},"end":{"line":29,"column":null}},"loc":{"start":{"line":29,"column":0},"end":{"line":31,"column":null}}},"1":{"name":"(anonymous_2)","decl":{"start":{"line":33,"column":0},"end":{"line":33,"column":null}},"loc":{"start":{"line":33,"column":0},"end":{"line":35,"column":null}}}},"branchMap":{},"s":{"0":3,"1":2},"f":{"0":3,"1":2},"b":{}}
,"F:\\DavidWork\\Projects\\Symphonia-FE\\src\\components\\User Settings\\bottomContent.vue": {"path":"F:\\DavidWork\\Projects\\Symphonia-FE\\src\\components\\User Settings\\bottomContent.vue","statementMap":{"0":{"start":{"line":58,"column":0},"end":{"line":58,"column":null}},"1":{"start":{"line":68,"column":0},"end":{"line":68,"column":null}},"2":{"start":{"line":69,"column":0},"end":{"line":69,"column":null}},"3":{"start":{"line":72,"column":0},"end":{"line":75,"column":null}},"4":{"start":{"line":73,"column":0},"end":{"line":73,"column":null}},"5":{"start":{"line":74,"column":0},"end":{"line":74,"column":null}},"6":{"start":{"line":79,"column":0},"end":{"line":79,"column":null}},"7":{"start":{"line":80,"column":0},"end":{"line":80,"column":null}},"8":{"start":{"line":81,"column":0},"end":{"line":81,"column":null}}},"fnMap":{"0":{"name":"(anonymous_1)","decl":{"start":{"line":57,"column":0},"end":{"line":57,"column":null}},"loc":{"start":{"line":57,"column":0},"end":{"line":65,"column":null}}},"1":{"name":"(anonymous_2)","decl":{"start":{"line":67,"column":0},"end":{"line":67,"column":null}},"loc":{"start":{"line":67,"column":0},"end":{"line":70,"column":null}}},"2":{"name":"(anonymous_3)","decl":{"start":{"line":71,"column":0},"end":{"line":71,"column":null}},"loc":{"start":{"line":71,"column":0},"end":{"line":76,"column":null}}},"3":{"name":"(anonymous_4)","decl":{"start":{"line":78,"column":0},"end":{"line":78,"column":null}},"loc":{"start":{"line":78,"column":0},"end":{"line":82,"column":null}}}},"branchMap":{"0":{"loc":{"start":{"line":72,"column":0},"end":{"line":75,"column":null}},"type":"if","locations":[{"start":{"line":72,"column":0},"end":{"line":75,"column":null}},{"start":{"line":72,"column":0},"end":{"line":75,"column":null}}]}},"s":{"0":3,"1":0,"2":0,"3":0,"4":0,"5":0,"6":3,"7":3,"8":3},"f":{"0":3,"1":0,"2":0,"3":3},"b":{"0":[0,0]}}
,"F:\\DavidWork\\Projects\\Symphonia-FE\\src\\components\\User Settings\\changePass.vue": {"path":"F:\\DavidWork\\Projects\\Symphonia-FE\\src\\components\\User Settings\\changePass.vue","statementMap":{"0":{"start":{"line":67,"column":0},"end":{"line":67,"column":null}},"1":{"start":{"line":68,"column":0},"end":{"line":68,"column":null}},"2":{"start":{"line":71,"column":0},"end":{"line":71,"column":null}},"3":{"start":{"line":97,"column":0},"end":{"line":97,"column":null}},"4":{"start":{"line":98,"column":0},"end":{"line":98,"column":null}},"5":{"start":{"line":99,"column":0},"end":{"line":99,"column":null}},"6":{"start":{"line":100,"column":0},"end":{"line":100,"column":null}},"7":{"start":{"line":102,"column":0},"end":{"line":104,"column":null}},"8":{"start":{"line":103,"column":0},"end":{"line":103,"column":null}},"9":{"start":{"line":105,"column":0},"end":{"line":107,"column":null}},"10":{"start":{"line":106,"column":0},"end":{"line":106,"column":null}},"11":{"start":{"line":108,"column":0},"end":{"line":110,"column":null}},"12":{"start":{"line":109,"column":0},"end":{"line":109,"column":null}},"13":{"start":{"line":112,"column":0},"end":{"line":114,"column":null}},"14":{"start":{"line":113,"column":0},"end":{"line":113,"column":null}},"15":{"start":{"line":116,"column":0},"end":{"line":123,"column":null}},"16":{"start":{"line":122,"column":0},"end":{"line":122,"column":null}},"17":{"start":{"line":134,"column":0},"end":{"line":146,"column":null}},"18":{"start":{"line":142,"column":0},"end":{"line":142,"column":null}},"19":{"start":{"line":145,"column":0},"end":{"line":145,"column":null}}},"fnMap":{"0":{"name":"(anonymous_1)","decl":{"start":{"line":70,"column":0},"end":{"line":70,"column":null}},"loc":{"start":{"line":70,"column":0},"end":{"line":89,"column":null}}},"1":{"name":"(anonymous_2)","decl":{"start":{"line":95,"column":0},"end":{"line":95,"column":null}},"loc":{"start":{"line":95,"column":0},"end":{"line":124,"column":null}}},"2":{"name":"(anonymous_3)","decl":{"start":{"line":133,"column":0},"end":{"line":133,"column":null}},"loc":{"start":{"line":133,"column":0},"end":{"line":147,"column":null}}},"3":{"name":"(anonymous_4)","decl":{"start":{"line":135,"column":0},"end":{"line":135,"column":null}},"loc":{"start":{"line":135,"column":0},"end":{"line":143,"column":null}}},"4":{"name":"(anonymous_5)","decl":{"start":{"line":143,"column":0},"end":{"line":143,"column":null}},"loc":{"start":{"line":143,"column":0},"end":{"line":146,"column":null}}}},"branchMap":{"0":{"loc":{"start":{"line":102,"column":0},"end":{"line":104,"column":null}},"type":"if","locations":[{"start":{"line":102,"column":0},"end":{"line":104,"column":null}},{"start":{"line":102,"column":0},"end":{"line":104,"column":null}}]},"1":{"loc":{"start":{"line":105,"column":0},"end":{"line":107,"column":null}},"type":"if","locations":[{"start":{"line":105,"column":0},"end":{"line":107,"column":null}},{"start":{"line":105,"column":0},"end":{"line":107,"column":null}}]},"2":{"loc":{"start":{"line":108,"column":0},"end":{"line":110,"column":null}},"type":"if","locations":[{"start":{"line":108,"column":0},"end":{"line":110,"column":null}},{"start":{"line":108,"column":0},"end":{"line":110,"column":null}}]},"3":{"loc":{"start":{"line":112,"column":0},"end":{"line":114,"column":null}},"type":"if","locations":[{"start":{"line":112,"column":0},"end":{"line":114,"column":null}},{"start":{"line":112,"column":0},"end":{"line":114,"column":null}}]},"4":{"loc":{"start":{"line":116,"column":0},"end":{"line":123,"column":null}},"type":"if","locations":[{"start":{"line":116,"column":0},"end":{"line":123,"column":null}},{"start":{"line":116,"column":0},"end":{"line":123,"column":null}}]},"5":{"loc":{"start":{"line":116,"column":0},"end":{"line":116,"column":null}},"type":"binary-expr","locations":[{"start":{"line":116,"column":0},"end":{"line":116,"column":null}},{"start":{"line":116,"column":0},"end":{"line":116,"column":null}},{"start":{"line":116,"column":0},"end":{"line":116,"column":null}},{"start":{"line":116,"column":0},"end":{"line":116,"column":null}}]}},"s":{"0":0,"1":0,"2":0,"3":0,"4":0,"5":0,"6":0,"7":0,"8":0,"9":0,"10":0,"11":0,"12":0,"13":0,"14":0,"15":0,"16":0,"17":0,"18":0,"19":0},"f":{"0":0,"1":0,"2":0,"3":0,"4":0},"b":{"0":[0,0],"1":[0,0],"2":[0,0],"3":[0,0],"4":[0,0],"5":[0,0,0,0]}}
,"F:\\DavidWork\\Projects\\Symphonia-FE\\src\\components\\User Settings\\editProfile.vue": {"path":"F:\\DavidWork\\Projects\\Symphonia-FE\\src\\components\\User Settings\\editProfile.vue","statementMap":{"0":{"start":{"line":116,"column":0},"end":{"line":116,"column":null}},"1":{"start":{"line":119,"column":0},"end":{"line":119,"column":null}},"2":{"start":{"line":146,"column":0},"end":{"line":146,"column":null}},"3":{"start":{"line":148,"column":0},"end":{"line":186,"column":null}},"4":{"start":{"line":152,"column":0},"end":{"line":152,"column":null}},"5":{"start":{"line":153,"column":0},"end":{"line":153,"column":null}},"6":{"start":{"line":154,"column":0},"end":{"line":154,"column":null}},"7":{"start":{"line":155,"column":0},"end":{"line":155,"column":null}},"8":{"start":{"line":159,"column":0},"end":{"line":159,"column":null}},"9":{"start":{"line":163,"column":0},"end":{"line":163,"column":null}},"10":{"start":{"line":164,"column":0},"end":{"line":164,"column":null}},"11":{"start":{"line":165,"column":0},"end":{"line":171,"column":null}},"12":{"start":{"line":165,"column":0},"end":{"line":165,"column":null}},"13":{"start":{"line":166,"column":0},"end":{"line":166,"column":null}},"14":{"start":{"line":170,"column":0},"end":{"line":170,"column":null}},"15":{"start":{"line":172,"column":0},"end":{"line":178,"column":null}},"16":{"start":{"line":172,"column":0},"end":{"line":172,"column":null}},"17":{"start":{"line":173,"column":0},"end":{"line":173,"column":null}},"18":{"start":{"line":177,"column":0},"end":{"line":177,"column":null}},"19":{"start":{"line":179,"column":0},"end":{"line":185,"column":null}},"20":{"start":{"line":179,"column":0},"end":{"line":179,"column":null}},"21":{"start":{"line":180,"column":0},"end":{"line":180,"column":null}},"22":{"start":{"line":184,"column":0},"end":{"line":184,"column":null}},"23":{"start":{"line":186,"column":0},"end":{"line":186,"column":null}},"24":{"start":{"line":192,"column":0},"end":{"line":196,"column":null}},"25":{"start":{"line":193,"column":0},"end":{"line":193,"column":null}},"26":{"start":{"line":195,"column":0},"end":{"line":195,"column":null}},"27":{"start":{"line":202,"column":0},"end":{"line":202,"column":null}},"28":{"start":{"line":206,"column":0},"end":{"line":206,"column":null}},"29":{"start":{"line":210,"column":0},"end":{"line":210,"column":null}},"30":{"start":{"line":213,"column":0},"end":{"line":213,"column":null}},"31":{"start":{"line":214,"column":0},"end":{"line":227,"column":null}},"32":{"start":{"line":223,"column":0},"end":{"line":223,"column":null}},"33":{"start":{"line":226,"column":0},"end":{"line":226,"column":null}}},"fnMap":{"0":{"name":"(anonymous_1)","decl":{"start":{"line":118,"column":0},"end":{"line":118,"column":null}},"loc":{"start":{"line":118,"column":0},"end":{"line":139,"column":null}}},"1":{"name":"(anonymous_2)","decl":{"start":{"line":144,"column":0},"end":{"line":144,"column":null}},"loc":{"start":{"line":144,"column":0},"end":{"line":188,"column":null}}},"2":{"name":"(anonymous_3)","decl":{"start":{"line":148,"column":0},"end":{"line":148,"column":null}},"loc":{"start":{"line":148,"column":0},"end":{"line":186,"column":null}}},"3":{"name":"(anonymous_4)","decl":{"start":{"line":186,"column":0},"end":{"line":186,"column":null}},"loc":{"start":{"line":186,"column":0},"end":{"line":186,"column":null}}},"4":{"name":"(anonymous_5)","decl":{"start":{"line":191,"column":0},"end":{"line":191,"column":null}},"loc":{"start":{"line":191,"column":0},"end":{"line":197,"column":null}}},"5":{"name":"(anonymous_6)","decl":{"start":{"line":201,"column":0},"end":{"line":201,"column":null}},"loc":{"start":{"line":201,"column":0},"end":{"line":211,"column":null}}},"6":{"name":"(anonymous_7)","decl":{"start":{"line":212,"column":0},"end":{"line":212,"column":null}},"loc":{"start":{"line":212,"column":0},"end":{"line":228,"column":null}}},"7":{"name":"(anonymous_8)","decl":{"start":{"line":215,"column":0},"end":{"line":215,"column":null}},"loc":{"start":{"line":215,"column":0},"end":{"line":224,"column":null}}},"8":{"name":"(anonymous_9)","decl":{"start":{"line":224,"column":0},"end":{"line":224,"column":null}},"loc":{"start":{"line":224,"column":0},"end":{"line":227,"column":null}}}},"branchMap":{"0":{"loc":{"start":{"line":168,"column":0},"end":{"line":168,"column":null}},"type":"cond-expr","locations":[{"start":{"line":168,"column":0},"end":{"line":168,"column":null}},{"start":{"line":168,"column":0},"end":{"line":168,"column":null}}]},"1":{"loc":{"start":{"line":175,"column":0},"end":{"line":175,"column":null}},"type":"cond-expr","locations":[{"start":{"line":175,"column":0},"end":{"line":175,"column":null}},{"start":{"line":175,"column":0},"end":{"line":175,"column":null}}]},"2":{"loc":{"start":{"line":182,"column":0},"end":{"line":182,"column":null}},"type":"cond-expr","locations":[{"start":{"line":182,"column":0},"end":{"line":182,"column":null}},{"start":{"line":182,"column":0},"end":{"line":182,"column":null}}]},"3":{"loc":{"start":{"line":192,"column":0},"end":{"line":196,"column":null}},"type":"if","locations":[{"start":{"line":192,"column":0},"end":{"line":196,"column":null}},{"start":{"line":192,"column":0},"end":{"line":196,"column":null}}]},"4":{"loc":{"start":{"line":202,"column":0},"end":{"line":202,"column":null}},"type":"cond-expr","locations":[{"start":{"line":202,"column":0},"end":{"line":202,"column":null}},{"start":{"line":202,"column":0},"end":{"line":202,"column":null}}]},"5":{"loc":{"start":{"line":206,"column":0},"end":{"line":206,"column":null}},"type":"cond-expr","locations":[{"start":{"line":206,"column":0},"end":{"line":206,"column":null}},{"start":{"line":206,"column":0},"end":{"line":206,"column":null}}]}},"s":{"0":0,"1":0,"2":0,"3":0,"4":0,"5":0,"6":0,"7":0,"8":0,"9":0,"10":0,"11":0,"12":0,"13":0,"14":0,"15":0,"16":0,"17":0,"18":0,"19":0,"20":0,"21":0,"22":0,"23":0,"24":0,"25":0,"26":0,"27":0,"28":0,"29":0,"30":0,"31":0,"32":0,"33":0},"f":{"0":0,"1":0,"2":0,"3":0,"4":0,"5":0,"6":0,"7":0,"8":0},"b":{"0":[0,0],"1":[0,0],"2":[0,0],"3":[0,0],"4":[0,0],"5":[0,0]}}
,"F:\\DavidWork\\Projects\\Symphonia-FE\\src\\components\\User Settings\\notification.vue": {"path":"F:\\DavidWork\\Projects\\Symphonia-FE\\src\\components\\User Settings\\notification.vue","statementMap":{"0":{"start":{"line":218,"column":0},"end":{"line":218,"column":null}},"1":{"start":{"line":221,"column":0},"end":{"line":221,"column":null}},"2":{"start":{"line":238,"column":0},"end":{"line":238,"column":null}}},"fnMap":{"0":{"name":"(anonymous_1)","decl":{"start":{"line":220,"column":0},"end":{"line":220,"column":null}},"loc":{"start":{"line":220,"column":0},"end":{"line":232,"column":null}}},"1":{"name":"(anonymous_2)","decl":{"start":{"line":237,"column":0},"end":{"line":237,"column":null}},"loc":{"start":{"line":237,"column":0},"end":{"line":239,"column":null}}}},"branchMap":{},"s":{"0":0,"1":0,"2":0},"f":{"0":0,"1":0},"b":{}}
,"F:\\DavidWork\\Projects\\Symphonia-FE\\src\\components\\User Settings\\overview.vue": {"path":"F:\\DavidWork\\Projects\\Symphonia-FE\\src\\components\\User Settings\\overview.vue","statementMap":{"0":{"start":{"line":131,"column":0},"end":{"line":131,"column":null}},"1":{"start":{"line":135,"column":0},"end":{"line":135,"column":null}},"2":{"start":{"line":152,"column":0},"end":{"line":158,"column":null}},"3":{"start":{"line":156,"column":0},"end":{"line":156,"column":null}},"4":{"start":{"line":157,"column":0},"end":{"line":157,"column":null}}},"fnMap":{"0":{"name":"(anonymous_1)","decl":{"start":{"line":134,"column":0},"end":{"line":134,"column":null}},"loc":{"start":{"line":134,"column":0},"end":{"line":139,"column":null}}},"1":{"name":"(anonymous_2)","decl":{"start":{"line":150,"column":0},"end":{"line":150,"column":null}},"loc":{"start":{"line":150,"column":0},"end":{"line":160,"column":null}}},"2":{"name":"(anonymous_3)","decl":{"start":{"line":152,"column":0},"end":{"line":152,"column":null}},"loc":{"start":{"line":152,"column":0},"end":{"line":158,"column":null}}}},"branchMap":{},"s":{"0":1,"1":3,"2":3,"3":3,"4":3},"f":{"0":3,"1":3,"2":3},"b":{}}
,"F:\\DavidWork\\Projects\\Symphonia-FE\\src\\components\\User Settings\\recoverPlaylist.vue": {"path":"F:\\DavidWork\\Projects\\Symphonia-FE\\src\\components\\User Settings\\recoverPlaylist.vue","statementMap":{"0":{"start":{"line":52,"column":0},"end":{"line":52,"column":null}},"1":{"start":{"line":55,"column":0},"end":{"line":55,"column":null}},"2":{"start":{"line":74,"column":0},"end":{"line":74,"column":null}}},"fnMap":{"0":{"name":"(anonymous_1)","decl":{"start":{"line":54,"column":0},"end":{"line":54,"column":null}},"loc":{"start":{"line":54,"column":0},"end":{"line":68,"column":null}}},"1":{"name":"(anonymous_2)","decl":{"start":{"line":73,"column":0},"end":{"line":73,"column":null}},"loc":{"start":{"line":73,"column":0},"end":{"line":75,"column":null}}}},"branchMap":{},"s":{"0":0,"1":0,"2":0},"f":{"0":0,"1":0},"b":{}}
,"F:\\DavidWork\\Projects\\Symphonia-FE\\src\\components\\User Settings\\sideBar.vue": {"path":"F:\\DavidWork\\Projects\\Symphonia-FE\\src\\components\\User Settings\\sideBar.vue","statementMap":{"0":{"start":{"line":48,"column":0},"end":{"line":48,"column":null}}},"fnMap":{"0":{"name":"(anonymous_1)","decl":{"start":{"line":47,"column":0},"end":{"line":47,"column":null}},"loc":{"start":{"line":47,"column":0},"end":{"line":49,"column":null}}}},"branchMap":{},"s":{"0":0},"f":{"0":0},"b":{}}
,"F:\\DavidWork\\Projects\\Symphonia-FE\\src\\components\\WebplayerContent\\HomeContentLogin.vue": {"path":"F:\\DavidWork\\Projects\\Symphonia-FE\\src\\components\\WebplayerContent\\HomeContentLogin.vue","statementMap":{"0":{"start":{"line":18,"column":0},"end":{"line":18,"column":null}},"1":{"start":{"line":19,"column":0},"end":{"line":19,"column":null}},"2":{"start":{"line":20,"column":0},"end":{"line":20,"column":null}},"3":{"start":{"line":30,"column":0},"end":{"line":30,"column":null}},"4":{"start":{"line":33,"column":0},"end":{"line":33,"column":null}}},"fnMap":{"0":{"name":"(anonymous_1)","decl":{"start":{"line":29,"column":0},"end":{"line":29,"column":null}},"loc":{"start":{"line":29,"column":0},"end":{"line":34,"column":null}}}},"branchMap":{},"s":{"0":0,"1":0,"2":0,"3":0,"4":0},"f":{"0":0},"b":{}}
,"F:\\DavidWork\\Projects\\Symphonia-FE\\src\\components\\WebplayerContent\\HomeContentLogout.vue": {"path":"F:\\DavidWork\\Projects\\Symphonia-FE\\src\\components\\WebplayerContent\\HomeContentLogout.vue","statementMap":{"0":{"start":{"line":18,"column":0},"end":{"line":18,"column":null}},"1":{"start":{"line":19,"column":0},"end":{"line":19,"column":null}},"2":{"start":{"line":29,"column":0},"end":{"line":29,"column":null}}},"fnMap":{"0":{"name":"(anonymous_1)","decl":{"start":{"line":28,"column":0},"end":{"line":28,"column":null}},"loc":{"start":{"line":28,"column":0},"end":{"line":30,"column":null}}}},"branchMap":{},"s":{"0":0,"1":0,"2":0},"f":{"0":0},"b":{}}
,"F:\\DavidWork\\Projects\\Symphonia-FE\\src\\components\\WebplayerContent\\HomeContentRouter.vue": {"path":"F:\\DavidWork\\Projects\\Symphonia-FE\\src\\components\\WebplayerContent\\HomeContentRouter.vue","statementMap":{"0":{"start":{"line":9,"column":0},"end":{"line":9,"column":null}},"1":{"start":{"line":10,"column":0},"end":{"line":10,"column":null}}},"fnMap":{},"branchMap":{},"s":{"0":0,"1":0},"f":{},"b":{}}
,"F:\\DavidWork\\Projects\\Symphonia-FE\\src\\components\\WebplayerContent\\Library.vue": {"path":"F:\\DavidWork\\Projects\\Symphonia-FE\\src\\components\\WebplayerContent\\Library.vue","statementMap":{"0":{"start":{"line":10,"column":0},"end":{"line":10,"column":null}},"1":{"start":{"line":17,"column":0},"end":{"line":20,"column":null}},"2":{"start":{"line":18,"column":0},"end":{"line":18,"column":null}},"3":{"start":{"line":19,"column":0},"end":{"line":19,"column":null}}},"fnMap":{"0":{"name":"(anonymous_1)","decl":{"start":{"line":16,"column":0},"end":{"line":16,"column":null}},"loc":{"start":{"line":16,"column":0},"end":{"line":21,"column":null}}}},"branchMap":{"0":{"loc":{"start":{"line":17,"column":0},"end":{"line":20,"column":null}},"type":"if","locations":[{"start":{"line":17,"column":0},"end":{"line":20,"column":null}},{"start":{"line":17,"column":0},"end":{"line":20,"column":null}}]}},"s":{"0":0,"1":0,"2":0,"3":0},"f":{"0":0},"b":{"0":[0,0]}}
,"F:\\DavidWork\\Projects\\Symphonia-FE\\src\\components\\WebplayerLayout\\WebNavBar.vue": {"path":"F:\\DavidWork\\Projects\\Symphonia-FE\\src\\components\\WebplayerLayout\\WebNavBar.vue","statementMap":{"0":{"start":{"line":183,"column":0},"end":{"line":183,"column":null}},"1":{"start":{"line":191,"column":0},"end":{"line":191,"column":null}},"2":{"start":{"line":204,"column":0},"end":{"line":204,"column":null}},"3":{"start":{"line":205,"column":0},"end":{"line":205,"column":null}},"4":{"start":{"line":209,"column":0},"end":{"line":209,"column":null}},"5":{"start":{"line":210,"column":0},"end":{"line":210,"column":null}},"6":{"start":{"line":222,"column":0},"end":{"line":222,"column":null}},"7":{"start":{"line":230,"column":0},"end":{"line":230,"column":null}},"8":{"start":{"line":238,"column":0},"end":{"line":254,"column":null}},"9":{"start":{"line":239,"column":0},"end":{"line":239,"column":null}},"10":{"start":{"line":240,"column":0},"end":{"line":240,"column":null}},"11":{"start":{"line":241,"column":0},"end":{"line":241,"column":null}},"12":{"start":{"line":242,"column":0},"end":{"line":254,"column":null}},"13":{"start":{"line":247,"column":0},"end":{"line":247,"column":null}},"14":{"start":{"line":248,"column":0},"end":{"line":248,"column":null}},"15":{"start":{"line":249,"column":0},"end":{"line":249,"column":null}},"16":{"start":{"line":251,"column":0},"end":{"line":251,"column":null}},"17":{"start":{"line":252,"column":0},"end":{"line":252,"column":null}},"18":{"start":{"line":253,"column":0},"end":{"line":253,"column":null}},"19":{"start":{"line":262,"column":0},"end":{"line":271,"column":null}},"20":{"start":{"line":263,"column":0},"end":{"line":263,"column":null}},"21":{"start":{"line":264,"column":0},"end":{"line":264,"column":null}},"22":{"start":{"line":265,"column":0},"end":{"line":271,"column":null}},"23":{"start":{"line":266,"column":0},"end":{"line":266,"column":null}},"24":{"start":{"line":267,"column":0},"end":{"line":267,"column":null}},"25":{"start":{"line":269,"column":0},"end":{"line":269,"column":null}},"26":{"start":{"line":270,"column":0},"end":{"line":270,"column":null}},"27":{"start":{"line":279,"column":0},"end":{"line":279,"column":null}},"28":{"start":{"line":280,"column":0},"end":{"line":280,"column":null}},"29":{"start":{"line":283,"column":0},"end":{"line":283,"column":null}},"30":{"start":{"line":291,"column":0},"end":{"line":291,"column":null}},"31":{"start":{"line":292,"column":0},"end":{"line":292,"column":null}},"32":{"start":{"line":300,"column":0},"end":{"line":300,"column":null}},"33":{"start":{"line":301,"column":0},"end":{"line":301,"column":null}},"34":{"start":{"line":302,"column":0},"end":{"line":302,"column":null}},"35":{"start":{"line":306,"column":0},"end":{"line":306,"column":null}},"36":{"start":{"line":307,"column":0},"end":{"line":307,"column":null}},"37":{"start":{"line":311,"column":0},"end":{"line":311,"column":null}}},"fnMap":{"0":{"name":"(anonymous_1)","decl":{"start":{"line":190,"column":0},"end":{"line":190,"column":null}},"loc":{"start":{"line":190,"column":0},"end":{"line":202,"column":null}}},"1":{"name":"(anonymous_2)","decl":{"start":{"line":203,"column":0},"end":{"line":203,"column":null}},"loc":{"start":{"line":203,"column":0},"end":{"line":206,"column":null}}},"2":{"name":"(anonymous_3)","decl":{"start":{"line":208,"column":0},"end":{"line":208,"column":null}},"loc":{"start":{"line":208,"column":0},"end":{"line":211,"column":null}}},"3":{"name":"(anonymous_4)","decl":{"start":{"line":220,"column":0},"end":{"line":220,"column":null}},"loc":{"start":{"line":220,"column":0},"end":{"line":223,"column":null}}},"4":{"name":"(anonymous_5)","decl":{"start":{"line":229,"column":0},"end":{"line":229,"column":null}},"loc":{"start":{"line":229,"column":0},"end":{"line":231,"column":null}}},"5":{"name":"(anonymous_6)","decl":{"start":{"line":237,"column":0},"end":{"line":237,"column":null}},"loc":{"start":{"line":237,"column":0},"end":{"line":255,"column":null}}},"6":{"name":"(anonymous_7)","decl":{"start":{"line":261,"column":0},"end":{"line":261,"column":null}},"loc":{"start":{"line":261,"column":0},"end":{"line":272,"column":null}}},"7":{"name":"(anonymous_8)","decl":{"start":{"line":278,"column":0},"end":{"line":278,"column":null}},"loc":{"start":{"line":278,"column":0},"end":{"line":284,"column":null}}},"8":{"name":"(anonymous_9)","decl":{"start":{"line":290,"column":0},"end":{"line":290,"column":null}},"loc":{"start":{"line":290,"column":0},"end":{"line":293,"column":null}}},"9":{"name":"(anonymous_10)","decl":{"start":{"line":299,"column":0},"end":{"line":299,"column":null}},"loc":{"start":{"line":299,"column":0},"end":{"line":303,"column":null}}},"10":{"name":"(anonymous_11)","decl":{"start":{"line":305,"column":0},"end":{"line":305,"column":null}},"loc":{"start":{"line":305,"column":0},"end":{"line":308,"column":null}}},"11":{"name":"(anonymous_12)","decl":{"start":{"line":310,"column":0},"end":{"line":310,"column":null}},"loc":{"start":{"line":310,"column":0},"end":{"line":312,"column":null}}}},"branchMap":{"0":{"loc":{"start":{"line":238,"column":0},"end":{"line":254,"column":null}},"type":"if","locations":[{"start":{"line":238,"column":0},"end":{"line":254,"column":null}},{"start":{"line":238,"column":0},"end":{"line":254,"column":null}}]},"1":{"loc":{"start":{"line":242,"column":0},"end":{"line":254,"column":null}},"type":"if","locations":[{"start":{"line":242,"column":0},"end":{"line":254,"column":null}},{"start":{"line":242,"column":0},"end":{"line":254,"column":null}}]},"2":{"loc":{"start":{"line":242,"column":0},"end":{"line":242,"column":null}},"type":"binary-expr","locations":[{"start":{"line":242,"column":0},"end":{"line":242,"column":null}},{"start":{"line":242,"column":0},"end":{"line":242,"column":null}},{"start":{"line":242,"column":0},"end":{"line":242,"column":null}}]},"3":{"loc":{"start":{"line":262,"column":0},"end":{"line":271,"column":null}},"type":"if","locations":[{"start":{"line":262,"column":0},"end":{"line":271,"column":null}},{"start":{"line":262,"column":0},"end":{"line":271,"column":null}}]},"4":{"loc":{"start":{"line":265,"column":0},"end":{"line":271,"column":null}},"type":"if","locations":[{"start":{"line":265,"column":0},"end":{"line":271,"column":null}},{"start":{"line":265,"column":0},"end":{"line":271,"column":null}}]}},"s":{"0":0,"1":0,"2":0,"3":0,"4":0,"5":0,"6":0,"7":0,"8":0,"9":0,"10":0,"11":0,"12":0,"13":0,"14":0,"15":0,"16":0,"17":0,"18":0,"19":0,"20":0,"21":0,"22":0,"23":0,"24":0,"25":0,"26":0,"27":0,"28":0,"29":0,"30":0,"31":0,"32":0,"33":0,"34":0,"35":0,"36":0,"37":0},"f":{"0":0,"1":0,"2":0,"3":0,"4":0,"5":0,"6":0,"7":0,"8":0,"9":0,"10":0,"11":0},"b":{"0":[0,0],"1":[0,0],"2":[0,0,0],"3":[0,0],"4":[0,0]}}
,"F:\\DavidWork\\Projects\\Symphonia-FE\\src\\components\\WebplayerLayout\\WebNavDrawer.vue": {"path":"F:\\DavidWork\\Projects\\Symphonia-FE\\src\\components\\WebplayerLayout\\WebNavDrawer.vue","statementMap":{"0":{"start":{"line":97,"column":0},"end":{"line":97,"column":null}},"1":{"start":{"line":98,"column":0},"end":{"line":98,"column":null}},"2":{"start":{"line":99,"column":0},"end":{"line":99,"column":null}},"3":{"start":{"line":115,"column":0},"end":{"line":115,"column":null}},"4":{"start":{"line":119,"column":0},"end":{"line":119,"column":null}},"5":{"start":{"line":122,"column":0},"end":{"line":122,"column":null}}},"fnMap":{"0":{"name":"(anonymous_1)","decl":{"start":{"line":114,"column":0},"end":{"line":114,"column":null}},"loc":{"start":{"line":114,"column":0},"end":{"line":116,"column":null}}},"1":{"name":"(anonymous_2)","decl":{"start":{"line":119,"column":0},"end":{"line":119,"column":null}},"loc":{"start":{"line":119,"column":0},"end":{"line":119,"column":null}}},"2":{"name":"(anonymous_3)","decl":{"start":{"line":121,"column":0},"end":{"line":121,"column":null}},"loc":{"start":{"line":121,"column":0},"end":{"line":141,"column":null}}}},"branchMap":{},"s":{"0":0,"1":0,"2":0,"3":0,"4":0,"5":0},"f":{"0":0,"1":0,"2":0},"b":{}}
,"F:\\DavidWork\\Projects\\Symphonia-FE\\src\\components\\artistUI\\ArtistUI.vue": {"path":"F:\\DavidWork\\Projects\\Symphonia-FE\\src\\components\\artistUI\\ArtistUI.vue","statementMap":{"0":{"start":{"line":36,"column":0},"end":{"line":36,"column":null}},"1":{"start":{"line":37,"column":0},"end":{"line":37,"column":null}},"2":{"start":{"line":45,"column":0},"end":{"line":52,"column":null}},"3":{"start":{"line":46,"column":0},"end":{"line":46,"column":null}},"4":{"start":{"line":51,"column":0},"end":{"line":51,"column":null}},"5":{"start":{"line":56,"column":0},"end":{"line":56,"column":null}},"6":{"start":{"line":60,"column":0},"end":{"line":60,"column":null}}},"fnMap":{"0":{"name":"(anonymous_1)","decl":{"start":{"line":44,"column":0},"end":{"line":44,"column":null}},"loc":{"start":{"line":44,"column":0},"end":{"line":53,"column":null}}},"1":{"name":"(anonymous_2)","decl":{"start":{"line":55,"column":0},"end":{"line":55,"column":null}},"loc":{"start":{"line":55,"column":0},"end":{"line":57,"column":null}}},"2":{"name":"(anonymous_3)","decl":{"start":{"line":59,"column":0},"end":{"line":59,"column":null}},"loc":{"start":{"line":59,"column":0},"end":{"line":63,"column":null}}}},"branchMap":{},"s":{"0":0,"1":0,"2":0,"3":0,"4":0,"5":0,"6":0},"f":{"0":0,"1":0,"2":0},"b":{}}
,"F:\\DavidWork\\Projects\\Symphonia-FE\\src\\components\\artistUI\\Overview.vue": {"path":"F:\\DavidWork\\Projects\\Symphonia-FE\\src\\components\\artistUI\\Overview.vue","statementMap":{"0":{"start":{"line":42,"column":0},"end":{"line":42,"column":null}},"1":{"start":{"line":43,"column":0},"end":{"line":43,"column":null}},"2":{"start":{"line":44,"column":0},"end":{"line":44,"column":null}},"3":{"start":{"line":70,"column":0},"end":{"line":70,"column":null}},"4":{"start":{"line":71,"column":0},"end":{"line":83,"column":null}},"5":{"start":{"line":72,"column":0},"end":{"line":72,"column":null}},"6":{"start":{"line":73,"column":0},"end":{"line":73,"column":null}},"7":{"start":{"line":74,"column":0},"end":{"line":83,"column":null}},"8":{"start":{"line":75,"column":0},"end":{"line":75,"column":null}},"9":{"start":{"line":76,"column":0},"end":{"line":76,"column":null}},"10":{"start":{"line":77,"column":0},"end":{"line":83,"column":null}},"11":{"start":{"line":78,"column":0},"end":{"line":78,"column":null}},"12":{"start":{"line":79,"column":0},"end":{"line":79,"column":null}},"13":{"start":{"line":80,"column":0},"end":{"line":83,"column":null}},"14":{"start":{"line":81,"column":0},"end":{"line":81,"column":null}},"15":{"start":{"line":82,"column":0},"end":{"line":82,"column":null}},"16":{"start":{"line":87,"column":0},"end":{"line":87,"column":null}},"17":{"start":{"line":163,"column":0},"end":{"line":163,"column":null}},"18":{"start":{"line":164,"column":0},"end":{"line":187,"column":null}},"19":{"start":{"line":165,"column":0},"end":{"line":165,"column":null}},"20":{"start":{"line":169,"column":0},"end":{"line":169,"column":null}},"21":{"start":{"line":173,"column":0},"end":{"line":173,"column":null}},"22":{"start":{"line":177,"column":0},"end":{"line":177,"column":null}},"23":{"start":{"line":182,"column":0},"end":{"line":182,"column":null}},"24":{"start":{"line":185,"column":0},"end":{"line":185,"column":null}},"25":{"start":{"line":186,"column":0},"end":{"line":186,"column":null}},"26":{"start":{"line":191,"column":0},"end":{"line":191,"column":null}},"27":{"start":{"line":195,"column":0},"end":{"line":195,"column":null}}},"fnMap":{"0":{"name":"(anonymous_1)","decl":{"start":{"line":69,"column":0},"end":{"line":69,"column":null}},"loc":{"start":{"line":69,"column":0},"end":{"line":84,"column":null}}},"1":{"name":"(anonymous_2)","decl":{"start":{"line":86,"column":0},"end":{"line":86,"column":null}},"loc":{"start":{"line":86,"column":0},"end":{"line":160,"column":null}}},"2":{"name":"(anonymous_3)","decl":{"start":{"line":162,"column":0},"end":{"line":162,"column":null}},"loc":{"start":{"line":162,"column":0},"end":{"line":188,"column":null}}},"3":{"name":"(anonymous_4)","decl":{"start":{"line":190,"column":0},"
[...]
,"F:\\DavidWork\\Projects\\Symphonia-FE\\src\\views\\PremiumOffer.vue": {"path":"F:\\DavidWork\\Projects\\Symphonia-FE\\src\\views\\PremiumOffer.vue","statementMap":{"0":{"start":{"line":10,"column":0},"end":{"line":10,"column":null}},"1":{"start":{"line":11,"column":0},"end":{"line":11,"column":null}},"2":{"start":{"line":12,"column":0},"end":{"line":12,"column":null}}},"fnMap":{},"branchMap":{},"s":{"0":0,"1":0,"2":0},"f":{},"b":{}}
,"F:\\DavidWork\\Projects\\Symphonia-FE\\src\\views\\SignUp.vue": {"path":"F:\\DavidWork\\Projects\\Symphonia-FE\\src\\views\\SignUp.vue","statementMap":{"0":{"start":{"line":234,"column":0},"end":{"line":234,"column":null}},"1":{"start":{"line":235,"column":0},"end":{"line":235,"column":null}},"2":{"start":{"line":242,"column":0},"end":{"line":242,"column":null}},"3":{"start":{"line":260,"column":0},"end":{"line":260,"column":null}},"4":{"start":{"line":264,"column":0},"end":{"line":264,"column":null}},"5":{"start":{"line":268,"column":0},"end":{"line":268,"column":null}},"6":{"start":{"line":271,"column":0},"end":{"line":271,"column":null}},"7":{"start":{"line":276,"column":0},"end":{"line":276,"column":null}},"8":{"start":{"line":277,"column":0},"end":{"line":277,"column":null}},"9":{"start":{"line":278,"column":0},"end":{"line":278,"column":null}},"10":{"start":{"line":279,"column":0},"end":{"line":279,"column":null}},"11":{"start":{"line":306,"column":0},"end":{"line":306,"column":null}},"12":{"start":{"line":320,"column":0},"end":{"line":322,"column":null}},"13":{"start":{"line":321,"column":0},"end":{"line":321,"column":null}},"14":{"start":{"line":323,"column":0},"end":{"line":333,"column":null}},"15":{"start":{"line":324,"column":0},"end":{"line":324,"column":null}},"16":{"start":{"line":329,"column":0},"end":{"line":329,"column":null}},"17":{"start":{"line":339,"column":0},"end":{"line":341,"column":null}},"18":{"start":{"line":340,"column":0},"end":{"line":340,"column":null}},"19":{"start":{"line":350,"column":0},"end":{"line":358,"column":null}},"20":{"start":{"line":351,"column":0},"end":{"line":357,"column":null}},"21":{"start":{"line":352,"column":0},"end":{"line":352,"column":null}},"22":{"start":{"line":354,"column":0},"end":{"line":354,"column":null}},"23":{"start":{"line":368,"column":0},"end":{"line":368,"column":null}},"24":{"start":{"line":369,"column":0},"end":{"line":369,"column":null}},"25":{"start":{"line":370,"column":0},"end":{"line":393,"column":null}},"26":{"start":{"line":375,"column":0},"end":{"line":375,"column":null}},"27":{"start":{"line":377,"column":0},"end":{"line":392,"column":null}},"28":{"start":{"line":380,"column":0},"end":{"line":380,"column":null}},"29":{"start":{"line":384,"column":0},"end":{"line":390,"column":null}},"30":{"start":{"line":385,"column":0},"end":{"line":385,"column":null}},"31":{"start":{"line":386,"column":0},"end":{"line":386,"column":null}},"32":{"start":{"line":387,"column":0},"end":{"line":390,"column":null}},"33":{"start":{"line":388,"column":0},"end":{"line":388,"column":null}},"34":{"start":{"line":389,"column":0},"end":{"line":389,"column":null}}},"fnMap":{"0":{"name":"(anonymous_1)","decl":{"start":{"line":241,"column":0},"end":{"line":241,"column":null}},"loc":{"start":{"line":241,"column":0},"end":{"line":299,"column":null}}},"1":{"name":"(anonymous_2)","decl":{"start":{"line":260,"column":0},"end":{"line":260,"column":null}},"loc":{"start":{"line":260,"column":0},"end":{"line":260,"column":null}}},"2":{"name":"(anonymous_4)","decl":{"start":{"line":264,"column":0},"end":{"line":264,"column":null}},"loc":{"start":{"line":264,"column":0},"end":{"line":264,"column":null}}},"3":{"name":"(anonymous_6)","decl":{"start":{"line":268,"column":0},"end":{"line":268,"column":null}},"loc":{"start":{"line":268,"column":0},"end":{"line":268,"column":null}}},"4":{"name":"(anonymous_7)","decl":{"start":{"line":271,"column":0},"end":{"line":271,"column":null}},"loc":{"start":{"line":271,"column":0},"end":{"line":271,"column":null}}},"5":{"name":"(anonymous_9)","decl":{"start":{"line":276,"column":0},"end":{"line":276,"column":null}},"loc":{"start":{"line":276,"column":0},"end":{"line":276,"column":null}}},"6":{"name":"(anonymous_10)","decl":{"start":{"line":277,"column":0},"end":{"line":277,"column":null}},"loc":{"start":{"line":277,"column":0},"end":{"line":277,"column":null}}},"7":{"name":"(anonymous_11)","decl":{"start":{"line":278,"column":0},"end":{"line":278,"column":null}},"loc":{"start":{"line":278,"column":0},"end":{"line":278,"column":null}}},"8":{"name":"(anonymous_12)","decl":{"start":{"line":279,"column":0},"end":{"line":279,"column":null}},"loc":{"start":{"line":279,"column":0},"end":{"line":279,"column":null}}},"9":{"name":"(anonymous_13)","decl":{"start":{"line":305,"column":0},"end":{"line":305,"column":null}},"loc":{"start":{"line":305,"column":0},"end":{"line":313,"column":null}}},"10":{"name":"(anonymous_14)","decl":{"start":{"line":306,"column":0},"end":{"line":306,"column":null}},"loc":{"start":{"line":306,"column":0},"end":{"line":306,"column":null}}},"11":{"name":"(anonymous_16)","decl":{"start":{"line":317,"column":0},"end":{"line":317,"column":null}},"loc":{"start":{"line":317,"column":0},"end":{"line":334,"column":null}}},"12":{"name":"(anonymous_17)","decl":{"start":{"line":337,"column":0},"end":{"line":337,"column":null}},"loc":{"start":{"line":337,"column":0},"end":{"line":342,"column":null}}},"13":{"name":"(anonymous_18)","decl":{"start":{"line":349,"column":0},"end":{"line":349,"column":null}},"loc":{"start":{"line":349,"column":0},"end":{"line":359,"column":null}}},"14":{"name":"(anonymous_19)","decl":{"start":{"line":366,"column":0},"end":{"line":366,"column":null}},"loc":{"start":{"line":366,"column":0},"end":{"line":394,"column":null}}},"15":{"name":"(anonymous_20)","decl":{"start":{"line":377,"column":0},"end":{"line":377,"column":null}},"loc":{"start":{"line":377,"column":0},"end":{"line":381,"column":null}}}},"branchMap":{"0":{"loc":{"start":{"line":260,"column":0},"end":{"line":260,"column":null}},"type":"binary-expr","locations":[{"start":{"line":260,"column":0},"end":{"line":260,"column":null}},{"start":{"line":260,"column":0},"end":{"line":260,"column":null}}]},"1":{"loc":{"start":{"line":264,"column":0},"end":{"line":264,"column":null}},"type":"binary-expr","locations":[{"start":{"line":264,"column":0},"end":{"line":264,"column":null}},{"start":{"line":264,"column":0},"end":{"line":264,"column":null}}]},"2":{"loc":{"start":{"line":264,"column":0},"end":{"line":264,"column":null}},"type":"binary-expr","locations":[{"start":{"line":264,"column":0},"end":{"line":264,"column":null}},{"start":{"line":264,"column":0},"end":{"line":264,"column":null}},{"start":{"line":264,"column":0},"end":{"line":264,"column":null}}]},"3":{"loc":{"start":{"line":268,"column":0},"end":{"line":268,"column":null}},"type":"binary-expr","locations":[{"start":{"line":268,"column":0},"end":{"line":268,"column":null}},{"start":{"line":268,"column":0},"end":{"line":268,"column":null}},{"start":{"line":268,"column":0},"end":{"line":268,"column":null}}]},"4":{"loc":{"start":{"line":271,"column":0},"end":{"line":271,"column":null}},"type":"binary-expr","locations":[{"start":{"line":271,"column":0},"end":{"line":271,"column":null}},{"start":{"line":271,"column":0},"end":{"line":271,"column":null}}]},"5":{"loc":{"start":{"line":276,"column":0},"end":{"line":276,"column":null}},"type":"binary-expr","locations":[{"start":{"line":276,"column":0},"end":{"line":276,"column":null}},{"start":{"line":276,"column":0},"end":{"line":276,"column":null}}]},"6":{"loc":{"start":{"line":277,"column":0},"end":{"line":277,"column":null}},"type":"binary-expr","locations":[{"start":{"line":277,"column":0},"end":{"line":277,"column":null}},{"start":{"line":277,"column":0},"end":{"line":277,"column":null}}]},"7":{"loc":{"start":{"line":278,"column":0},"end":{"line":278,"column":null}},"type":"binary-expr","locations":[{"start":{"line":278,"column":0},"end":{"line":278,"column":null}},{"start":{"line":278,"column":0},"end":{"line":278,"column":null}}]},"8":{"loc":{"start":{"line":279,"column":0},"end":{"line":279,"column":null}},"type":"binary-expr","locations":[{"start":{"line":279,"column":0},"end":{"line":279,"column":null}},{"start":{"line":279,"column":0},"end":{"line":279,"column":null}}]},"9":{"loc":{"start":{"line":306,"column":0},"end":{"line":306,"column":null}},"type":"binary-expr","locations":[{"start":{"line":306,"column":0},"end":{"line":306,"column":null}},{"start":{"line":306,"column":0},"end":{"line":306,"column":null}}]},"10":{"loc":{"start":{"line":321,"column":0},"end":{"line":321,"column":null}},"type":"if","locations":[{"start":{"line":321,"column":0},"end":{"line":321,"column":null}},{"start":{"line":321,"column":0},"end":{"line":321,"column":null}}]},"11":{"loc":{"start":{"line":323,"column":0},"end":{"line":333,"column":null}},"type":"if","locations":[{"start":{"line":323,"column":0},"end":{"line":333,"column":null}},{"start":{"line":323,"column":0},"end":{"line":333,"column":null}}]},"12":{"loc":{"start":{"line":323,"column":0},"end":{"line":323,"column":null}},"type":"binary-expr","locations":[{"start":{"line":323,"column":0},"end":{"line":323,"column":null}},{"start":{"line":323,"column":0},"end":{"line":323,"column":null}}]},"13":{"loc":{"start":{"line":324,"column":0},"end":{"line":324,"column":null}},"type":"if","locations":[{"start":{"line":324,"column":0},"end":{"line":324,"column":null}},{"start":{"line":324,"column":0},"end":{"line":324,"column":null}}]},"14":{"loc":{"start":{"line":329,"column":0},"end":{"line":329,"column":null}},"type":"if","locations":[{"start":{"line":329,"column":0},"end":{"line":329,"column":null}},{"start":{"line":329,"column":0},"end":{"line":329,"column":null}}]},"15":{"loc":{"start":{"line":339,"column":0},"end":{"line":341,"column":null}},"type":"if","locations":[{"start":{"line":339,"column":0},"end":{"line":341,"column":null}},{"start":{"line":339,"column":0},"end":{"line":341,"column":null}}]},"16":{"loc":{"start":{"line":350,"column":0},"end":{"line":358,"column":null}},"type":"if","locations":[{"start":{"line":350,"column":0},"end":{"line":358,"column":null}},{"start":{"line":350,"column":0},"end":{"line":358,"column":null}}]},"17":{"loc":{"start":{"line":351,"column":0},"end":{"line":357,"column":null}},"type":"if","locations":[{"start":{"line":351,"column":0},"end":{"line":357,"column":null}},{"start":{"line":351,"column":0},"end":{"line":357,"column":null}}]},"18":{"loc":{"start":{"line":354,"column":0},"end":{"line":354,"column":null}},"type":"if","locations":[{"start":{"line":354,"column":0},"end":{"line":354,"column":null}},{"start":{"line":354,"column":0},"end":{"line":354,"column":null}}]},"19":{"loc":{"start":{"line":370,"column":0},"end":{"line":393,"column":null}},"type":"if","locations":[{"start":{"line":370,"column":0},"end":{"line":393,"column":null}},{"start":{"line":370,"column":0},"end":{"line":393,"column":null}}]},"20":{"loc":{"start":{"line":370,"column":0},"end":{"line":370,"column":null}},"type":"binary-expr","locations":[{"start":{"line":370,"column":0},"end":{"line":370,"column":null}},{"start":{"line":370,"column":0},"end":{"line":370,"column":null}}]},"21":{"loc":{"start":{"line":384,"column":0},"end":{"line":390,"column":null}},"type":"if","locations":[{"start":{"line":384,"column":0},"end":{"line":390,"column":null}},{"start":{"line":384,"column":0},"end":{"line":390,"column":null}}]},"22":{"loc":{"start":{"line":387,"column":0},"end":{"line":390,"column":null}},"type":"if","locations":[{"start":{"line":387,"column":0},"end":{"line":390,"column":null}},{"start":{"line":387,"column":0},"end":{"line":390,"column":null}}]}},"s":{"0":1,"1":1,"2":18,"3":40,"4":40,"5":18,"6":36,"7":18,"8":18,"9":18,"10":18,"11":54,"12":0,"13":0,"14":0,"15":0,"16":0,"17":18,"18":0,"19":24,"20":0,"21":0,"22":0,"23":0,"24":0,"25":0,"26":0,"27":0,"28":0,"29":0,"30":0,"31":0,"32":0,"33":0,"34":0},"f":{"0":18,"1":40,"2":40,"3":18,"4":36,"5":18,"6":18,"7":18,"8":18,"9":18,"10":36,"11":0,"12":18,"13":24,"14":0,"15":0},"b":{"0":[40,37],"1":[20,18],"2":[20,2,19],"3":[18,0,18],"4":[36,18],"5":[18,18],"6":[18,18],"7":[18,18],"8":[18,18],"9":[36,36],"10":[0,0],"11":[0,0],"12":[0,0],"13":[0,0],"14":[0,0],"15":[0,18],"16":[0,24],"17":[0,0],"18":[0,0],"19":[0,0],"20":[0,0],"21":[0,0],"22":[0,0]}}
,"F:\\DavidWork\\Projects\\Symphonia-FE\\src\\views\\TheQueue.vue": {"path":"F:\\DavidWork\\Projects\\Symphonia-FE\\src\\views\\TheQueue.vue","statementMap":{"0":{"start":{"line":48,"column":0},"end":{"line":48,"column":null}},"1":{"start":{"line":49,"column":0},"end":{"line":49,"column":null}},"2":{"start":{"line":50,"column":0},"end":{"line":50,"column":null}},"3":{"start":{"line":60,"column":0},"end":{"line":60,"column":null}},"4":{"start":{"line":75,"column":0},"end":{"line":75,"column":null}},"5":{"start":{"line":76,"column":0},"end":{"line":76,"column":null}},"6":{"start":{"line":77,"column":0},"end":{"line":77,"column":null}},"7":{"start":{"line":78,"column":0},"end":{"line":78,"column":null}},"8":{"start":{"line":79,"column":0},"end":{"line":79,"column":null}},"9":{"start":{"line":80,"column":0},"end":{"line":80,"column":null}},"10":{"start":{"line":85,"column":0},"end":{"line":85,"column":null}},"11":{"start":{"line":91,"column":0},"end":{"line":91,"column":null}}},"fnMap":{"0":{"name":"(anonymous_1)","decl":{"start":{"line":59,"column":0},"end":{"line":59,"column":null}},"loc":{"start":{"line":59,"column":0},"end":{"line":66,"column":null}}},"1":{"name":"(anonymous_2)","decl":{"start":{"line":75,"column":0},"end":{"line":75,"column":null}},"loc":{"start":{"line":75,"column":0},"end":{"line":75,"column":null}}},"2":{"name":"(anonymous_3)","decl":{"start":{"line":76,"column":0},"end":{"line":76,"column":null}},"loc":{"start":{"line":76,"column":0},"end":{"line":76,"column":null}}},"3":{"name":"(anonymous_4)","decl":{"start":{"line":77,"column":0},"end":{"line":77,"column":null}},"loc":{"start":{"line":77,"column":0},"end":{"line":77,"column":null}}},"4":{"name":"(anonymous_5)","decl":{"start":{"line":78,"column":0},"end":{"line":78,"column":null}},"loc":{"start":{"line":78,"column":0},"end":{"line":78,"column":null}}},"5":{"name":"(anonymous_6)","decl":{"start":{"line":79,"column":0},"end":{"line":79,"column":null}},"loc":{"start":{"line":79,"column":0},"end":{"line":79,"column":null}}},"6":{"name":"(anonymous_7)","decl":{"start":{"line":80,"column":0},"end":{"line":80,"column":null}},"loc":{"start":{"line":80,"column":0},"end":{"line":80,"column":null}}},"7":{"name":"(anonymous_8)","decl":{"start":{"line":84,"column":0},"end":{"line":84,"column":null}},"loc":{"start":{"line":84,"column":0},"end":{"line":88,"column":null}}},"8":{"name":"(anonymous_9)","decl":{"start":{"line":90,"column":0},"end":{"line":90,"column":null}},"loc":{"start":{"line":90,"column":0},"end":{"line":92,"column":null}}}},"branchMap":{},"s":{"0":0,"1":0,"2":0,"3":0,"4":0,"5":0,"6":0,"7":0,"8":0,"9":0,"10":0,"11":0},"f":{"0":0,"1":0,"2":0,"3":0,"4":0,"5":0,"6":0,"7":0,"8":0},"b":{}}
,"F:\\DavidWork\\Projects\\Symphonia-FE\\src\\views\\User_Settings.vue": {"path":"F:\\DavidWork\\Projects\\Symphonia-FE\\src\\views\\User_Settings.vue","statementMap":{"0":{"start":{"line":26,"column":0},"end":{"line":26,"column":null}},"1":{"start":{"line":27,"column":0},"end":{"line":27,"column":null}},"2":{"start":{"line":28,"column":0},"end":{"line":28,"column":null}},"3":{"start":{"line":29,"column":0},"end":{"line":29,"column":null}},"4":{"start":{"line":30,"column":0},"end":{"line":30,"column":null}},"5":{"start":{"line":31,"column":0},"end":{"line":31,"column":null}},"6":{"start":{"line":32,"column":0},"end":{"line":32,"column":null}},"7":{"start":{"line":33,"column":0},"end":{"line":33,"column":null}},"8":{"start":{"line":34,"column":0},"end":{"line":34,"column":null}},"9":{"start":{"line":38,"column":0},"end":{"line":38,"column":null}},"10":{"start":{"line":57,"column":0},"end":{"line":59,"column":null}},"11":{"start":{"line":58,"column":0},"end":{"line":58,"column":null}},"12":{"start":{"line":63,"column":0},"end":{"line":65,"column":null}},"13":{"start":{"line":64,"column":0},"end":{"line":64,"column":null}}},"fnMap":{"0":{"name":"(anonymous_1)","decl":{"start":{"line":37,"column":0},"end":{"line":37,"column":null}},"loc":{"start":{"line":37,"column":0},"end":{"line":39,"column":null}}},"1":{"name":"(anonymous_2)","decl":{"start":{"line":55,"column":0},"end":{"line":55,"column":null}},"loc":{"start":{"line":55,"column":0},"end":{"line":60,"column":null}}},"2":{"name":"(anonymous_3)","decl":{"start":{"line":61,"column":0},"end":{"line":61,"column":null}},"loc":{"start":{"line":61,"column":0},"end":{"line":66,"column":null}}}},"branchMap":{"0":{"loc":{"start":{"line":57,"column":0},"end":{"line":59,"column":null}},"type":"if","locations":[{"start":{"line":57,"column":0},"end":{"line":59,"column":null}},{"start":{"line":57,"column":0},"end":{"line":59,"column":null}}]},"1":{"loc":{"start":{"line":63,"column":0},"end":{"line":65,"column":null}},"type":"if","locations":[{"start":{"line":63,"column":0},"end":{"line":65,"column":null}},{"start":{"line":63,"column":0},"end":{"line":65,"column":null}}]}},"s":{"0":0,"1":0,"2":0,"3":0,"4":0,"5":0,"6":0,"7":0,"8":0,"9":0,"10":0,"11":0,"12":0,"13":0},"f":{"0":0,"1":0,"2":0},"b":{"0":[0,0],"1":[0,0]}}
,"F:\\DavidWork\\Projects\\Symphonia-FE\\src\\views\\WebPlayerHome.vue": {"path":"F:\\DavidWork\\Projects\\Symphonia-FE\\src\\views\\WebPlayerHome.vue","statementMap":{"0":{"start":{"line":20,"column":0},"end":{"line":20,"column":null}},"1":{"start":{"line":21,"column":0},"end":{"line":21,"column":null}},"2":{"start":{"line":22,"column":0},"end":{"line":22,"column":null}},"3":{"start":{"line":23,"column":0},"end":{"line":23,"column":null}},"4":{"start":{"line":24,"column":0},"end":{"line":24,"column":null}},"5":{"start":{"line":40,"column":0},"end":{"line":42,"column":null}},"6":{"start":{"line":41,"column":0},"end":{"line":41,"column":null}},"7":{"start":{"line":45,"column":0},"end":{"line":45,"column":null}}},"fnMap":{"0":{"name":"(anonymous_1)","decl":{"start":{"line":38,"column":0},"end":{"line":38,"column":null}},"loc":{"start":{"line":38,"column":0},"end":{"line":46,"column":null}}},"1":{"name":"(anonymous_2)","decl":{"start":{"line":40,"column":0},"end":{"line":40,"column":null}},"loc":{"start":{"line":40,"column":0},"end":{"line":42,"column":null}}}},"branchMap":{},"s":{"0":0,"1":0,"2":0,"3":0,"4":0,"5":0,"6":0,"7":0},"f":{"0":0,"1":0},"b":{}}
}
