{"C:\\Users\\mahmo\\CMP\\Second Year\\Second Semester\\Software\\symphonia-fe\\src\\App.vue": {"path":"C:\\Users\\mahmo\\CMP\\Second Year\\Second Semester\\Software\\symphonia-fe\\src\\App.vue","statementMap":{"0":{"start":{"line":10,"column":0},"end":{"line":10,"column":null}}},"fnMap":{"0":{"name":"(anonymous_1)","decl":{"start":{"line":10,"column":0},"end":{"line":10,"column":null}},"loc":{"start":{"line":10,"column":0},"end":{"line":10,"column":null}}}},"branchMap":{},"s":{"0":0},"f":{"0":0},"b":{}}
,"C:\\Users\\mahmo\\CMP\\Second Year\\Second Semester\\Software\\symphonia-fe\\src\\components\\CreatePlaylist.vue": {"path":"C:\\Users\\mahmo\\CMP\\Second Year\\Second Semester\\Software\\symphonia-fe\\src\\components\\CreatePlaylist.vue","statementMap":{"0":{"start":{"line":72,"column":0},"end":{"line":72,"column":null}},"1":{"start":{"line":80,"column":0},"end":{"line":80,"column":null}},"2":{"start":{"line":94,"column":0},"end":{"line":94,"column":null}},"3":{"start":{"line":95,"column":0},"end":{"line":95,"column":null}},"4":{"start":{"line":97,"column":0},"end":{"line":97,"column":null}},"5":{"start":{"line":98,"column":0},"end":{"line":98,"column":null}},"6":{"start":{"line":106,"column":0},"end":{"line":106,"column":null}},"7":{"start":{"line":107,"column":0},"end":{"line":107,"column":null}}},"fnMap":{"0":{"name":"(anonymous_1)","decl":{"start":{"line":79,"column":0},"end":{"line":79,"column":null}},"loc":{"start":{"line":79,"column":0},"end":{"line":84,"column":null}}},"1":{"name":"(anonymous_2)","decl":{"start":{"line":92,"column":0},"end":{"line":92,"column":null}},"loc":{"start":{"line":92,"column":0},"end":{"line":99,"column":null}}},"2":{"name":"(anonymous_3)","decl":{"start":{"line":105,"column":0},"end":{"line":105,"column":null}},"loc":{"start":{"line":105,"column":0},"end":{"line":108,"column":null}}}},"branchMap":{"0":{"loc":{"start":{"line":94,"column":0},"end":{"line":94,"column":null}},"type":"if","locations":[{"start":{"line":94,"column":0},"end":{"line":94,"column":null}},{"start":{"line":94,"column":0},"end":{"line":94,"column":null}}]}},"s":{"0":0,"1":0,"2":0,"3":0,"4":0,"5":0,"6":0,"7":0},"f":{"0":0,"1":0,"2":0},"b":{"0":[0,0]}}
,"C:\\Users\\mahmo\\CMP\\Second Year\\Second Semester\\Software\\symphonia-fe\\src\\components\\Homepage\\TheHomepageContent.vue": {"path":"C:\\Users\\mahmo\\CMP\\Second Year\\Second Semester\\Software\\symphonia-fe\\src\\components\\Homepage\\TheHomepageContent.vue","statementMap":{"0":{"start":{"line":30,"column":0},"end":{"line":30,"column":null}}},"fnMap":{},"branchMap":{},"s":{"0":0},"f":{},"b":{}}
,"C:\\Users\\mahmo\\CMP\\Second Year\\Second Semester\\Software\\symphonia-fe\\src\\components\\Homepage\\TheHomepageFooter.vue": {"path":"C:\\Users\\mahmo\\CMP\\Second Year\\Second Semester\\Software\\symphonia-fe\\src\\components\\Homepage\\TheHomepageFooter.vue","statementMap":{"0":{"start":{"line":121,"column":0},"end":{"line":121,"column":null}}},"fnMap":{},"branchMap":{},"s":{"0":0},"f":{},"b":{}}
,"C:\\Users\\mahmo\\CMP\\Second Year\\Second Semester\\Software\\symphonia-fe\\src\\components\\Homepage\\TheHomepageLoginContent.vue": {"path":"C:\\Users\\mahmo\\CMP\\Second Year\\Second Semester\\Software\\symphonia-fe\\src\\components\\Homepage\\TheHomepageLoginContent.vue","statementMap":{"0":{"start":{"line":175,"column":0},"end":{"line":175,"column":null}},"1":{"start":{"line":176,"column":0},"end":{"line":176,"column":null}},"2":{"start":{"line":189,"column":0},"end":{"line":189,"column":null}},"3":{"start":{"line":196,"column":0},"end":{"line":200,"column":null}},"4":{"start":{"line":197,"column":0},"end":{"line":197,"column":null}},"5":{"start":{"line":198,"column":0},"end":{"line":198,"column":null}},"6":{"start":{"line":199,"column":0},"end":{"line":199,"column":null}}},"fnMap":{"0":{"name":"(anonymous_1)","decl":{"start":{"line":188,"column":0},"end":{"line":188,"column":null}},"loc":{"start":{"line":188,"column":0},"end":{"line":193,"column":null}}},"1":{"name":"(anonymous_2)","decl":{"start":{"line":195,"column":0},"end":{"line":195,"column":null}},"loc":{"start":{"line":195,"column":0},"end":{"line":201,"column":null}}},"2":{"name":"(anonymous_3)","decl":{"start":{"line":196,"column":0},"end":{"line":196,"column":null}},"loc":{"start":{"line":196,"column":0},"end":{"line":200,"column":null}}}},"branchMap":{},"s":{"0":0,"1":0,"2":0,"3":0,"4":0,"5":0,"6":0},"f":{"0":0,"1":0,"2":0},"b":{}}
,"C:\\Users\\mahmo\\CMP\\Second Year\\Second Semester\\Software\\symphonia-fe\\src\\components\\Homepage\\TheHomepageNavigationBar.vue": {"path":"C:\\Users\\mahmo\\CMP\\Second Year\\Second Semester\\Software\\symphonia-fe\\src\\components\\Homepage\\TheHomepageNavigationBar.vue","statementMap":{"0":{"start":{"line":244,"column":0},"end":{"line":244,"column":null}},"1":{"start":{"line":245,"column":0},"end":{"line":245,"column":null}},"2":{"start":{"line":256,"column":0},"end":{"line":256,"column":null}},"3":{"start":{"line":268,"column":0},"end":{"line":268,"column":null}},"4":{"start":{"line":269,"column":0},"end":{"line":269,"column":null}},"5":{"start":{"line":270,"column":0},"end":{"line":270,"column":null}}},"fnMap":{"0":{"name":"(anonymous_1)","decl":{"start":{"line":255,"column":0},"end":{"line":255,"column":null}},"loc":{"start":{"line":255,"column":0},"end":{"line":259,"column":null}}},"1":{"name":"(anonymous_2)","decl":{"start":{"line":267,"column":0},"end":{"line":267,"column":null}},"loc":{"start":{"line":267,"column":0},"end":{"line":271,"column":null}}}},"branchMap":{},"s":{"0":0,"1":0,"2":0,"3":0,"4":0,"5":0},"f":{"0":0,"1":0},"b":{}}
,"C:\\Users\\mahmo\\CMP\\Second Year\\Second Semester\\Software\\symphonia-fe\\src\\components\\Homepage\\TheHomepagePremiumContent.vue": {"path":"C:\\Users\\mahmo\\CMP\\Second Year\\Second Semester\\Software\\symphonia-fe\\src\\components\\Homepage\\TheHomepagePremiumContent.vue","statementMap":{"0":{"start":{"line":134,"column":0},"end":{"line":134,"column":null}},"1":{"start":{"line":145,"column":0},"end":{"line":145,"column":null}},"2":{"start":{"line":178,"column":0},"end":{"line":178,"column":null}},"3":{"start":{"line":179,"column":0},"end":{"line":179,"column":null}},"4":{"start":{"line":187,"column":0},"end":{"line":187,"column":null}},"5":{"start":{"line":188,"column":0},"end":{"line":192,"column":null}},"6":{"start":{"line":189,"column":0},"end":{"line":189,"column":null}},"7":{"start":{"line":191,"column":0},"end":{"line":191,"column":null}},"8":{"start":{"line":200,"column":0},"end":{"line":200,"column":null}},"9":{"start":{"line":205,"column":0},"end":{"line":205,"column":null}},"10":{"start":{"line":209,"column":0},"end":{"line":209,"column":null}}},"fnMap":{"0":{"name":"(anonymous_1)","decl":{"start":{"line":144,"column":0},"end":{"line":144,"column":null}},"loc":{"start":{"line":144,"column":0},"end":{"line":169,"column":null}}},"1":{"name":"(anonymous_2)","decl":{"start":{"line":177,"column":0},"end":{"line":177,"column":null}},"loc":{"start":{"line":177,"column":0},"end":{"line":180,"column":null}}},"2":{"name":"(anonymous_3)","decl":{"start":{"line":186,"column":0},"end":{"line":186,"column":null}},"loc":{"start":{"line":186,"column":0},"end":{"line":193,"column":null}}},"3":{"name":"(anonymous_4)","decl":{"start":{"line":199,"column":0},"end":{"line":199,"column":null}},"loc":{"start":{"line":199,"column":0},"end":{"line":201,"column":null}}},"4":{"name":"(anonymous_5)","decl":{"start":{"line":204,"column":0},"end":{"line":204,"column":null}},"loc":{"start":{"line":204,"column":0},"end":{"line":206,"column":null}}},"5":{"name":"(anonymous_6)","decl":{"start":{"line":208,"column":0},"end":{"line":208,"column":null}},"loc":{"start":{"line":208,"column":0},"end":{"line":210,"column":null}}}},"branchMap":{"0":{"loc":{"start":{"line":188,"column":0},"end":{"line":192,"column":null}},"type":"if","locations":[{"start":{"line":188,"column":0},"end":{"line":192,"column":null}},{"start":{"line":188,"column":0},"end":{"line":192,"column":null}}]}},"s":{"0":0,"1":0,"2":0,"3":0,"4":0,"5":0,"6":0,"7":0,"8":0,"9":0,"10":0},"f":{"0":0,"1":0,"2":0,"3":0,"4":0,"5":0},"b":{"0":[0,0]}}
,"C:\\Users\\mahmo\\CMP\\Second Year\\Second Semester\\Software\\symphonia-fe\\src\\components\\PasswordMangement\\PassChange.vue": {"path":"C:\\Users\\mahmo\\CMP\\Second Year\\Second Semester\\Software\\symphonia-fe\\src\\components\\PasswordMangement\\PassChange.vue","statementMap":{"0":{"start":{"line":109,"column":0},"end":{"line":109,"column":null}},"1":{"start":{"line":113,"column":0},"end":{"line":113,"column":null}},"2":{"start":{"line":123,"column":0},"end":{"line":123,"column":null}},"3":{"start":{"line":127,"column":0},"end":{"line":127,"column":null}},"4":{"start":{"line":134,"column":0},"end":{"line":134,"column":null}},"5":{"start":{"line":143,"column":0},"end":{"line":148,"column":null}},"6":{"start":{"line":144,"column":0},"end":{"line":144,"column":null}},"7":{"start":{"line":156,"column":0},"end":{"line":178,"column":null}},"8":{"start":{"line":158,"column":0},"end":{"line":177,"column":null}},"9":{"start":{"line":165,"column":0},"end":{"line":165,"column":null}},"10":{"start":{"line":167,"column":0},"end":{"line":167,"column":null}},"11":{"start":{"line":168,"column":0},"end":{"line":168,"column":null}},"12":{"start":{"line":169,"column":0},"end":{"line":169,"column":null}},"13":{"start":{"line":170,"column":0},"end":{"line":170,"column":null}},"14":{"start":{"line":172,"column":0},"end":{"line":172,"column":null}},"15":{"start":{"line":176,"column":0},"end":{"line":176,"column":null}},"16":{"start":{"line":185,"column":0},"end":{"line":185,"column":null}}},"fnMap":{"0":{"name":"(anonymous_1)","decl":{"start":{"line":112,"column":0},"end":{"line":112,"column":null}},"loc":{"start":{"line":112,"column":0},"end":{"line":131,"column":null}}},"1":{"name":"(anonymous_2)","decl":{"start":{"line":123,"column":0},"end":{"line":123,"column":null}},"loc":{"start":{"line":123,"column":0},"end":{"line":123,"column":null}}},"2":{"name":"(anonymous_4)","decl":{"start":{"line":127,"column":0},"end":{"line":127,"column":null}},"loc":{"start":{"line":127,"column":0},"end":{"line":127,"column":null}}},"3":{"name":"(anonymous_5)","decl":{"start":{"line":132,"column":0},"end":{"line":132,"column":null}},"loc":{"start":{"line":132,"column":0},"end":{"line":135,"column":null}}},"4":{"name":"(anonymous_6)","decl":{"start":{"line":142,"column":0},"end":{"line":142,"column":null}},"loc":{"start":{"line":142,"column":0},"end":{"line":149,"column":null}}},"5":{"name":"(anonymous_7)","decl":{"start":{"line":155,"column":0},"end":{"line":155,"column":null}},"loc":{"start":{"line":155,"column":0},"end":{"line":179,"column":null}}},"6":{"name":"(anonymous_8)","decl":{"start":{"line":159,"column":0},"end":{"line":159,"column":null}},"loc":{"start":{"line":159,"column":0},"end":{"line":173,"column":null}}},"7":{"name":"(anonymous_9)","decl":{"start":{"line":173,"column":0},"end":{"line":173,"column":null}},"loc":{"start":{"line":173,"column":0},"end":{"line":177,"column":null}}},"8":{"name":"(anonymous_10)","decl":{"start":{"line":184,"column":0},"end":{"line":184,"column":null}},"loc":{"start":{"line":184,"column":0},"end":{"line":187,"column":null}}}},"branchMap":{"0":{"loc":{"start":{"line":123,"column":0},"end":{"line":123,"column":null}},"type":"binary-expr","locations":[{"start":{"line":123,"column":0},"end":{"line":123,"column":null}},{"start":{"line":123,"column":0},"end":{"line":123,"column":null}}]},"1":{"loc":{"start":{"line":123,"column":0},"end":{"line":123,"column":null}},"type":"binary-expr","locations":[{"start":{"line":123,"column":0},"end":{"line":123,"column":null}},{"start":{"line":123,"column":0},"end":{"line":123,"column":null}},{"start":{"line":123,"column":0},"end":{"line":123,"column":null}}]},"2":{"loc":{"start":{"line":127,"column":0},"end":{"line":127,"column":null}},"type":"binary-expr","locations":[{"start":{"line":127,"column":0},"end":{"line":127,"column":null}},{"start":{"line":127,"column":0},"end":{"line":127,"column":null}}]},"3":{"loc":{"start":{"line":143,"column":0},"end":{"line":148,"column":null}},"type":"if","locations":[{"start":{"line":143,"column":0},"end":{"line":148,"column":null}},{"start":{"line":143,"column":0},"end":{"line":148,"column":null}}]},"4":{"loc":{"start":{"line":144,"column":0},"end":{"line":144,"column":null}},"type":"if","locations":[{"start":{"line":144,"column":0},"end":{"line":144,"column":null}},{"start":{"line":144,"column":0},"end":{"line":144,"column":null}}]},"5":{"loc":{"start":{"line":156,"column":0},"end":{"line":178,"column":null}},"type":"if","locations":[{"start":{"line":156,"column":0},"end":{"line":178,"column":null}},{"start":{"line":156,"column":0},"end":{"line":178,"column":null}}]},"6":{"loc":{"start":{"line":156,"column":0},"end":{"line":156,"column":null}},"type":"binary-expr","locations":[{"start":{"line":156,"column":0},"end":{"line":156,"column":null}},{"start":{"line":156,"column":0},"end":{"line":156,"column":null}}]},"7":{"loc":{"start":{"line":185,"column":0},"end":{"line":185,"column":null}},"type":"if","locations":[{"start":{"line":185,"column":0},"end":{"line":185,"column":null}},{"start":{"line":185,"column":0},"end":{"line":185,"column":null}}]}},"s":{"0":0,"1":0,"2":0,"3":0,"4":0,"5":0,"6":0,"7":0,"8":0,"9":0,"10":0,"11":0,"12":0,"13":0,"14":0,"15":0,"16":0},"f":{"0":0,"1":0,"2":0,"3":0,"4":0,"5":0,"6":0,"7":0,"8":0},"b":{"0":[0,0],"1":[0,0,0],"2":[0,0],"3":[0,0],"4":[0,0],"5":[0,0],"6":[0,0],"7":[0,0]}}
,"C:\\Users\\mahmo\\CMP\\Second Year\\Second Semester\\Software\\symphonia-fe\\src\\components\\PasswordMangement\\PassReset.vue": {"path":"C:\\Users\\mahmo\\CMP\\Second Year\\Second Semester\\Software\\symphonia-fe\\src\\components\\PasswordMangement\\PassReset.vue","statementMap":{"0":{"start":{"line":62,"column":0},"end":{"line":62,"column":null}},"1":{"start":{"line":67,"column":0},"end":{"line":67,"column":null}},"2":{"start":{"line":69,"column":0},"end":{"line":69,"column":null}},"3":{"start":{"line":85,"column":0},"end":{"line":85,"column":null}},"4":{"start":{"line":94,"column":0},"end":{"line":94,"column":null}},"5":{"start":{"line":95,"column":0},"end":{"line":107,"column":null}},"6":{"start":{"line":98,"column":0},"end":{"line":106,"column":null}},"7":{"start":{"line":103,"column":0},"end":{"line":103,"column":null}},"8":{"start":{"line":105,"column":0},"end":{"line":105,"column":null}}},"fnMap":{"0":{"name":"(anonymous_1)","decl":{"start":{"line":66,"column":0},"end":{"line":66,"column":null}},"loc":{"start":{"line":66,"column":0},"end":{"line":78,"column":null}}},"1":{"name":"(anonymous_2)","decl":{"start":{"line":69,"column":0},"end":{"line":69,"column":null}},"loc":{"start":{"line":69,"column":0},"end":{"line":69,"column":null}}},"2":{"name":"(anonymous_4)","decl":{"start":{"line":84,"column":0},"end":{"line":84,"column":null}},"loc":{"start":{"line":84,"column":0},"end":{"line":87,"column":null}}},"3":{"name":"(anonymous_5)","decl":{"start":{"line":92,"column":0},"end":{"line":92,"column":null}},"loc":{"start":{"line":92,"column":0},"end":{"line":108,"column":null}}},"4":{"name":"(anonymous_6)","decl":{"start":{"line":99,"column":0},"end":{"line":99,"column":null}},"loc":{"start":{"line":99,"column":0},"end":{"line":103,"column":null}}},"5":{"name":"(anonymous_7)","decl":{"start":{"line":103,"column":0},"end":{"line":103,"column":null}},"loc":{"start":{"line":103,"column":0},"end":{"line":106,"column":null}}}},"branchMap":{"0":{"loc":{"start":{"line":69,"column":0},"end":{"line":69,"column":null}},"type":"binary-expr","locations":[{"start":{"line":69,"column":0},"end":{"line":69,"column":null}},{"start":{"line":69,"column":0},"end":{"line":69,"column":null}}]},"1":{"loc":{"start":{"line":85,"column":0},"end":{"line":85,"column":null}},"type":"if","locations":[{"start":{"line":85,"column":0},"end":{"line":85,"column":null}},{"start":{"line":85,"column":0},"end":{"line":85,"column":null}}]},"2":{"loc":{"start":{"line":95,"column":0},"end":{"line":107,"column":null}},"type":"if","locations":[{"start":{"line":95,"column":0},"end":{"line":107,"column":null}},{"start":{"line":95,"column":0},"end":{"line":107,"column":null}}]},"3":{"loc":{"start":{"line":103,"column":0},"end":{"line":103,"column":null}},"type":"if","locations":[{"start":{"line":103,"column":0},"end":{"line":103,"column":null}},{"start":{"line":103,"column":0},"end":{"line":103,"column":null}}]}},"s":{"0":0,"1":0,"2":0,"3":0,"4":0,"5":0,"6":0,"7":0,"8":0},"f":{"0":0,"1":0,"2":0,"3":0,"4":0,"5":0},"b":{"0":[0,0],"1":[0,0],"2":[0,0],"3":[0,0]}}
,"C:\\Users\\mahmo\\CMP\\Second Year\\Second Semester\\Software\\symphonia-fe\\src\\components\\Style guide examples\\AppButton.vue": {"path":"C:\\Users\\mahmo\\CMP\\Second Year\\Second Semester\\Software\\symphonia-fe\\src\\components\\Style guide examples\\AppButton.vue","statementMap":{"0":{"start":{"line":9,"column":0},"end":{"line":9,"column":null}},"1":{"start":{"line":33,"column":0},"end":{"line":33,"column":null}},"2":{"start":{"line":46,"column":0},"end":{"line":46,"column":null}},"3":{"start":{"line":52,"column":0},"end":{"line":52,"column":null}}},"fnMap":{"0":{"name":"(anonymous_1)","decl":{"start":{"line":32,"column":0},"end":{"line":32,"column":null}},"loc":{"start":{"line":32,"column":0},"end":{"line":38,"column":null}}},"1":{"name":"(anonymous_2)","decl":{"start":{"line":41,"column":0},"end":{"line":41,"column":null}},"loc":{"start":{"line":41,"column":0},"end":{"line":53,"column":null}}}},"branchMap":{},"s":{"0":0,"1":0,"2":0,"3":0},"f":{"0":0,"1":0},"b":{}}
,"C:\\Users\\mahmo\\CMP\\Second Year\\Second Semester\\Software\\symphonia-fe\\src\\components\\TheSoundPlayer\\TheSoundPlayer.vue": {"path":"C:\\Users\\mahmo\\CMP\\Second Year\\Second Semester\\Software\\symphonia-fe\\src\\components\\TheSoundPlayer\\TheSoundPlayer.vue","statementMap":{"0":{"start":{"line":174,"column":0},"end":{"line":183,"column":null}},"1":{"start":{"line":179,"column":0},"end":{"line":179,"column":null}},"2":{"start":{"line":182,"column":0},"end":{"line":182,"column":null}},"3":{"start":{"line":190,"column":0},"end":{"line":190,"column":null}},"4":{"start":{"line":194,"column":0},"end":{"line":194,"column":null}},"5":{"start":{"line":226,"column":0},"end":{"line":230,"column":null}},"6":{"start":{"line":231,"column":0},"end":{"line":231,"column":null}},"7":{"start":{"line":234,"column":0},"end":{"line":234,"column":null}},"8":{"start":{"line":235,"column":0},"end":{"line":246,"column":null}},"9":{"start":{"line":236,"column":0},"end":{"line":239,"column":null}},"10":{"start":{"line":237,"column":0},"end":{"line":237,"column":null}},"11":{"start":{"line":238,"column":0},"end":{"line":238,"column":null}},"12":{"start":{"line":240,"column":0},"end":{"line":246,"column":null}},"13":{"start":{"line":241,"column":0},"end":{"line":245,"column":null}},"14":{"start":{"line":244,"column":0},"end":{"line":244,"column":null}},"15":{"start":{"line":249,"column":0},"end":{"line":249,"column":null}},"16":{"start":{"line":250,"column":0},"end":{"line":250,"column":null}},"17":{"start":{"line":251,"column":0},"end":{"line":251,"column":null}},"18":{"start":{"line":252,"column":0},"end":{"line":252,"column":null}},"19":{"start":{"line":255,"column":0},"end":{"line":255,"column":null}},"20":{"start":{"line":256,"column":0},"end":{"line":256,"column":null}},"21":{"start":{"line":259,"column":0},"end":{"line":259,"column":null}},"22":{"start":{"line":260,"column":0},"end":{"line":260,"column":null}},"23":{"start":{"line":261,"column":0},"end":{"line":261,"column":null}},"24":{"start":{"line":265,"column":0},"end":{"line":265,"column":null}},"25":{"start":{"line":268,"column":0},"end":{"line":273,"column":null}},"26":{"start":{"line":271,"column":0},"end":{"line":271,"column":null}},"27":{"start":{"line":281,"column":0},"end":{"line":281,"column":null}},"28":{"start":{"line":282,"column":0},"end":{"line":282,"column":null}},"29":{"start":{"line":283,"column":0},"end":{"line":283,"column":null}},"30":{"start":{"line":287,"column":0},"end":{"line":287,"column":null}},"31":{"start":{"line":290,"column":0},"end":{"line":294,"column":null}},"32":{"start":{"line":293,"column":0},"end":{"line":293,"column":null}},"33":{"start":{"line":301,"column":0},"end":{"line":301,"column":null}},"34":{"start":{"line":305,"column":0},"end":{"line":305,"column":null}},"35":{"start":{"line":306,"column":0},"end":{"line":306,"column":null}},"36":{"start":{"line":310,"column":0},"end":{"line":310,"column":null}},"37":{"start":{"line":317,"column":0},"end":{"line":317,"column":null}},"38":{"start":{"line":318,"column":0},"end":{"line":318,"column":null}},"39":{"start":{"line":319,"column":0},"end":{"line":324,"column":null}},"40":{"start":{"line":320,"column":0},"end":{"line":322,"column":null}},"41":{"start":{"line":322,"column":0},"end":{"line":322,"column":null}},"42":{"start":{"line":325,"column":0},"end":{"line":325,"column":null}},"43":{"start":{"line":326,"column":0},"end":{"line":326,"column":null}},"44":{"start":{"line":331,"column":0},"end":{"line":345,"column":null}},"45":{"start":{"line":332,"column":0},"end":{"line":338,"column":null}},"46":{"start":{"line":333,"column":0},"end":{"line":333,"column":null}},"47":{"start":{"line":334,"column":0},"end":{"line":334,"column":null}},"48":{"start":{"line":335,"column":0},"end":{"line":338,"column":null}},"49":{"start":{"line":336,"column":0},"end":{"line":336,"column":null}},"50":{"start":{"line":337,"column":0},"end":{"line":337,"column":null}},"51":{"start":{"line":340,"column":0},"end":{"line":340,"column":null}},"52":{"start":{"line":342,"column":0},"end":{"line":342,"column":null}},"53":{"start":{"line":344,"column":0},"end":{"line":344,"column":null}},"54":{"start":{"line":350,"column":0},"end":{"line":350,"column":null}},"55":{"start":{"line":352,"column":0},"end":{"line":354,"column":null}},"56":{"start":{"line":353,"column":0},"end":{"line":353,"column":null}},"57":{"start":{"line":356,"column":0},"end":{"line":356,"column":null}},"58":{"start":{"line":359,"column":0},"end":{"line":359,"column":null}},"59":{"start":{"line":362,"column":0},"end":{"line":368,"column":null}},"60":{"start":{"line":363,"column":0},"end":{"line":363,"column":null}},"61":{"start":{"line":364,"column":0},"end":{"line":368,"column":null}},"62":{"start":{"line":371,"column":0},"end":{"line":371,"column":null}},"63":{"start":{"line":374,"column":0},"end":{"line":374,"column":null}},"64":{"start":{"line":377,"column":0},"end":{"line":380,"column":null}},"65":{"start":{"line":379,"column":0},"end":{"line":379,"column":null}},"66":{"start":{"line":383,"column":0},"end":{"line":387,"column":null}},"67":{"start":{"line":385,"column":0},"end":{"line":385,"column":null}},"68":{"start":{"line":386,"column":0},"end":{"line":386,"column":null}},"69":{"start":{"line":391,"column":0},"end":{"line":391,"column":null}},"70":{"start":{"line":394,"column":0},"end":{"line":394,"column":null}},"71":{"start":{"line":395,"column":0},"end":{"line":395,"column":null}},"72":{"start":{"line":396,"column":0},"end":{"line":396,"column":null}},"73":{"start":{"line":398,"column":0},"end":{"line":398,"column":null}},"74":{"start":{"line":399,"column":0},"end":{"line":399,"column":null}},"75":{"start":{"line":402,"column":0},"end":{"line":402,"column":null}},"76":{"start":{"line":403,"column":0},"end":{"line":403,"column":null}},"77":{"start":{"line":406,"column":0},"end":{"line":406,"column":null}},"78":{"start":{"line":407,"column":0},"end":{"line":407,"column":null}},"79":{"start":{"line":413,"column":0},"end":{"line":413,"column":null}},"80":{"start":{"line":416,"column":0},"end":{"line":416,"column":null}},"81":{"start":{"line":419,"column":0},"end":{"line":419,"column":null}},"82":{"start":{"line":420,"column":0},"end":{"line":420,"column":null}},"83":{"start":{"line":423,"column":0},"end":{"line":423,"column":null}},"84":{"start":{"line":426,"column":0},"end":{"line":426,"column":null}},"85":{"start":{"line":427,"column":0},"end":{"line":427,"column":null}},"86":{"start":{"line":431,"column":0},"end":{"line":431,"column":null}},"87":{"start":{"line":432,"column":0},"end":{"line":432,"column":null}},"88":{"start":{"line":435,"column":0},"end":{"line":435,"column":null}},"89":{"start":{"line":436,"column":0},"end":{"line":436,"column":null}},"90":{"start":{"line":437,"column":0},"end":{"line":437,"column":null}},"91":{"start":{"line":438,"column":0},"end":{"line":438,"column":null}},"92":{"start":{"line":440,"column":0},"end":{"line":440,"column":null}},"93":{"start":{"line":441,"column":0},"end":{"line":441,"column":null}},"94":{"start":{"line":446,"column":0},"end":{"line":446,"column":null}},"95":{"start":{"line":447,"column":0},"end":{"line":447,"column":null}}},"fnMap":{"0":{"name":"(anonymous_1)","decl":{"start":{"line":174,"column":0},"end":{"line":174,"column":null}},"loc":{"start":{"line":174,"column":0},"end":{"line":183,"column":null}}},"1":{"name":"(anonymous_2)","decl":{"start":{"line":189,"column":0},"end":{"line":189,"column":null}},"loc":{"start":{"line":189,"column":0},"end":{"line":191,"column":null}}},"2":{"name":"(anonymous_3)","decl":{"start":{"line":193,"column":0},"end":{"line":193,"column":null}},"loc":{"start":{"line":193,"column":0},"end":{"line":223,"column":null}}},"3":{"name":"(anonymous_4)","decl":{"start":{"line":225,"column":0},"end":{"line":225,"column":null}},"loc":{"start":{"line":225,"column":0},"end":{"line":232,"column":null}}},"4":{"name":"(anonymous_5)","decl":{"start":{"line":233,"column":0},"end":{"line":233,"column":null}},"loc":{"start":{"line":233,"column":0},"end":{"line":247,"column":null}}},"5":{"name":"(anonymous_6)","decl":{"start":{"line":248,"column":0},"end":{"line":248,"column":null}},"loc":{"start":{"line":248,"column":0},"end":{"line":253,"column":null}}},"6":{"name":"(anonymous_7)","decl":{"start":{"line":254,"column":0},"end":{"line":254,"column":null}},"loc":{"start":{"line":254,"column":0},"end":{"line":257,"column":null}}},"7":{"name":"(anonymous_8)","decl":{"start":{"line":258,"column":0},"end":{"line":258,"column":null}},"loc":{"start":{"line":258,"column":0},"end":{"line":274,"column":null}}},"8":{"name":"(anonymous_9)","decl":{"start":{"line":268,"column":0},"end":{"line":268,"column":null}},"loc":{"start":{"line":268,"column":0},"end":{"line":273,"column":null}}},"9":{"name":"(anonymous_10)","decl":{"start":{"line":277,"column":0},"end":{"line":277,"column":null}},"loc":{"start":{"line":277,"column":0},"end":{"line":279,"column":null}}},"10":{"name":"(anonymous_11)","decl":{"start":{"line":280,"column":0},"end":{"line":280,"column":null}},"loc":{"start":{"line":280,"column":0},"end":{"line":295,"column":null}}},"11":{"name":"(anonymous_12)","decl":{"start":{"line":290,"column":0},"end":{"line":290,"column":null}},"loc":{"start":{"line":290,"column":0},"end":{"line":294,"column":null}}},"12":{"name":"(anonymous_13)","decl":{"start":{"line":296,"column":0},"end":{"line":296,"column":null}},"loc":{"start":{"line":296,"column":0},"end":{"line":299,"column":null}}},"13":{"name":"(anonymous_14)","decl":{"start":{"line":300,"column":0},"end":{"line":300,"column":null}},"loc":{"start":{"line":300,"column":0},"end":{"line":303,"column":null}}},"14":{"name":"(anonymous_15)","decl":{"start":{"line":304,"column":0},"end":{"line":304,"column":null}},"loc":{"start":{"line":304,"column":0},"end":{"line":308,"column":null}}},"15":{"name":"(anonymous_16)","decl":{"start":{"line":309,"column":0},"end":{"line":309,"column":null}},"loc":{"start":{"line":309,"column":0},"end":{"line":312,"column":null}}},"16":{"name":"(anonymous_17)","decl":{"start":{"line":313,"column":0},"end":{"line":313,"column":null}},"loc":{"start":{"line":313,"column":0},"end":{"line":315,"column":null}}},"17":{"name":"(anonymous_18)","decl":{"start":{"line":316,"column":0},"end":{"line":316,"column":null}},"loc":{"start":{"line":316,"column":0},"end":{"line":327,"column":null}}},"18":{"name":"(anonymous_19)","decl":{"start":{"line":328,"column":0},"end":{"line":328,"column":null}},"loc":{"start":{"line":328,"column":0},"end":{"line":346,"column":null}}},"19":{"name":"(anonymous_20)","decl":{"start":{"line":347,"column":0},"end":{"line":347,"column":null}},"loc":{"start":{"line":347,"column":0},"end":{"line":357,"column":null}}},"20":{"name":"(anonymous_21)","decl":{"start":{"line":358,"column":0},"end":{"line":358,"column":null}},"loc":{"start":{"line":358,"column":0},"end":{"line":360,"column":null}}},"21":{"name":"(anonymous_22)","decl":{"start":{"line":361,"column":0},"end":{"line":361,"column":null}},"loc":{"start":{"line":361,"column":0},"end":{"line":369,"column":null}}},"22":{"name":"(anonymous_23)","decl":{"start":{"line":370,"column":0},"end":{"line":370,"column":null}},"loc":{"start":{"line":370,"column":0},"end":{"line":372,"column":null}}},"23":{"name":"(anonymous_24)","decl":{"start":{"line":373,"column":0},"end":{"line":373,"column":null}},"loc":{"start":{"line":373,"column":0},"end":{"line":375,"column":null}}},"24":{"name":"(anonymous_25)","decl":{"start":{"line":376,"column":0},"end":{"line":376,"column":null}},"loc":{"start":{"line":376,"column":0},"end":{"line":381,"column":null}}},"25":{"name":"(anonymous_26)","decl":{"start":{"line":382,"column":0},"end":{"line":382,"column":null}},"loc":{"start":{"line":382,"column":0},"end":{"line":388,"column":null}}},"26":{"name":"(anonymous_27)","decl":{"start":{"line":389,"column":0},"end":{"line":389,"column":null}},"loc":{"start":{"line":389,"column":0},"end":{"line":411,"column":null}}},"27":{"name":"(anonymous_28)","decl":{"start":{"line":412,"column":0},"end":{"line":412,"column":null}},"loc":{"start":{"line":412,"column":0},"end":{"line":414,"column":null}}},"28":{"name":"(anonymous_29)","decl":{"start":{"line":415,"column":0},"end":{"line":415,"column":null}},"loc":{"start":{"line":415,"column":0},"end":{"line":417,"column":null}}},"29":{"name":"(anonymous_30)","decl":{"start":{"line":418,"column":0},"end":{"line":418,"column":null}},"loc":{"start":{"line":418,"column":0},"end":{"line":421,"column":null}}},"30":{"name":"(anonymous_31)","decl":{"start":{"line":422,"column":0},"end":{"line":422,"column":null}},"loc":{"start":{"line":422,"column":0},"end":{"line":424,"column":null}}},"31":{"name":"(anonymous_32)","decl":{"start":{"line":425,"column":0},"end":{"line":425,"column":null}},"loc":{"start":{"line":425,"column":0},"end":{"line":428,"column":null}}},"32":{"name":"(anonymous_33)","decl":{"start":{"line":430,"column":0},"end":{"line":430,"column":null}},"loc":{"start":{"line":430,"column":0},"end":{"line":433,"column":null}}},"33":{"name":"(anonymous_34)","decl":{"start":{"line":434,"column":0},"end":{"line":434,"column":null}},"loc":{"start":{"line":434,"column":0},"end":{"line":448,"column":null}}}},"branchMap":{"0":{"loc":{"start":{"line":182,"column":0},"end":{"line":182,"column":null}},"type":"cond-expr","locations":[{"start":{"line":182,"column":0},"end":{"line":182,"column":null}},{"start":{"line":182,"column":0},"end":{"line":182,"column":null}}]},"1":{"loc":{"start":{"line":190,"column":0},"end":{"line":190,"column":null}},"type":"cond-expr","locations":[{"start":{"line":190,"column":0},"end":{"line":190,"column":null}},{"start":{"line":190,"column":0},"end":{"line":190,"column":null}}]},"2":{"loc":{"start":{"line":226,"column":0},"end":{"line":230,"column":null}},"type":"if","locations":[{"start":{"line":226,"column":0},"end":{"line":230,"column":null}},{"start":{"line":226,"column":0},"end":{"line":230,"column":null}}]},"3":{"loc":{"start":{"line":235,"column":0},"end":{"line":246,"column":null}},"type":"if","locations":[{"start":{"line":235,"column":0},"end":{"line":246,"column":null}},{"start":{"line":235,"column":0},"end":{"line":246,"column":null}}]},"4":{"loc":{"start":{"line":236,"column":0},"end":{"line":239,"column":null}},"type":"if","locations":[{"start":{"line":236,"column":0},"end":{"line":239,"column":null}},{"start":{"line":236,"column":0},"end":{"line":239,"column":null}}]},"5":{"loc":{"start":{"line":240,"column":0},"end":{"line":246,"column":null}},"type":"if","locations":[{"start":{"line":240,"column":0},"end":{"line":246,"column":null}},{"start":{"line":240,"column":0},"end":{"line":246,"column":null}}]},"6":{"loc":{"start":{"line":241,"column":0},"end":{"line":245,"column":null}},"type":"if","locations":[{"start":{"line":241,"column":0},"end":{"line":245,"column":null}},{"start":{"line":241,"column":0},"end":{"line":245,"column":null}}]},"7":{"loc":{"start":{"line":249,"column":0},"end":{"line":249,"column":null}},"type":"if","locations":[{"start":{"line":249,"column":0},"end":{"line":249,"column":null}},{"start":{"line":249,"column":0},"end":{"line":249,"column":null}}]},"8":{"loc":{"start":{"line":256,"column":0},"end":{"line":256,"column":null}},"type":"cond-expr","locations":[{"start":{"line":256,"column":0},"end":{"line":256,"column":null}},{"start":{"line":256,"column":0},"end":{"line":256,"column":null}}]},"9":{"loc":{"start":{"line":319,"column":0},"end":{"line":324,"column":null}},"type":"if","locations":[{"start":{"line":319,"column":0},"end":{"line":324,"column":null}},{"start":{"line":319,"column":0},"end":{"line":324,"column":null}}]},"10":{"loc":{"start":{"line":320,"column":0},"end":{"line":322,"column":null}},"type":"if","locations":[{"start":{"line":320,"column":0},"end":{"line":322,"column":null}},{"start":{"line":320,"column":0},"end":{"line":322,"column":null}}]},"11":{"loc":{"start":{"line":325,"column":0},"end":{"line":325,"column":null}},"type":"cond-expr","locations":[{"start":{"line":325,"column":0},"end":{"line":325,"column":null}},{"start":{"line":325,"column":0},"end":{"line":325,"column":null}}]},"12":{"loc":{"start":{"line":331,"column":0},"end":{"line":345,"column":null}},"type":"if","locations":[{"start":{"line":331,"column":0},"end":{"line":345,"column":null}},{"start":{"line":331,"column":0},"end":{"line":345,"column":null}}]},"13":{"loc":{"start":{"line":332,"column":0},"end":{"line":338,"column":null}},"type":"if","locations":[{"start":{"line":332,"column":0},"end":{"line":338,"column":null}},{"start":{"line":332,"column":0},"end":{"line":338,"column":null}}]},"14":{"loc":{"start":{"line":335,"column":0},"end":{"line":338,"column":null}},"type":"if","locations":[{"start":{"line":335,"column":0},"end":{"line":338,"column":null}},{"start":{"line":335,"column":0},"end":{"line":338,"column":null}}]},"15":{"loc":{"start":{"line":352,"column":0},"end":{"line":354,"column":null}},"type":"if","locations":[{"start":{"line":352,"column":0},"end":{"line":354,"column":null}},{"start":{"line":352,"column":0},"end":{"line":354,"column":null}}]},"16":{"loc":{"start":{"line":362,"column":0},"end":{"line":368,"column":null}},"type":"if","locations":[{"start":{"line":362,"column":0},"end":{"line":368,"column":null}},{"start":{"line":362,"column":0},"end":{"line":368,"column":null}}]},"17":{"loc":{"start":{"line":364,"column":0},"end":{"line":368,"column":null}},"type":"if","locations":[{"start":{"line":364,"column":0},"end":{"line":368,"column":null}},{"start":{"line":364,"column":0},"end":{"line":368,"column":null}}]},"18":{"loc":{"start":{"line":377,"column":0},"end":{"line":380,"column":null}},"type":"if","locations":[{"start":{"line":377,"column":0},"end":{"line":380,"column":null}},{"start":{"line":377,"column":0},"end":{"line":380,"column":null}}]},"19":{"loc":{"start":{"line":383,"column":0},"end":{"line":387,"column":null}},"type":"if","locations":[{"start":{"line":383,"column":0},"end":{"line":387,"column":null}},{"start":{"line":383,"column":0},"end":{"line":387,"column":null}}]},"20":{"loc":{"start":{"line":385,"column":0},"end":{"line":385,"column":null}},"type":"if","locations":[{"start":{"line":385,"column":0},"end":{"line":385,"column":null}},{"start":{"line":385,"column":0},"end":{"line":385,"column":null}}]}},"s":{"0":0,"1":0,"2":0,"3":0,"4":0,"5":0,"6":0,"7":0,"8":0,"9":0,"10":0,"11":0,"12":0,"13":0,"14":0,"15":0,"16":0,"17":0,"18":0,"19":0,"20":0,"21":0,"22":0,"23":0,"24":0,"25":0,"26":0,"27":0,"28":0,"29":0,"30":0,"31":0,"32":0,"33":0,"34":0,"35":0,"36":0,"37":0,"38":0,"39":0,"40":0,"41":0,"42":0,"43":0,"44":0,"45":0,"46":0,"47":0,"48":0,"49":0,"50":0,"51":0,"52":0,"53":0,"54":0,"55":0,"56":0,"57":0,"58":0,"59":0,"60":0,"61":0,"62":0,"63":0,"64":0,"65":0,"66":0,"67":0,"68":0,"69":0,"70":0,"71":0,"72":0,"73":0,"74":0,"75":0,"76":0,"77":0,"78":0,"79":0,"80":0,"81":0,"82":0,"83":0,"84":0,"85":0,"86":0,"87":0,"88":0,"89":0,"90":0,"91":0,"92":0,"93":0,"94":0,"95":0},"f":{"0":0,"1":0,"2":0,"3":0,"4":0,"5":0,"6":0,"7":0,"8":0,"9":0,"10":0,"11":0,"12":0,"13":0,"14":0,"15":0,"16":0,"17":0,"18":0,"19":0,"20":0,"21":0,"22":0,"23":0,"24":0,"25":0,"26":0,"27":0,"28":0,"29":0,"30":0,"31":0,"32":0,"33":0},"b":{"0":[0,0],"1":[0,0],"2":[0,0],"3":[0,0],"4":[0,0],"5":[0,0],"6":[0,0],"7":[0,0],"8":[0,0],"9":[0,0],"10":[0,0],"11":[0,0],"12":[0,0],"13":[0,0],"14":[0,0],"15":[0,0],"16":[0,0],"17":[0,0],"18":[0,0],"19":[0,0],"20":[0,0]}}
,"C:\\Users\\mahmo\\CMP\\Second Year\\Second Semester\\Software\\symphonia-fe\\src\\components\\User Settings\\PremiumAds.vue": {"path":"C:\\Users\\mahmo\\CMP\\Second Year\\Second Semester\\Software\\symphonia-fe\\src\\components\\User Settings\\PremiumAds.vue","statementMap":{"0":{"start":{"line":29,"column":0},"end":{"line":29,"column":null}}},"fnMap":{"0":{"name":"(anonymous_1)","decl":{"start":{"line":28,"column":0},"end":{"line":28,"column":null}},"loc":{"start":{"line":28,"column":0},"end":{"line":30,"column":null}}}},"branchMap":{},"s":{"0":0},"f":{"0":0},"b":{}}
,"C:\\Users\\mahmo\\CMP\\Second Year\\Second Semester\\Software\\symphonia-fe\\src\\components\\User Settings\\bottomContent.vue": {"path":"C:\\Users\\mahmo\\CMP\\Second Year\\Second Semester\\Software\\symphonia-fe\\src\\components\\User Settings\\bottomContent.vue","statementMap":{"0":{"start":{"line":58,"column":0},"end":{"line":58,"column":null}},"1":{"start":{"line":68,"column":0},"end":{"line":68,"column":null}},"2":{"start":{"line":69,"column":0},"end":{"line":69,"column":null}},"3":{"start":{"line":72,"column":0},"end":{"line":75,"column":null}},"4":{"start":{"line":73,"column":0},"end":{"line":73,"column":null}},"5":{"start":{"line":74,"column":0},"end":{"line":74,"column":null}},"6":{"start":{"line":79,"column":0},"end":{"line":79,"column":null}},"7":{"start":{"line":80,"column":0},"end":{"line":80,"column":null}},"8":{"start":{"line":81,"column":0},"end":{"line":81,"column":null}}},"fnMap":{"0":{"name":"(anonymous_1)","decl":{"start":{"line":57,"column":0},"end":{"line":57,"column":null}},"loc":{"start":{"line":57,"column":0},"end":{"line":65,"column":null}}},"1":{"name":"(anonymous_2)","decl":{"start":{"line":67,"column":0},"end":{"line":67,"column":null}},"loc":{"start":{"line":67,"column":0},"end":{"line":70,"column":null}}},"2":{"name":"(anonymous_3)","decl":{"start":{"line":71,"column":0},"end":{"line":71,"column":null}},"loc":{"start":{"line":71,"column":0},"end":{"line":76,"column":null}}},"3":{"name":"(anonymous_4)","decl":{"start":{"line":78,"column":0},"end":{"line":78,"column":null}},"loc":{"start":{"line":78,"column":0},"end":{"line":82,"column":null}}}},"branchMap":{"0":{"loc":{"start":{"line":72,"column":0},"end":{"line":75,"column":null}},"type":"if","locations":[{"start":{"line":72,"column":0},"end":{"line":75,"column":null}},{"start":{"line":72,"column":0},"end":{"line":75,"column":null}}]}},"s":{"0":0,"1":0,"2":0,"3":0,"4":0,"5":0,"6":0,"7":0,"8":0},"f":{"0":0,"1":0,"2":0,"3":0},"b":{"0":[0,0]}}
,"C:\\Users\\mahmo\\CMP\\Second Year\\Second Semester\\Software\\symphonia-fe\\src\\components\\User Settings\\editProfile.vue": {"path":"C:\\Users\\mahmo\\CMP\\Second Year\\Second Semester\\Software\\symphonia-fe\\src\\components\\User Settings\\editProfile.vue","statementMap":{"0":{"start":{"line":81,"column":0},"end":{"line":81,"column":null}},"1":{"start":{"line":84,"column":0},"end":{"line":84,"column":null}},"2":{"start":{"line":100,"column":0},"end":{"line":102,"column":null}},"3":{"start":{"line":101,"column":0},"end":{"line":101,"column":null}}},"fnMap":{"0":{"name":"(anonymous_1)","decl":{"start":{"line":83,"column":0},"end":{"line":83,"column":null}},"loc":{"start":{"line":83,"column":0},"end":{"line":95,"column":null}}},"1":{"name":"(anonymous_2)","decl":{"start":{"line":99,"column":0},"end":{"line":99,"column":null}},"loc":{"start":{"line":99,"column":0},"end":{"line":103,"column":null}}}},"branchMap":{"0":{"loc":{"start":{"line":100,"column":0},"end":{"line":102,"column":null}},"type":"if","locations":[{"start":{"line":100,"column":0},"end":{"line":102,"column":null}},{"start":{"line":100,"column":0},"end":{"line":102,"column":null}}]}},"s":{"0":0,"1":0,"2":0,"3":0},"f":{"0":0,"1":0},"b":{"0":[0,0]}}
,"C:\\Users\\mahmo\\CMP\\Second Year\\Second Semester\\Software\\symphonia-fe\\src\\components\\User Settings\\notification.vue": {"path":"C:\\Users\\mahmo\\CMP\\Second Year\\Second Semester\\Software\\symphonia-fe\\src\\components\\User Settings\\notification.vue","statementMap":{"0":{"start":{"line":218,"column":0},"end":{"line":218,"column":null}},"1":{"start":{"line":221,"column":0},"end":{"line":221,"column":null}},"2":{"start":{"line":238,"column":0},"end":{"line":238,"column":null}}},"fnMap":{"0":{"name":"(anonymous_1)","decl":{"start":{"line":220,"column":0},"end":{"line":220,"column":null}},"loc":{"start":{"line":220,"column":0},"end":{"line":232,"column":null}}},"1":{"name":"(anonymous_2)","decl":{"start":{"line":237,"column":0},"end":{"line":237,"column":null}},"loc":{"start":{"line":237,"column":0},"end":{"line":239,"column":null}}}},"branchMap":{},"s":{"0":0,"1":0,"2":0},"f":{"0":0,"1":0},"b":{}}
,"C:\\Users\\mahmo\\CMP\\Second Year\\Second Semester\\Software\\symphonia-fe\\src\\components\\User Settings\\overview.vue": {"path":"C:\\Users\\mahmo\\CMP\\Second Year\\Second Semester\\Software\\symphonia-fe\\src\\components\\User Settings\\overview.vue","statementMap":{"0":{"start":{"line":100,"column":0},"end":{"line":100,"column":null}},"1":{"start":{"line":103,"column":0},"end":{"line":103,"column":null}}},"fnMap":{"0":{"name":"(anonymous_1)","decl":{"start":{"line":102,"column":0},"end":{"line":102,"column":null}},"loc":{"start":{"line":102,"column":0},"end":{"line":110,"column":null}}}},"branchMap":{},"s":{"0":0,"1":0},"f":{"0":0},"b":{}}
,"C:\\Users\\mahmo\\CMP\\Second Year\\Second Semester\\Software\\symphonia-fe\\src\\components\\User Settings\\recoverPlaylist.vue": {"path":"C:\\Users\\mahmo\\CMP\\Second Year\\Second Semester\\Software\\symphonia-fe\\src\\components\\User Settings\\recoverPlaylist.vue","statementMap":{"0":{"start":{"line":52,"column":0},"end":{"line":52,"column":null}},"1":{"start":{"line":55,"column":0},"end":{"line":55,"column":null}},"2":{"start":{"line":74,"column":0},"end":{"line":74,"column":null}}},"fnMap":{"0":{"name":"(anonymous_1)","decl":{"start":{"line":54,"column":0},"end":{"line":54,"column":null}},"loc":{"start":{"line":54,"column":0},"end":{"line":68,"column":null}}},"1":{"name":"(anonymous_2)","decl":{"start":{"line":73,"column":0},"end":{"line":73,"column":null}},"loc":{"start":{"line":73,"column":0},"end":{"line":75,"column":null}}}},"branchMap":{},"s":{"0":0,"1":0,"2":0},"f":{"0":0,"1":0},"b":{}}
,"C:\\Users\\mahmo\\CMP\\Second Year\\Second Semester\\Software\\symphonia-fe\\src\\components\\User Settings\\sideBar.vue": {"path":"C:\\Users\\mahmo\\CMP\\Second Year\\Second Semester\\Software\\symphonia-fe\\src\\components\\User Settings\\sideBar.vue","statementMap":{"0":{"start":{"line":62,"column":0},"end":{"line":62,"column":null}}},"fnMap":{"0":{"name":"(anonymous_1)","decl":{"start":{"line":61,"column":0},"end":{"line":61,"column":null}},"loc":{"start":{"line":61,"column":0},"end":{"line":63,"column":null}}}},"branchMap":{},"s":{"0":0},"f":{"0":0},"b":{}}
,"C:\\Users\\mahmo\\CMP\\Second Year\\Second Semester\\Software\\symphonia-fe\\src\\components\\WebplayerContent\\HomeContentLogin.vue": {"path":"C:\\Users\\mahmo\\CMP\\Second Year\\Second Semester\\Software\\symphonia-fe\\src\\components\\WebplayerContent\\HomeContentLogin.vue","statementMap":{"0":{"start":{"line":16,"column":0},"end":{"line":16,"column":null}}},"fnMap":{"0":{"name":"(anonymous_1)","decl":{"start":{"line":15,"column":0},"end":{"line":15,"column":null}},"loc":{"start":{"line":15,"column":0},"end":{"line":19,"column":null}}}},"branchMap":{},"s":{"0":0},"f":{"0":0},"b":{}}
,"C:\\Users\\mahmo\\CMP\\Second Year\\Second Semester\\Software\\symphonia-fe\\src\\components\\WebplayerContent\\HomeContentRouter.vue": {"path":"C:\\Users\\mahmo\\CMP\\Second Year\\Second Semester\\Software\\symphonia-fe\\src\\components\\WebplayerContent\\HomeContentRouter.vue","statementMap":{"0":{"start":{"line":9,"column":0},"end":{"line":9,"column":null}},"1":{"start":{"line":10,"column":0},"end":{"line":10,"column":null}}},"fnMap":{},"branchMap":{},"s":{"0":0,"1":0},"f":{},"b":{}}
,"C:\\Users\\mahmo\\CMP\\Second Year\\Second Semester\\Software\\symphonia-fe\\src\\components\\WebplayerLayout\\WebNavBar.vue": {"path":"C:\\Users\\mahmo\\CMP\\Second Year\\Second Semester\\Software\\symphonia-fe\\src\\components\\WebplayerLayout\\WebNavBar.vue","statementMap":{"0":{"start":{"line":181,"column":0},"end":{"line":181,"column":null}},"1":{"start":{"line":188,"column":0},"end":{"line":188,"column":null}},"2":{"start":{"line":201,"column":0},"end":{"line":201,"column":null}},"3":{"start":{"line":202,"column":0},"end":{"line":202,"column":null}},"4":{"start":{"line":206,"column":0},"end":{"line":206,"column":null}},"5":{"start":{"line":207,"column":0},"end":{"line":207,"column":null}},"6":{"start":{"line":219,"column":0},"end":{"line":219,"column":null}},"7":{"start":{"line":227,"column":0},"end":{"line":227,"column":null}},"8":{"start":{"line":235,"column":0},"end":{"line":251,"column":null}},"9":{"start":{"line":236,"column":0},"end":{"line":236,"column":null}},"10":{"start":{"line":237,"column":0},"end":{"line":237,"column":null}},"11":{"start":{"line":238,"column":0},"end":{"line":238,"column":null}},"12":{"start":{"line":239,"column":0},"end":{"line":251,"column":null}},"13":{"start":{"line":244,"column":0},"end":{"line":244,"column":null}},"14":{"start":{"line":245,"column":0},"end":{"line":245,"column":null}},"15":{"start":{"line":246,"column":0},"end":{"line":246,"column":null}},"16":{"start":{"line":248,"column":0},"end":{"line":248,"column":null}},"17":{"start":{"line":249,"column":0},"end":{"line":249,"column":null}},"18":{"start":{"line":250,"column":0},"end":{"line":250,"column":null}},"19":{"start":{"line":259,"column":0},"end":{"line":268,"column":null}},"20":{"start":{"line":260,"column":0},"end":{"line":260,"column":null}},"21":{"start":{"line":261,"column":0},"end":{"line":261,"column":null}},"22":{"start":{"line":262,"column":0},"end":{"line":268,"column":null}},"23":{"start":{"line":263,"column":0},"end":{"line":263,"column":null}},"24":{"start":{"line":264,"column":0},"end":{"line":264,"column":null}},"25":{"start":{"line":266,"column":0},"end":{"line":266,"column":null}},"26":{"start":{"line":267,"column":0},"end":{"line":267,"column":null}},"27":{"start":{"line":276,"column":0},"end":{"line":276,"column":null}},"28":{"start":{"line":277,"column":0},"end":{"line":277,"column":null}},"29":{"start":{"line":280,"column":0},"end":{"line":280,"column":null}},"30":{"start":{"line":288,"column":0},"end":{"line":288,"column":null}},"31":{"start":{"line":289,"column":0},"end":{"line":289,"column":null}},"32":{"start":{"line":297,"column":0},"end":{"line":297,"column":null}},"33":{"start":{"line":298,"column":0},"end":{"line":298,"column":null}},"34":{"start":{"line":299,"column":0},"end":{"line":299,"column":null}},"35":{"start":{"line":303,"column":0},"end":{"line":303,"column":null}},"36":{"start":{"line":304,"column":0},"end":{"line":304,"column":null}},"37":{"start":{"line":308,"column":0},"end":{"line":308,"column":null}}},"fnMap":{"0":{"name":"(anonymous_1)","decl":{"start":{"line":187,"column":0},"end":{"line":187,"column":null}},"loc":{"start":{"line":187,"column":0},"end":{"line":199,"column":null}}},"1":{"name":"(anonymous_2)","decl":{"start":{"line":200,"column":0},"end":{"line":200,"column":null}},"loc":{"start":{"line":200,"column":0},"end":{"line":203,"column":null}}},"2":{"name":"(anonymous_3)","decl":{"start":{"line":205,"column":0},"end":{"line":205,"column":null}},"loc":{"start":{"line":205,"column":0},"end":{"line":208,"column":null}}},"3":{"name":"(anonymous_4)","decl":{"start":{"line":217,"column":0},"end":{"line":217,"column":null}},"loc":{"start":{"line":217,"column":0},"end":{"line":220,"column":null}}},"4":{"name":"(anonymous_5)","decl":{"start":{"line":226,"column":0},"end":{"line":226,"column":null}},"loc":{"start":{"line":226,"column":0},"end":{"line":228,"column":null}}},"5":{"name":"(anonymous_6)","decl":{"start":{"line":234,"column":0},"end":{"line":234,"column":null}},"loc":{"start":{"line":234,"column":0},"end":{"line":252,"column":null}}},"6":{"name":"(anonymous_7)","decl":{"start":{"line":258,"column":0},"end":{"line":258,"column":null}},"loc":{"start":{"line":258,"column":0},"end":{"line":269,"column":null}}},"7":{"name":"(anonymous_8)","decl":{"start":{"line":275,"column":0},"end":{"line":275,"column":null}},"loc":{"start":{"line":275,"column":0},"end":{"line":281,"column":null}}},"8":{"name":"(anonymous_9)","decl":{"start":{"line":287,"column":0},"end":{"line":287,"column":null}},"loc":{"start":{"line":287,"column":0},"end":{"line":290,"column":null}}},"9":{"name":"(anonymous_10)","decl":{"start":{"line":296,"column":0},"end":{"line":296,"column":null}},"loc":{"start":{"line":296,"column":0},"end":{"line":300,"column":null}}},"10":{"name":"(anonymous_11)","decl":{"start":{"line":302,"column":0},"end":{"line":302,"column":null}},"loc":{"start":{"line":302,"column":0},"end":{"line":305,"column":null}}},"11":{"name":"(anonymous_12)","decl":{"start":{"line":307,"column":0},"end":{"line":307,"column":null}},"loc":{"start":{"line":307,"column":0},"end":{"line":309,"column":null}}}},"branchMap":{"0":{"loc":{"start":{"line":235,"column":0},"end":{"line":251,"column":null}},"type":"if","locations":[{"start":{"line":235,"column":0},"end":{"line":251,"column":null}},{"start":{"line":235,"column":0},"end":{"line":251,"column":null}}]},"1":{"loc":{"start":{"line":239,"column":0},"end":{"line":251,"column":null}},"type":"if","locations":[{"start":{"line":239,"column":0},"end":{"line":251,"column":null}},{"start":{"line":239,"column":0},"end":{"line":251,"column":null}}]},"2":{"loc":{"start":{"line":239,"column":0},"end":{"line":239,"column":null}},"type":"binary-expr","locations":[{"start":{"line":239,"column":0},"end":{"line":239,"column":null}},{"start":{"line":239,"column":0},"end":{"line":239,"column":null}},{"start":{"line":239,"column":0},"end":{"line":239,"column":null}}]},"3":{"loc":{"start":{"line":259,"column":0},"end":{"line":268,"column":null}},"type":"if","locations":[{"start":{"line":259,"column":0},"end":{"line":268,"column":null}},{"start":{"line":259,"column":0},"end":{"line":268,"column":null}}]},"4":{"loc":{"start":{"line":262,"column":0},"end":{"line":268,"column":null}},"type":"if","locations":[{"start":{"line":262,"column":0},"end":{"line":268,"column":null}},{"start":{"line":262,"column":0},"end":{"line":268,"column":null}}]}},"s":{"0":0,"1":0,"2":0,"3":0,"4":0,"5":0,"6":0,"7":0,"8":0,"9":0,"10":0,"11":0,"12":0,"13":0,"14":0,"15":0,"16":0,"17":0,"18":0,"19":0,"20":0,"21":0,"22":0,"23":0,"24":0,"25":0,"26":0,"27":0,"28":0,"29":0,"30":0,"31":0,"32":0,"33":0,"34":0,"35":0,"36":0,"37":0},"f":{"0":0,"1":0,"2":0,"3":0,"4":0,"5":0,"6":0,"7":0,"8":0,"9":0,"10":0,"11":0},"b":{"0":[0,0],"1":[0,0],"2":[0,0,0],"3":[0,0],"4":[0,0]}}
,"C:\\Users\\mahmo\\CMP\\Second Year\\Second Semester\\Software\\symphonia-fe\\src\\components\\WebplayerLayout\\WebNavDrawer.vue": {"path":"C:\\Users\\mahmo\\CMP\\Second Year\\Second Semester\\Software\\symphonia-fe\\src\\components\\WebplayerLayout\\WebNavDrawer.vue","statementMap":{"0":{"start":{"line":75,"column":0},"end":{"line":75,"column":null}},"1":{"start":{"line":76,"column":0},"end":{"line":76,"column":null}},"2":{"start":{"line":92,"column":0},"end":{"line":92,"column":null}},"3":{"start":{"line":96,"column":0},"end":{"line":96,"column":null}},"4":{"start":{"line":99,"column":0},"end":{"line":99,"column":null}}},"fnMap":{"0":{"name":"(anonymous_1)","decl":{"start":{"line":91,"column":0},"end":{"line":91,"column":null}},"loc":{"start":{"line":91,"column":0},"end":{"line":93,"column":null}}},"1":{"name":"(anonymous_2)","decl":{"start":{"line":96,"column":0},"end":{"line":96,"column":null}},"loc":{"start":{"line":96,"column":0},"end":{"line":96,"column":null}}},"2":{"name":"(anonymous_3)","decl":{"start":{"line":98,"column":0},"end":{"line":98,"column":null}},"loc":{"start":{"line":98,"column":0},"end":{"line":118,"column":null}}}},"branchMap":{},"s":{"0":0,"1":0,"2":0,"3":0,"4":0},"f":{"0":0,"1":0,"2":0},"b":{}}
,"C:\\Users\\mahmo\\CMP\\Second Year\\Second Semester\\Software\\symphonia-fe\\src\\components\\collection\\Albums.vue": {"path":"C:\\Users\\mahmo\\CMP\\Second Year\\Second Semester\\Software\\symphonia-fe\\src\\components\\collection\\Albums.vue","statementMap":{"0":{"start":{"line":9,"column":0},"end":{"line":9,"column":null}},"1":{"start":{"line":16,"column":0},"end":{"line":16,"column":null}},"2":{"start":{"line":67,"column":0},"end":{"line":67,"column":null}}},"fnMap":{"0":{"name":"(anonymous_1)","decl":{"start":{"line":15,"column":0},"end":{"line":15,"column":null}},"loc":{"start":{"line":15,"column":0},"end":{"line":64,"column":null}}},"1":{"name":"(anonymous_2)","decl":{"start":{"line":66,"column":0},"end":{"line":66,"column":null}},"loc":{"start":{"line":66,"column":0},"end":{"line":68,"column":null}}}},"branchMap":{"0":{"loc":{"start":{"line":67,"column":0},"end":{"line":67,"column":null}},"type":"if","locations":[{"start":{"line":67,"column":0},"end":{"line":67,"column":null}},{"start":{"line":67,"column":0},"end":{"line":67,"column":null}}]}},"s":{"0":0,"1":0,"2":0},"f":{"0":0,"1":0},"b":{"0":[0,0]}}
,"C:\\Users\\mahmo\\CMP\\Second Year\\Second Semester\\Software\\symphonia-fe\\src\\components\\collection\\Artists.vue": {"path":"C:\\Users\\mahmo\\CMP\\Second Year\\Second Semester\\Software\\symphonia-fe\\src\\components\\collection\\Artists.vue","statementMap":{"0":{"start":{"line":9,"column":0},"end":{"line":9,"column":null}},"1":{"start":{"line":16,"column":0},"end":{"line":16,"column":null}},"2":{"start":{"line":84,"column":0},"end":{"line":84,"column":null}}},"fnMap":{"0":{"name":"(anonymous_1)","decl":{"start":{"line":15,"column":0},"end":{"line":15,"column":null}},"loc":{"start":{"line":15,"column":0},"end":{"line":81,"column":null}}},"1":{"name":"(anonymous_2)","decl":{"start":{"line":83,"column":0},"end":{"line":83,"column":null}},"loc":{"start":{"line":83,"column":0},"end":{"line":85,"column":null}}}},"branchMap":{"0":{"loc":{"start":{"line":84,"column":0},"end":{"line":84,"column":null}},"type":"if","locations":[{"start":{"line":84,"column":0},"end":{"line":84,"column":null}},{"start":{"line":84,"column":0},"end":{"line":84,"column":null}}]}},"s":{"0":0,"1":0,"2":0},"f":{"0":0,"1":0},"b":{"0":[0,0]}}
,"C:\\Users\\mahmo\\CMP\\Second Year\\Second Semester\\Software\\symphonia-fe\\src\\components\\collection\\Playlists.vue": {"path":"C:\\Users\\mahmo\\CMP\\Second Year\\Second Semester\\Software\\symphonia-fe\\src\\components\\collection\\Playlists.vue","statementMap":{"0":{"start":{"line":148,"column":0},"end":{"line":148,"column":null}},"1":{"start":{"line":238,"column":0},"end":{"line":238,"column":null}},"2":{"start":{"line":239,"column":0},"end":{"line":239,"column":null}},"3":{"start":{"line":240,"column":0},"end":{"line":240,"column":null}},"4":{"start":{"line":246,"column":0},"end":{"line":253,"column":null}},"5":{"start":{"line":248,"column":0},"end":{"line":248,"column":null}},"6":{"start":{"line":249,"column":0},"end":{"line":253,"column":null}},"7":{"start":{"line":250,"column":0},"end":{"line":250,"column":null}},"8":{"start":{"line":252,"column":0},"end":{"line":252,"column":null}}},"fnMap":{"0":{"name":"(anonymous_1)","decl":{"start":{"line":147,"column":0},"end":{"line":147,"column":null}},"loc":{"start":{"line":147,"column":0},"end":{"line":232,"column":null}}},"1":{"name":"(anonymous_2)","decl":{"start":{"line":233,"column":0},"end":{"line":233,"column":null}},"loc":{"start":{"line":233,"column":0},"end":{"line":233,"column":null}}},"2":{"name":"(anonymous_3)","decl":{"start":{"line":237,"column":0},"end":{"line":237,"column":null}},"loc":{"start":{"line":237,"column":0},"end":{"line":241,"column":null}}},"3":{"name":"(anonymous_4)","decl":{"start":{"line":245,"column":0},"end":{"line":245,"column":null}},"loc":{"start":{"line":245,"column":0},"end":{"line":254,"column":null}}}},"branchMap":{"0":{"loc":{"start":{"line":246,"column":0},"end":{"line":253,"column":null}},"type":"if","locations":[{"start":{"line":246,"column":0},"end":{"line":253,"column":null}},{"start":{"line":246,"column":0},"end":{"line":253,"column":null}}]},"1":{"loc":{"start":{"line":249,"column":0},"end":{"line":253,"column":null}},"type":"if","locations":[{"start":{"line":249,"column":0},"end":{"line":253,"column":null}},{"start":{"line":249,"column":0},"end":{"line":253,"column":null}}]}},"s":{"0":0,"1":0,"2":0,"3":0,"4":0,"5":0,"6":0,"7":0,"8":0},"f":{"0":0,"1":0,"2":0,"3":0},"b":{"0":[0,0],"1":[0,0]}}
,"C:\\Users\\mahmo\\CMP\\Second Year\\Second Semester\\Software\\symphonia-fe\\src\\components\\general\\CardGrid.vue": {"path":"C:\\Users\\mahmo\\CMP\\Second Year\\Second Semester\\Software\\symphonia-fe\\src\\components\\general\\CardGrid.vue","statementMap":{"0":{"start":{"line":102,"column":0},"end":{"line":102,"column":null}},"1":{"start":{"line":110,"column":0},"end":{"line":110,"column":null}},"2":{"start":{"line":111,"column":0},"end":{"line":111,"column":null}},"3":{"start":{"line":112,"column":0},"end":{"line":112,"column":null}},"4":{"start":{"line":118,"column":0},"end":{"line":118,"column":null}}},"fnMap":{"0":{"name":"(anonymous_1)","decl":{"start":{"line":101,"column":0},"end":{"line":101,"column":null}},"loc":{"start":{"line":101,"column":0},"end":{"line":105,"column":null}}},"1":{"name":"(anonymous_2)","decl":{"start":{"line":106,"column":0},"end":{"line":106,"column":null}},"loc":{"start":{"line":106,"column":0},"end":{"line":106,"column":null}}},"2":{"name":"(anonymous_3)","decl":{"start":{"line":109,"column":0},"end":{"line":109,"column":null}},"loc":{"start":{"line":109,"column":0},"end":{"line":113,"column":null}}},"3":{"name":"(anonymous_4)","decl":{"start":{"line":117,"column":0},"end":{"line":117,"column":null}},"loc":{"start":{"line":117,"column":0},"end":{"line":123,"column":null}}}},"branchMap":{"0":{"loc":{"start":{"line":118,"column":0},"end":{"line":118,"column":null}},"type":"if","locations":[{"start":{"line":118,"column":0},"end":{"line":118,"column":null}},{"start":{"line":118,"column":0},"end":{"line":118,"column":null}}]}},"s":{"0":0,"1":0,"2":0,"3":0,"4":0},"f":{"0":0,"1":0,"2":0,"3":0},"b":{"0":[0,0]}}
,"C:\\Users\\mahmo\\CMP\\Second Year\\Second Semester\\Software\\symphonia-fe\\src\\components\\general\\Song.vue": {"path":"C:\\Users\\mahmo\\CMP\\Second Year\\Second Semester\\Software\\symphonia-fe\\src\\components\\general\\Song.vue","statementMap":{"0":{"start":{"line":61,"column":0},"end":{"line":61,"column":null}},"1":{"start":{"line":75,"column":0},"end":{"line":75,"column":null}},"2":{"start":{"line":76,"column":0},"end":{"line":76,"column":null}},"3":{"start":{"line":85,"column":0},"end":{"line":85,"column":null}},"4":{"start":{"line":86,"column":0},"end":{"line":86,"column":null}}},"fnMap":{"0":{"name":"(anonymous_1)","decl":{"start":{"line":60,"column":0},"end":{"line":60,"column":null}},"loc":{"start":{"line":60,"column":0},"end":{"line":73,"column":null}}},"1":{"name":"(anonymous_2)","decl":{"start":{"line":74,"column":0},"end":{"line":74,"column":null}},"loc":{"start":{"line":74,"column":0},"end":{"line":77,"column":null}}},"2":{"name":"(anonymous_3)","decl":{"start":{"line":84,"column":0},"end":{"line":84,"column":null}},"loc":{"start":{"line":84,"column":0},"end":{"line":87,"column":null}}}},"branchMap":{},"s":{"0":0,"1":0,"2":0,"3":0,"4":0},"f":{"0":0,"1":0,"2":0},"b":{}}
,"C:\\Users\\mahmo\\CMP\\Second Year\\Second Semester\\Software\\symphonia-fe\\src\\views\\Home.vue": {"path":"C:\\Users\\mahmo\\CMP\\Second Year\\Second Semester\\Software\\symphonia-fe\\src\\views\\Home.vue","statementMap":{"0":{"start":{"line":11,"column":0},"end":{"line":11,"column":null}},"1":{"start":{"line":12,"column":0},"end":{"line":12,"column":null}},"2":{"start":{"line":13,"column":0},"end":{"line":13,"column":null}},"3":{"start":{"line":14,"column":0},"end":{"line":14,"column":null}},"4":{"start":{"line":15,"column":0},"end":{"line":15,"column":null}},"5":{"start":{"line":33,"column":0},"end":{"line":36,"column":null}},"6":{"start":{"line":35,"column":0},"end":{"line":35,"column":null}}},"fnMap":{"0":{"name":"(anonymous_1)","decl":{"start":{"line":32,"column":0},"end":{"line":32,"column":null}},"loc":{"start":{"line":32,"column":0},"end":{"line":37,"column":null}}},"1":{"name":"(anonymous_2)","decl":{"start":{"line":33,"column":0},"end":{"line":33,"column":null}},"loc":{"start":{"line":33,"column":0},"end":{"line":36,"column":null}}}},"branchMap":{},"s":{"0":0,"1":0,"2":0,"3":0,"4":0,"5":0,"6":0},"f":{"0":0,"1":0},"b":{}}
,"C:\\Users\\mahmo\\CMP\\Second Year\\Second Semester\\Software\\symphonia-fe\\src\\views\\LikedSongs.vue": {"path":"C:\\Users\\mahmo\\CMP\\Second Year\\Second Semester\\Software\\symphonia-fe\\src\\views\\LikedSongs.vue","statementMap":{"0":{"start":{"line":96,"column":0},"end":{"line":96,"column":null}},"1":{"start":{"line":97,"column":0},"end":{"line":97,"column":null}},"2":{"start":{"line":98,"column":0},"end":{"line":98,"column":null}},"3":{"start":{"line":108,"column":0},"end":{"line":108,"column":null}},"4":{"start":{"line":117,"column":0},"end":{"line":117,"column":null}},"5":{"start":{"line":120,"column":0},"end":{"line":120,"column":null}}},"fnMap":{"0":{"name":"(anonymous_1)","decl":{"start":{"line":107,"column":0},"end":{"line":107,"column":null}},"loc":{"start":{"line":107,"column":0},"end":{"line":112,"column":null}}},"1":{"name":"(anonymous_2)","decl":{"start":{"line":116,"column":0},"end":{"line":116,"column":null}},"loc":{"start":{"line":116,"column":0},"end":{"line":118,"column":null}}},"2":{"name":"(anonymous_3)","decl":{"start":{"line":120,"column":0},"end":{"line":120,"column":null}},"loc":{"start":{"line":120,"column":0},"end":{"line":120,"column":null}}}},"branchMap":{},"s":{"0":0,"1":0,"2":0,"3":0,"4":0,"5":0},"f":{"0":0,"1":0,"2":0},"b":{}}
,"C:\\Users\\mahmo\\CMP\\Second Year\\Second Semester\\Software\\symphonia-fe\\src\\views\\Login.vue": {"path":"C:\\Users\\mahmo\\CMP\\Second Year\\Second Semester\\Software\\symphonia-fe\\src\\views\\Login.vue","statementMap":{"0":{"start":{"line":189,"column":0},"end":{"line":189,"column":null}},"1":{"start":{"line":190,"column":0},"end":{"line":190,"column":null}},"2":{"start":{"line":199,"column":0},"end":{"line":199,"column":null}},"3":{"start":{"line":208,"column":0},"end":{"line":208,"column":null}},"4":{"start":{"line":212,"column":0},"end":{"line":212,"column":null}},"5":{"start":{"line":218,"column":0},"end":{"line":218,"column":null}},"6":{"start":{"line":227,"column":0},"end":{"line":227,"column":null}},"7":{"start":{"line":237,"column":0},"end":{"line":251,"column":null}},"8":{"start":{"line":238,"column":0},"end":{"line":250,"column":null}},"9":{"start":{"line":245,"column":0},"end":{"line":245,"column":null}},"10":{"start":{"line":248,"column":0},"end":{"line":248,"column":null}},"11":{"start":{"line":249,"column":0},"end":{"line":249,"column":null}}},"fnMap":{"0":{"name":"(anonymous_1)","decl":{"start":{"line":198,"column":0},"end":{"line":198,"column":null}},"loc":{"start":{"line":198,"column":0},"end":{"line":214,"column":null}}},"1":{"name":"(anonymous_2)","decl":{"start":{"line":208,"column":0},"end":{"line":208,"column":null}},"loc":{"start":{"line":208,"column":0},"end":{"line":208,"column":null}}},"2":{"name":"(anonymous_4)","decl":{"start":{"line":212,"column":0},"end":{"line":212,"column":null}},"loc":{"start":{"line":212,"column":0},"end":{"line":212,"column":null}}},"3":{"name":"(anonymous_5)","decl":{"start":{"line":216,"column":0},"end":{"line":216,"column":null}},"loc":{"start":{"line":216,"column":0},"end":{"line":220,"column":null}}},"4":{"name":"(anonymous_6)","decl":{"start":{"line":226,"column":0},"end":{"line":226,"column":null}},"loc":{"start":{"line":226,"column":0},"end":{"line":229,"column":null}}},"5":{"name":"(anonymous_7)","decl":{"start":{"line":235,"column":0},"end":{"line":235,"column":null}},"loc":{"start":{"line":235,"column":0},"end":{"line":252,"column":null}}},"6":{"name":"(anonymous_8)","decl":{"start":{"line":239,"column":0},"end":{"line":239,"column":null}},"loc":{"start":{"line":239,"column":0},"end":{"line":246,"column":null}}},"7":{"name":"(anonymous_9)","decl":{"start":{"line":246,"column":0},"end":{"line":246,"column":null}},"loc":{"start":{"line":246,"column":0},"end":{"line":250,"column":null}}}},"branchMap":{"0":{"loc":{"start":{"line":208,"column":0},"end":{"line":208,"column":null}},"type":"binary-expr","locations":[{"start":{"line":208,"column":0},"end":{"line":208,"column":null}},{"start":{"line":208,"column":0},"end":{"line":208,"column":null}}]},"1":{"loc":{"start":{"line":212,"column":0},"end":{"line":212,"column":null}},"type":"binary-expr","locations":[{"start":{"line":212,"column":0},"end":{"line":212,"column":null}},{"start":{"line":212,"column":0},"end":{"line":212,"column":null}}]},"2":{"loc":{"start":{"line":218,"column":0},"end":{"line":218,"column":null}},"type":"if","locations":[{"start":{"line":218,"column":0},"end":{"line":218,"column":null}},{"start":{"line":218,"column":0},"end":{"line":218,"column":null}}]},"3":{"loc":{"start":{"line":227,"column":0},"end":{"line":227,"column":null}},"type":"if","locations":[{"start":{"line":227,"column":0},"end":{"line":227,"column":null}},{"start":{"line":227,"column":0},"end":{"line":227,"column":null}}]},"4":{"loc":{"start":{"line":237,"column":0},"end":{"line":251,"column":null}},"type":"if","locations":[{"start":{"line":237,"column":0},"end":{"line":251,"column":null}},{"start":{"line":237,"column":0},"end":{"line":251,"column":null}}]}},"s":{"0":1,"1":1,"2":10,"3":24,"4":11,"5":10,"6":0,"7":0,"8":0,"9":0,"10":0,"11":0},"f":{"0":10,"1":24,"2":11,"3":10,"4":0,"5":0,"6":0,"7":0},"b":{"0":[24,21],"1":[11,10],"2":[0,10],"3":[0,0],"4":[0,0]}}
,"C:\\Users\\mahmo\\CMP\\Second Year\\Second Semester\\Software\\symphonia-fe\\src\\views\\PremiumOffer.vue": {"path":"C:\\Users\\mahmo\\CMP\\Second Year\\Second Semester\\Software\\symphonia-fe\\src\\views\\PremiumOffer.vue","statementMap":{"0":{"start":{"line":10,"column":0},"end":{"line":10,"column":null}},"1":{"start":{"line":11,"column":0},"end":{"line":11,"column":null}},"2":{"start":{"line":12,"column":0},"end":{"line":12,"column":null}}},"fnMap":{},"branchMap":{},"s":{"0":0,"1":0,"2":0},"f":{},"b":{}}
,"C:\\Users\\mahmo\\CMP\\Second Year\\Second Semester\\Software\\symphonia-fe\\src\\views\\SignUp.vue": {"path":"C:\\Users\\mahmo\\CMP\\Second Year\\Second Semester\\Software\\symphonia-fe\\src\\views\\SignUp.vue","statementMap":{"0":{"start":{"line":206,"column":0},"end":{"line":206,"column":null}},"1":{"start":{"line":207,"column":0},"end":{"line":207,"column":null}},"2":{"start":{"line":214,"column":0},"end":{"line":214,"column":null}},"3":{"start":{"line":229,"column":0},"end":{"line":229,"column":null}},"4":{"start":{"line":233,"column":0},"end":{"line":233,"column":null}},"5":{"start":{"line":237,"column":0},"end":{"line":237,"column":null}},"6":{"start":{"line":240,"column":0},"end":{"line":240,"column":null}},"7":{"start":{"line":245,"column":0},"end":{"line":245,"column":null}},"8":{"start":{"line":246,"column":0},"end":{"line":246,"column":null}},"9":{"start":{"line":247,"column":0},"end":{"line":247,"column":null}},"10":{"start":{"line":248,"column":0},"end":{"line":248,"column":null}},"11":{"start":{"line":273,"column":0},"end":{"line":273,"column":null}},"12":{"start":{"line":287,"column":0},"end":{"line":289,"column":null}},"13":{"start":{"line":288,"column":0},"end":{"line":288,"column":null}},"14":{"start":{"line":290,"column":0},"end":{"line":301,"column":null}},"15":{"start":{"line":291,"column":0},"end":{"line":291,"column":null}},"16":{"start":{"line":297,"column":0},"end":{"line":297,"column":null}},"17":{"start":{"line":307,"column":0},"end":{"line":309,"column":null}},"18":{"start":{"line":308,"column":0},"end":{"line":308,"column":null}},"19":{"start":{"line":318,"column":0},"end":{"line":326,"column":null}},"20":{"start":{"line":319,"column":0},"end":{"line":325,"column":null}},"21":{"start":{"line":320,"column":0},"end":{"line":320,"column":null}},"22":{"start":{"line":322,"column":0},"end":{"line":322,"column":null}},"23":{"start":{"line":335,"column":0},"end":{"line":348,"column":null}},"24":{"start":{"line":337,"column":0},"end":{"line":337,"column":null}},"25":{"start":{"line":339,"column":0},"end":{"line":347,"column":null}},"26":{"start":{"line":342,"column":0},"end":{"line":342,"column":null}},"27":{"start":{"line":346,"column":0},"end":{"line":346,"column":null}}},"fnMap":{"0":{"name":"(anonymous_1)","decl":{"start":{"line":213,"column":0},"end":{"line":213,"column":null}},"loc":{"start":{"line":213,"column":0},"end":{"line":266,"column":null}}},"1":{"name":"(anonymous_2)","decl":{"start":{"line":229,"column":0},"end":{"line":229,"column":null}},"loc":{"start":{"line":229,"column":0},"end":{"line":229,"column":null}}},"2":{"name":"(anonymous_4)","decl":{"start":{"line":233,"column":0},"end":{"line":233,"column":null}},"loc":{"start":{"line":233,"column":0},"end":{"line":233,"column":null}}},"3":{"name":"(anonymous_6)","decl":{"start":{"line":237,"column":0},"end":{"line":237,"column":null}},"loc":{"start":{"line":237,"column":0},"end":{"line":237,"column":null}}},"4":{"name":"(anonymous_7)","decl":{"start":{"line":240,"column":0},"end":{"line":240,"column":null}},"loc":{"start":{"line":240,"column":0},"end":{"line":240,"column":null}}},"5":{"name":"(anonymous_9)","decl":{"start":{"line":245,"column":0},"end":{"line":245,"column":null}},"loc":{"start":{"line":245,"column":0},"end":{"line":245,"column":null}}},"6":{"name":"(anonymous_10)","decl":{"start":{"line":246,"column":0},"end":{"line":246,"column":null}},"loc":{"start":{"line":246,"column":0},"end":{"line":246,"column":null}}},"7":{"name":"(anonymous_11)","decl":{"start":{"line":247,"column":0},"end":{"line":247,"column":null}},"loc":{"start":{"line":247,"column":0},"end":{"line":247,"column":null}}},"8":{"name":"(anonymous_12)","decl":{"start":{"line":248,"column":0},"end":{"line":248,"column":null}},"loc":{"start":{"line":248,"column":0},"end":{"line":248,"column":null}}},"9":{"name":"(anonymous_13)","decl":{"start":{"line":272,"column":0},"end":{"line":272,"column":null}},"loc":{"start":{"line":272,"column":0},"end":{"line":280,"column":null}}},"10":{"name":"(anonymous_14)","decl":{"start":{"line":273,"column":0},"end":{"line":273,"column":null}},"loc":{"start":{"line":273,"column":0},"end":{"line":273,"column":null}}},"11":{"name":"(anonymous_16)","decl":{"start":{"line":284,"column":0},"end":{"line":284,"column":null}},"loc":{"start":{"line":284,"column":0},"end":{"line":302,"column":null}}},"12":{"name":"(anonymous_17)","decl":{"start":{"line":305,"column":0},"end":{"line":305,"column":null}},"loc":{"start":{"line":305,"column":0},"end":{"line":310,"column":null}}},"13":{"name":"(anonymous_18)","decl":{"start":{"line":317,"column":0},"end":{"line":317,"column":null}},"loc":{"start":{"line":317,"column":0},"end":{"line":327,"column":null}}},"14":{"name":"(anonymous_19)","decl":{"start":{"line":334,"column":0},"end":{"line":334,"column":null}},"loc":{"start":{"line":334,"column":0},"end":{"line":349,"column":null}}},"15":{"name":"(anonymous_20)","decl":{"start":{"line":339,"column":0},"end":{"line":339,"column":null}},"loc":{"start":{"line":339,"column":0},"end":{"line":343,"column":null}}}},"branchMap":{"0":{"loc":{"start":{"line":229,"column":0},"end":{"line":229,"column":null}},"type":"binary-expr","locations":[{"start":{"line":229,"column":0},"end":{"line":229,"column":null}},{"start":{"line":229,"column":0},"end":{"line":229,"column":null}}]},"1":{"loc":{"start":{"line":233,"column":0},"end":{"line":233,"column":null}},"type":"binary-expr","locations":[{"start":{"line":233,"column":0},"end":{"line":233,"column":null}},{"start":{"line":233,"column":0},"end":{"line":233,"column":null}}]},"2":{"loc":{"start":{"line":233,"column":0},"end":{"line":233,"column":null}},"type":"binary-expr","locations":[{"start":{"line":233,"column":0},"end":{"line":233,"column":null}},{"start":{"line":233,"column":0},"end":{"line":233,"column":null}},{"start":{"line":233,"column":0},"end":{"line":233,"column":null}}]},"3":{"loc":{"start":{"line":237,"column":0},"end":{"line":237,"column":null}},"type":"binary-expr","locations":[{"start":{"line":237,"column":0},"end":{"line":237,"column":null}},{"start":{"line":237,"column":0},"end":{"line":237,"column":null}},{"start":{"line":237,"column":0},"end":{"line":237,"column":null}}]},"4":{"loc":{"start":{"line":240,"column":0},"end":{"line":240,"column":null}},"type":"binary-expr","locations":[{"start":{"line":240,"column":0},"end":{"line":240,"column":null}},{"start":{"line":240,"column":0},"end":{"line":240,"column":null}}]},"5":{"loc":{"start":{"line":245,"column":0},"end":{"line":245,"column":null}},"type":"binary-expr","locations":[{"start":{"line":245,"column":0},"end":{"line":245,"column":null}},{"start":{"line":245,"column":0},"end":{"line":245,"column":null}}]},"6":{"loc":{"start":{"line":246,"column":0},"end":{"line":246,"column":null}},"type":"binary-expr","locations":[{"start":{"line":246,"column":0},"end":{"line":246,"column":null}},{"start":{"line":246,"column":0},"end":{"line":246,"column":null}}]},"7":{"loc":{"start":{"line":247,"column":0},"end":{"line":247,"column":null}},"type":"binary-expr","locations":[{"start":{"line":247,"column":0},"end":{"line":247,"column":null}},{"start":{"line":247,"column":0},"end":{"line":247,"column":null}}]},"8":{"loc":{"start":{"line":248,"column":0},"end":{"line":248,"column":null}},"type":"binary-expr","locations":[{"start":{"line":248,"column":0},"end":{"line":248,"column":null}},{"start":{"line":248,"column":0},"end":{"line":248,"column":null}}]},"9":{"loc":{"start":{"line":273,"column":0},"end":{"line":273,"column":null}},"type":"binary-expr","locations":[{"start":{"line":273,"column":0},"end":{"line":273,"column":null}},{"start":{"line":273,"column":0},"end":{"line":273,"column":null}}]},"10":{"loc":{"start":{"line":288,"column":0},"end":{"line":288,"column":null}},"type":"if","locations":[{"start":{"line":288,"column":0},"end":{"line":288,"column":null}},{"start":{"line":288,"column":0},"end":{"line":288,"column":null}}]},"11":{"loc":{"start":{"line":290,"column":0},"end":{"line":301,"column":null}},"type":"if","locations":[{"start":{"line":290,"column":0},"end":{"line":301,"column":null}},{"start":{"line":290,"column":0},"end":{"line":301,"column":null}}]},"12":{"loc":{"start":{"line":290,"column":0},"end":{"line":290,"column":null}},"type":"binary-expr","locations":[{"start":{"line":290,"column":0},"end":{"line":290,"column":null}},{"start":{"line":290,"column":0},"end":{"line":290,"column":null}}]},"13":{"loc":{"start":{"line":291,"column":0},"end":{"line":291,"column":null}},"type":"if","locations":[{"start":{"line":291,"column":0},"end":{"line":291,"column":null}},{"start":{"line":291,"column":0},"end":{"line":291,"column":null}}]},"14":{"loc":{"start":{"line":297,"column":0},"end":{"line":297,"column":null}},"type":"if","locations":[{"start":{"line":297,"column":0},"end":{"line":297,"column":null}},{"start":{"line":297,"column":0},"end":{"line":297,"column":null}}]},"15":{"loc":{"start":{"line":307,"column":0},"end":{"line":309,"column":null}},"type":"if","locations":[{"start":{"line":307,"column":0},"end":{"line":309,"column":null}},{"start":{"line":307,"column":0},"end":{"line":309,"column":null}}]},"16":{"loc":{"start":{"line":318,"column":0},"end":{"line":326,"column":null}},"type":"if","locations":[{"start":{"line":318,"column":0},"end":{"line":326,"column":null}},{"start":{"line":318,"column":0},"end":{"line":326,"column":null}}]},"17":{"loc":{"start":{"line":319,"column":0},"end":{"line":325,"column":null}},"type":"if","locations":[{"start":{"line":319,"column":0},"end":{"line":325,"column":null}},{"start":{"line":319,"column":0},"end":{"line":325,"column":null}}]},"18":{"loc":{"start":{"line":322,"column":0},"end":{"line":322,"column":null}},"type":"if","locations":[{"start":{"line":322,"column":0},"end":{"line":322,"column":null}},{"start":{"line":322,"column":0},"end":{"line":322,"column":null}}]},"19":{"loc":{"start":{"line":335,"column":0},"end":{"line":348,"column":null}},"type":"if","locations":[{"start":{"line":335,"column":0},"end":{"line":348,"column":null}},{"start":{"line":335,"column":0},"end":{"line":348,"column":null}}]},"20":{"loc":{"start":{"line":335,"column":0},"end":{"line":335,"column":null}},"type":"binary-expr","locations":[{"start":{"line":335,"column":0},"end":{"line":335,"column":null}},{"start":{"line":335,"column":0},"end":{"line":335,"column":null}}]}},"s":{"0":0,"1":0,"2":0,"3":0,"4":0,"5":0,"6":0,"7":0,"8":0,"9":0,"10":0,"11":0,"12":0,"13":0,"14":0,"15":0,"16":0,"17":0,"18":0,"19":0,"20":0,"21":0,"22":0,"23":0,"24":0,"25":0,"26":0,"27":0},"f":{"0":0,"1":0,"2":0,"3":0,"4":0,"5":0,"6":0,"7":0,"8":0,"9":0,"10":0,"11":0,"12":0,"13":0,"14":0,"15":0},"b":{"0":[0,0],"1":[0,0],"2":[0,0,0],"3":[0,0,0],"4":[0,0],"5":[0,0],"6":[0,0],"7":[0,0],"8":[0,0],"9":[0,0],"10":[0,0],"11":[0,0],"12":[0,0],"13":[0,0],"14":[0,0],"15":[0,0],"16":[0,0],"17":[0,0],"18":[0,0],"19":[0,0],"20":[0,0]}}
,"C:\\Users\\mahmo\\CMP\\Second Year\\Second Semester\\Software\\symphonia-fe\\src\\views\\User_Settings.vue": {"path":"C:\\Users\\mahmo\\CMP\\Second Year\\Second Semester\\Software\\symphonia-fe\\src\\views\\User_Settings.vue","statementMap":{"0":{"start":{"line":26,"column":0},"end":{"line":26,"column":null}},"1":{"start":{"line":27,"column":0},"end":{"line":27,"column":null}},"2":{"start":{"line":28,"column":0},"end":{"line":28,"column":null}},"3":{"start":{"line":29,"column":0},"end":{"line":29,"column":null}},"4":{"start":{"line":30,"column":0},"end":{"line":30,"column":null}},"5":{"start":{"line":31,"column":0},"end":{"line":31,"column":null}},"6":{"start":{"line":32,"column":0},"end":{"line":32,"column":null}},"7":{"start":{"line":35,"column":0},"end":{"line":35,"column":null}}},"fnMap":{"0":{"name":"(anonymous_1)","decl":{"start":{"line":34,"column":0},"end":{"line":34,"column":null}},"loc":{"start":{"line":34,"column":0},"end":{"line":36,"column":null}}}},"branchMap":{},"s":{"0":0,"1":0,"2":0,"3":0,"4":0,"5":0,"6":0,"7":0},"f":{"0":0},"b":{}}
,"C:\\Users\\mahmo\\CMP\\Second Year\\Second Semester\\Software\\symphonia-fe\\src\\views\\WebPlayerHome.vue": {"path":"C:\\Users\\mahmo\\CMP\\Second Year\\Second Semester\\Software\\symphonia-fe\\src\\views\\WebPlayerHome.vue","statementMap":{"0":{"start":{"line":19,"column":0},"end":{"line":19,"column":null}},"1":{"start":{"line":20,"column":0},"end":{"line":20,"column":null}},"2":{"start":{"line":21,"column":0},"end":{"line":21,"column":null}},"3":{"start":{"line":22,"column":0},"end":{"line":22,"column":null}},"4":{"start":{"line":36,"column":0},"end":{"line":39,"column":null}},"5":{"start":{"line":37,"column":0},"end":{"line":37,"column":null}},"6":{"start":{"line":38,"column":0},"end":{"line":38,"column":null}},"7":{"start":{"line":42,"column":0},"end":{"line":42,"column":null}}},"fnMap":{"0":{"name":"(anonymous_1)","decl":{"start":{"line":34,"column":0},"end":{"line":34,"column":null}},"loc":{"start":{"line":34,"column":0},"end":{"line":43,"column":null}}},"1":{"name":"(anonymous_2)","decl":{"start":{"line":36,"column":0},"end":{"line":36,"column":null}},"loc":{"start":{"line":36,"column":0},"end":{"line":39,"column":null}}}},"branchMap":{},"s":{"0":0,"1":0,"2":0,"3":0,"4":0,"5":0,"6":0,"7":0},"f":{"0":0,"1":0},"b":{}}
}
