TN:
SF:C:\Users\mahmo\CMP\Second Year\Second Semester\Software\symphonia-fe\src\App.vue
FN:10,(anonymous_1)
FNF:1
FNH:0
FNDA:0,(anonymous_1)
DA:10,0
LF:1
LH:0
BRF:0
BRH:0
end_of_record
TN:
SF:C:\Users\mahmo\CMP\Second Year\Second Semester\Software\symphonia-fe\src\components\CreatePlaylist.vue
FN:83,(anonymous_1)
FN:96,(anonymous_2)
FN:113,(anonymous_3)
FNF:3
FNH:2
FNDA:9,(anonymous_1)
FNDA:0,(anonymous_2)
FNDA:2,(anonymous_3)
DA:74,1
DA:75,1
DA:84,9
DA:98,0
DA:99,0
DA:105,0
DA:106,0
DA:114,2
DA:115,2
LF:9
LH:5
BRDA:98,0,0,0
BRDA:98,0,1,0
BRF:2
BRH:0
end_of_record
TN:
SF:C:\Users\mahmo\CMP\Second Year\Second Semester\Software\symphonia-fe\src\components\Homepage\TheHomepageContent.vue
FNF:0
FNH:0
DA:30,1
LF:1
LH:1
BRF:0
BRH:0
end_of_record
TN:
SF:C:\Users\mahmo\CMP\Second Year\Second Semester\Software\symphonia-fe\src\components\Homepage\TheHomepageFooter.vue
FNF:0
FNH:0
DA:113,1
LF:1
LH:1
BRF:0
BRH:0
end_of_record
TN:
SF:C:\Users\mahmo\CMP\Second Year\Second Semester\Software\symphonia-fe\src\components\Homepage\TheHomepageLoginContent.vue
FN:188,(anonymous_1)
FN:195,(anonymous_2)
FN:196,(anonymous_3)
FNF:3
FNH:0
FNDA:0,(anonymous_1)
FNDA:0,(anonymous_2)
FNDA:0,(anonymous_3)
DA:175,1
DA:176,1
DA:189,0
DA:196,0
DA:197,0
DA:198,0
DA:199,0
LF:7
LH:2
BRF:0
BRH:0
end_of_record
TN:
SF:C:\Users\mahmo\CMP\Second Year\Second Semester\Software\symphonia-fe\src\components\Homepage\TheHomepageNavigationBar.vue
FN:245,(anonymous_1)
FN:252,(anonymous_2)
FN:261,(anonymous_3)
FNF:3
FNH:0
FNDA:0,(anonymous_1)
FNDA:0,(anonymous_2)
FNDA:0,(anonymous_3)
DA:233,1
DA:234,1
DA:246,0
DA:253,0
DA:262,0
DA:263,0
DA:264,0
LF:7
LH:2
BRF:0
BRH:0
end_of_record
TN:
SF:C:\Users\mahmo\CMP\Second Year\Second Semester\Software\symphonia-fe\src\components\Homepage\TheHomepagePremiumContent.vue
FN:142,(anonymous_1)
FN:175,(anonymous_2)
FN:184,(anonymous_3)
FN:197,(anonymous_4)
FN:202,(anonymous_5)
FN:206,(anonymous_6)
FNF:6
FNH:0
FNDA:0,(anonymous_1)
FNDA:0,(anonymous_2)
FNDA:0,(anonymous_3)
FNDA:0,(anonymous_4)
FNDA:0,(anonymous_5)
FNDA:0,(anonymous_6)
DA:132,0
DA:143,0
DA:176,0
DA:177,0
DA:185,0
DA:186,0
DA:187,0
DA:189,0
DA:198,0
DA:203,0
DA:207,0
LF:11
LH:0
BRDA:186,0,0,0
BRDA:186,0,1,0
BRF:2
BRH:0
end_of_record
TN:
SF:C:\Users\mahmo\CMP\Second Year\Second Semester\Software\symphonia-fe\src\components\PasswordMangement\PassChange.vue
FN:114,(anonymous_1)
FN:125,(anonymous_2)
FN:129,(anonymous_4)
FN:132,(anonymous_5)
FN:142,(anonymous_6)
FN:153,(anonymous_7)
FN:160,(anonymous_8)
FN:175,(anonymous_9)
FN:186,(anonymous_10)
FNF:9
FNH:0
FNDA:0,(anonymous_1)
FNDA:0,(anonymous_2)
FNDA:0,(anonymous_4)
FNDA:0,(anonymous_5)
FNDA:0,(anonymous_6)
FNDA:0,(anonymous_7)
FNDA:0,(anonymous_8)
FNDA:0,(anonymous_9)
FNDA:0,(anonymous_10)
DA:111,0
DA:115,0
DA:125,0
DA:129,0
DA:134,0
DA:143,0
DA:144,0
DA:154,0
DA:159,0
DA:166,0
DA:168,0
DA:169,0
DA:170,0
DA:171,0
DA:172,0
DA:174,0
DA:178,0
DA:187,0
LF:18
LH:0
BRDA:125,0,0,0
BRDA:125,0,1,0
BRDA:125,1,0,0
BRDA:125,1,1,0
BRDA:125,1,2,0
BRDA:129,2,0,0
BRDA:129,2,1,0
BRDA:143,3,0,0
BRDA:143,3,1,0
BRDA:144,4,0,0
BRDA:144,4,1,0
BRDA:154,5,0,0
BRDA:154,5,1,0
BRDA:154,6,0,0
BRDA:154,6,1,0
BRDA:187,7,0,0
BRDA:187,7,1,0
BRF:17
BRH:0
end_of_record
TN:
SF:C:\Users\mahmo\CMP\Second Year\Second Semester\Software\symphonia-fe\src\components\PasswordMangement\PassReset.vue
FN:75,(anonymous_1)
FN:78,(anonymous_2)
FN:93,(anonymous_4)
FN:100,(anonymous_5)
FN:107,(anonymous_6)
FN:112,(anonymous_7)
FNF:6
FNH:0
FNDA:0,(anonymous_1)
FNDA:0,(anonymous_2)
FNDA:0,(anonymous_4)
FNDA:0,(anonymous_5)
FNDA:0,(anonymous_6)
FNDA:0,(anonymous_7)
DA:71,0
DA:76,0
DA:78,0
DA:94,0
DA:102,0
DA:103,0
DA:106,0
DA:111,0
DA:114,0
LF:9
LH:0
BRDA:78,0,0,0
BRDA:78,0,1,0
BRDA:94,1,0,0
BRDA:94,1,1,0
BRDA:103,2,0,0
BRDA:103,2,1,0
BRDA:111,3,0,0
BRDA:111,3,1,0
BRF:8
BRH:0
end_of_record
TN:
SF:C:\Users\mahmo\CMP\Second Year\Second Semester\Software\symphonia-fe\src\components\Style guide examples\AppButton.vue
FN:32,(anonymous_1)
FN:41,(anonymous_2)
FNF:2
FNH:0
FNDA:0,(anonymous_1)
FNDA:0,(anonymous_2)
DA:9,0
DA:33,0
DA:46,0
DA:52,0
LF:4
LH:0
BRF:0
BRH:0
end_of_record
TN:
SF:C:\Users\mahmo\CMP\Second Year\Second Semester\Software\symphonia-fe\src\components\TheSoundPlayer\TheSoundPlayer.vue
FN:281,(anonymous_1)
FN:300,(anonymous_2)
FN:305,(anonymous_3)
FN:306,(anonymous_4)
FN:307,(anonymous_5)
FN:308,(anonymous_6)
FN:309,(anonymous_7)
FN:310,(anonymous_8)
FN:311,(anonymous_9)
FN:312,(anonymous_10)
FN:313,(anonymous_11)
FN:314,(anonymous_12)
FN:317,(anonymous_13)
FN:371,(anonymous_14)
FN:374,(anonymous_15)
FN:375,(anonymous_16)
FN:387,(anonymous_17)
FN:420,(anonymous_18)
FN:423,(anonymous_19)
FN:448,(anonymous_20)
FN:478,(anonymous_21)
FN:492,(anonymous_22)
FN:512,(anonymous_23)
FN:522,(anonymous_24)
FN:531,(anonymous_25)
FN:556,(anonymous_26)
FN:589,(anonymous_27)
FN:602,(anonymous_28)
FN:609,(anonymous_29)
FN:630,(anonymous_30)
FN:645,(anonymous_31)
FN:657,(anonymous_32)
FN:667,(anonymous_33)
FN:676,(anonymous_34)
FN:686,(anonymous_35)
FN:696,(anonymous_36)
FN:713,(anonymous_37)
FN:735,(anonymous_38)
FN:751,(anonymous_39)
FN:759,(anonymous_40)
FN:776,(anonymous_41)
FN:784,(anonymous_42)
FN:793,(anonymous_43)
FN:804,(anonymous_44)
FN:817,(anonymous_45)
FN:845,(anonymous_46)
FN:868,(anonymous_47)
FN:877,(anonymous_48)
FN:886,(anonymous_49)
FN:896,(anonymous_50)
FN:905,(anonymous_51)
FN:910,(anonymous_52)
FN:914,(anonymous_53)
FNF:53
FNH:0
FNDA:0,(anonymous_1)
FNDA:0,(anonymous_2)
FNDA:0,(anonymous_3)
FNDA:0,(anonymous_4)
FNDA:0,(anonymous_5)
FNDA:0,(anonymous_6)
FNDA:0,(anonymous_7)
FNDA:0,(anonymous_8)
FNDA:0,(anonymous_9)
FNDA:0,(anonymous_10)
FNDA:0,(anonymous_11)
FNDA:0,(anonymous_12)
FNDA:0,(anonymous_13)
FNDA:0,(anonymous_14)
FNDA:0,(anonymous_15)
FNDA:0,(anonymous_16)
FNDA:0,(anonymous_17)
FNDA:0,(anonymous_18)
FNDA:0,(anonymous_19)
FNDA:0,(anonymous_20)
FNDA:0,(anonymous_21)
FNDA:0,(anonymous_22)
FNDA:0,(anonymous_23)
FNDA:0,(anonymous_24)
FNDA:0,(anonymous_25)
FNDA:0,(anonymous_26)
FNDA:0,(anonymous_27)
FNDA:0,(anonymous_28)
FNDA:0,(anonymous_29)
FNDA:0,(anonymous_30)
FNDA:0,(anonymous_31)
FNDA:0,(anonymous_32)
FNDA:0,(anonymous_33)
FNDA:0,(anonymous_34)
FNDA:0,(anonymous_35)
FNDA:0,(anonymous_36)
FNDA:0,(anonymous_37)
FNDA:0,(anonymous_38)
FNDA:0,(anonymous_39)
FNDA:0,(anonymous_40)
FNDA:0,(anonymous_41)
FNDA:0,(anonymous_42)
FNDA:0,(anonymous_43)
FNDA:0,(anonymous_44)
FNDA:0,(anonymous_45)
FNDA:0,(anonymous_46)
FNDA:0,(anonymous_47)
FNDA:0,(anonymous_48)
FNDA:0,(anonymous_49)
FNDA:0,(anonymous_50)
FNDA:0,(anonymous_51)
FNDA:0,(anonymous_52)
FNDA:0,(anonymous_53)
DA:275,0
DA:276,0
DA:277,0
DA:281,0
DA:286,0
DA:289,0
DA:301,0
DA:305,0
DA:306,0
DA:307,0
DA:308,0
DA:309,0
DA:310,0
DA:311,0
DA:312,0
DA:313,0
DA:314,0
DA:318,0
DA:372,0
DA:375,0
DA:382,0
DA:386,0
DA:387,0
DA:401,0
DA:402,0
DA:403,0
DA:407,0
DA:408,0
DA:410,0
DA:413,0
DA:414,0
DA:416,0
DA:421,0
DA:423,0
DA:431,0
DA:434,0
DA:436,0
DA:442,0
DA:448,0
DA:459,0
DA:460,0
DA:461,0
DA:468,0
DA:479,0
DA:480,0
DA:483,0
DA:493,0
DA:494,0
DA:495,0
DA:496,0
DA:497,0
DA:499,0
DA:500,0
DA:503,0
DA:513,0
DA:514,0
DA:515,0
DA:523,0
DA:525,0
DA:527,0
DA:528,0
DA:530,0
DA:531,0
DA:538,0
DA:539,0
DA:542,0
DA:544,0
DA:550,0
DA:556,0
DA:570,0
DA:571,0
DA:572,0
DA:574,0
DA:580,0
DA:584,0
DA:585,0
DA:587,0
DA:589,0
DA:590,0
DA:603,0
DA:605,0
DA:606,0
DA:607,0
DA:609,0
DA:616,0
DA:617,0
DA:621,0
DA:625,0
DA:626,0
DA:628,0
DA:630,0
DA:631,0
DA:646,0
DA:658,0
DA:668,0
DA:677,0
DA:678,0
DA:687,0
DA:697,0
DA:698,0
DA:699,0
DA:700,0
DA:702,0
DA:705,0
DA:706,0
DA:716,0
DA:717,0
DA:718,0
DA:721,0
DA:722,0
DA:724,0
DA:726,0
DA:738,0
DA:740,0
DA:741,0
DA:744,0
DA:752,0
DA:760,0
DA:761,0
DA:762,0
DA:767,0
DA:777,0
DA:785,0
DA:794,0
DA:795,0
DA:805,0
DA:806,0
DA:807,0
DA:818,0
DA:819,0
DA:823,0
DA:826,0
DA:827,0
DA:828,0
DA:830,0
DA:831,0
DA:834,0
DA:835,0
DA:838,0
DA:839,0
DA:841,0
DA:843,0
DA:845,0
DA:855,0
DA:856,0
DA:859,0
DA:861,0
DA:869,0
DA:878,0
DA:887,0
DA:888,0
DA:897,0
DA:906,0
DA:907,0
DA:911,0
DA:912,0
DA:915,0
DA:916,0
DA:917,0
DA:918,0
DA:920,0
DA:921,0
DA:926,0
DA:927,0
LF:164
LH:0
BRDA:289,0,0,0
BRDA:289,0,1,0
BRDA:301,1,0,0
BRDA:301,1,1,0
BRDA:386,2,0,0
BRDA:386,2,1,0
BRDA:407,3,0,0
BRDA:407,3,1,0
BRDA:413,4,0,0
BRDA:413,4,1,0
BRDA:421,5,0,0
BRDA:421,5,1,0
BRDA:434,6,0,0
BRDA:434,6,1,0
BRDA:479,7,0,0
BRDA:479,7,1,0
BRDA:494,8,0,0
BRDA:494,8,1,0
BRDA:495,9,0,0
BRDA:495,9,1,0
BRDA:499,10,0,0
BRDA:499,10,1,0
BRDA:500,11,0,0
BRDA:500,11,1,0
BRDA:513,12,0,0
BRDA:513,12,1,0
BRDA:525,13,0,0
BRDA:525,13,1,0
BRDA:530,14,0,0
BRDA:530,14,1,0
BRDA:580,15,0,0
BRDA:580,15,1,0
BRDA:605,16,0,0
BRDA:605,16,1,0
BRDA:621,17,0,0
BRDA:621,17,1,0
BRDA:699,18,0,0
BRDA:699,18,1,0
BRDA:700,19,0,0
BRDA:700,19,1,0
BRDA:705,20,0,0
BRDA:705,20,1,0
BRDA:716,21,0,0
BRDA:716,21,1,0
BRDA:717,22,0,0
BRDA:717,22,1,0
BRDA:740,23,0,0
BRDA:740,23,1,0
BRDA:760,24,0,0
BRDA:760,24,1,0
BRDA:762,25,0,0
BRDA:762,25,1,0
BRDA:794,26,0,0
BRDA:794,26,1,0
BRDA:805,27,0,0
BRDA:805,27,1,0
BRDA:806,28,0,0
BRDA:806,28,1,0
BRDA:843,29,0,0
BRDA:843,29,1,0
BRF:60
BRH:0
end_of_record
TN:
SF:C:\Users\mahmo\CMP\Second Year\Second Semester\Software\symphonia-fe\src\components\TheSoundPlayer\TheSoundPlayerLogout.vue
FN:81,(anonymous_1)
FN:87,(anonymous_2)
FNF:2
FNH:0
FNDA:0,(anonymous_1)
FNDA:0,(anonymous_2)
DA:82,0
DA:88,0
LF:2
LH:0
BRF:0
BRH:0
end_of_record
TN:
SF:C:\Users\mahmo\CMP\Second Year\Second Semester\Software\symphonia-fe\src\components\User Settings\PremiumAds.vue
FN:29,(anonymous_1)
FN:33,(anonymous_2)
FNF:2
FNH:0
FNDA:0,(anonymous_1)
FNDA:0,(anonymous_2)
DA:30,0
DA:34,0
LF:2
LH:0
BRF:0
BRH:0
end_of_record
TN:
SF:C:\Users\mahmo\CMP\Second Year\Second Semester\Software\symphonia-fe\src\components\User Settings\bottomContent.vue
FN:57,(anonymous_1)
FN:67,(anonymous_2)
FN:71,(anonymous_3)
FN:78,(anonymous_4)
FNF:4
FNH:0
FNDA:0,(anonymous_1)
FNDA:0,(anonymous_2)
FNDA:0,(anonymous_3)
FNDA:0,(anonymous_4)
DA:58,0
DA:68,0
DA:69,0
DA:72,0
DA:73,0
DA:74,0
DA:79,0
DA:80,0
DA:81,0
LF:9
LH:0
BRDA:72,0,0,0
BRDA:72,0,1,0
BRF:2
BRH:0
end_of_record
TN:
SF:C:\Users\mahmo\CMP\Second Year\Second Semester\Software\symphonia-fe\src\components\User Settings\changePass.vue
FN:70,(anonymous_1)
FN:95,(anonymous_2)
FN:133,(anonymous_3)
FN:135,(anonymous_4)
FN:143,(anonymous_5)
FNF:5
FNH:0
FNDA:0,(anonymous_1)
FNDA:0,(anonymous_2)
FNDA:0,(anonymous_3)
FNDA:0,(anonymous_4)
FNDA:0,(anonymous_5)
DA:67,0
DA:68,0
DA:71,0
DA:97,0
DA:98,0
DA:99,0
DA:100,0
DA:102,0
DA:103,0
DA:105,0
DA:106,0
DA:108,0
DA:109,0
DA:112,0
DA:113,0
DA:116,0
DA:122,0
DA:134,0
DA:142,0
DA:145,0
LF:20
LH:0
BRDA:102,0,0,0
BRDA:102,0,1,0
BRDA:105,1,0,0
BRDA:105,1,1,0
BRDA:108,2,0,0
BRDA:108,2,1,0
BRDA:112,3,0,0
BRDA:112,3,1,0
BRDA:116,4,0,0
BRDA:116,4,1,0
BRDA:116,5,0,0
BRDA:116,5,1,0
BRDA:116,5,2,0
BRDA:116,5,3,0
BRF:14
BRH:0
end_of_record
TN:
SF:C:\Users\mahmo\CMP\Second Year\Second Semester\Software\symphonia-fe\src\components\User Settings\editProfile.vue
FN:118,(anonymous_1)
FN:144,(anonymous_2)
FN:148,(anonymous_3)
FN:186,(anonymous_4)
FN:191,(anonymous_5)
FN:201,(anonymous_6)
FN:212,(anonymous_7)
FN:215,(anonymous_8)
FN:224,(anonymous_9)
FNF:9
FNH:0
FNDA:0,(anonymous_1)
FNDA:0,(anonymous_2)
FNDA:0,(anonymous_3)
FNDA:0,(anonymous_4)
FNDA:0,(anonymous_5)
FNDA:0,(anonymous_6)
FNDA:0,(anonymous_7)
FNDA:0,(anonymous_8)
FNDA:0,(anonymous_9)
DA:116,0
DA:119,0
DA:146,0
DA:148,0
DA:152,0
DA:153,0
DA:154,0
DA:155,0
DA:159,0
DA:163,0
DA:164,0
DA:165,0
DA:166,0
DA:170,0
DA:172,0
DA:173,0
DA:177,0
DA:179,0
DA:180,0
DA:184,0
DA:186,0
DA:192,0
DA:193,0
DA:195,0
DA:202,0
DA:206,0
DA:210,0
DA:213,0
DA:214,0
DA:223,0
DA:226,0
LF:31
LH:0
BRDA:168,0,0,0
BRDA:168,0,1,0
BRDA:175,1,0,0
BRDA:175,1,1,0
BRDA:182,2,0,0
BRDA:182,2,1,0
BRDA:192,3,0,0
BRDA:192,3,1,0
BRDA:202,4,0,0
BRDA:202,4,1,0
BRDA:206,5,0,0
BRDA:206,5,1,0
BRF:12
BRH:0
end_of_record
TN:
SF:C:\Users\mahmo\CMP\Second Year\Second Semester\Software\symphonia-fe\src\components\User Settings\notification.vue
FN:220,(anonymous_1)
FN:237,(anonymous_2)
FNF:2
FNH:0
FNDA:0,(anonymous_1)
FNDA:0,(anonymous_2)
DA:218,0
DA:221,0
DA:238,0
LF:3
LH:0
BRF:0
BRH:0
end_of_record
TN:
SF:C:\Users\mahmo\CMP\Second Year\Second Semester\Software\symphonia-fe\src\components\User Settings\overview.vue
FN:134,(anonymous_1)
FN:150,(anonymous_2)
FN:152,(anonymous_3)
FNF:3
FNH:0
FNDA:0,(anonymous_1)
FNDA:0,(anonymous_2)
FNDA:0,(anonymous_3)
DA:131,0
DA:135,0
DA:152,0
DA:156,0
DA:157,0
LF:5
LH:0
BRF:0
BRH:0
end_of_record
TN:
SF:C:\Users\mahmo\CMP\Second Year\Second Semester\Software\symphonia-fe\src\components\User Settings\recoverPlaylist.vue
FN:54,(anonymous_1)
FN:73,(anonymous_2)
FNF:2
FNH:0
FNDA:0,(anonymous_1)
FNDA:0,(anonymous_2)
DA:52,0
DA:55,0
DA:74,0
LF:3
LH:0
BRF:0
BRH:0
end_of_record
TN:
SF:C:\Users\mahmo\CMP\Second Year\Second Semester\Software\symphonia-fe\src\components\User Settings\sideBar.vue
FN:47,(anonymous_1)
FNF:1
FNH:0
FNDA:0,(anonymous_1)
DA:48,0
LF:1
LH:0
BRF:0
BRH:0
end_of_record
TN:
SF:C:\Users\mahmo\CMP\Second Year\Second Semester\Software\symphonia-fe\src\components\WebplayerContent\HomeContentLogin.vue
FN:29,(anonymous_1)
FNF:1
FNH:0
FNDA:0,(anonymous_1)
DA:18,0
DA:19,0
DA:20,0
DA:30,0
DA:33,0
LF:5
LH:0
BRF:0
BRH:0
end_of_record
TN:
SF:C:\Users\mahmo\CMP\Second Year\Second Semester\Software\symphonia-fe\src\components\WebplayerContent\HomeContentLogout.vue
FN:28,(anonymous_1)
FNF:1
FNH:0
FNDA:0,(anonymous_1)
DA:18,0
DA:19,0
DA:29,0
LF:3
LH:0
BRF:0
BRH:0
end_of_record
TN:
SF:C:\Users\mahmo\CMP\Second Year\Second Semester\Software\symphonia-fe\src\components\WebplayerContent\HomeContentRouter.vue
FNF:0
FNH:0
DA:9,0
DA:10,0
LF:2
LH:0
BRF:0
BRH:0
end_of_record
TN:
SF:C:\Users\mahmo\CMP\Second Year\Second Semester\Software\symphonia-fe\src\components\WebplayerContent\Library.vue
FN:16,(anonymous_1)
FNF:1
FNH:0
FNDA:0,(anonymous_1)
DA:10,0
DA:17,0
DA:18,0
DA:19,0
LF:4
LH:0
BRDA:17,0,0,0
BRDA:17,0,1,0
BRF:2
BRH:0
end_of_record
TN:
SF:C:\Users\mahmo\CMP\Second Year\Second Semester\Software\symphonia-fe\src\components\WebplayerLayout\WebNavBar.vue
FN:190,(anonymous_1)
FN:203,(anonymous_2)
FN:208,(anonymous_3)
FN:220,(anonymous_4)
FN:229,(anonymous_5)
FN:237,(anonymous_6)
FN:261,(anonymous_7)
FN:278,(anonymous_8)
FN:290,(anonymous_9)
FN:299,(anonymous_10)
FN:305,(anonymous_11)
FN:310,(anonymous_12)
FNF:12
FNH:0
FNDA:0,(anonymous_1)
FNDA:0,(anonymous_2)
FNDA:0,(anonymous_3)
FNDA:0,(anonymous_4)
FNDA:0,(anonymous_5)
FNDA:0,(anonymous_6)
FNDA:0,(anonymous_7)
FNDA:0,(anonymous_8)
FNDA:0,(anonymous_9)
FNDA:0,(anonymous_10)
FNDA:0,(anonymous_11)
FNDA:0,(anonymous_12)
DA:183,0
DA:191,0
DA:204,0
DA:205,0
DA:209,0
DA:210,0
DA:222,0
DA:230,0
DA:238,0
DA:239,0
DA:240,0
DA:241,0
DA:242,0
DA:247,0
DA:248,0
DA:249,0
DA:251,0
DA:252,0
DA:253,0
DA:262,0
DA:263,0
DA:264,0
DA:265,0
DA:266,0
DA:267,0
DA:269,0
DA:270,0
DA:279,0
DA:280,0
DA:283,0
DA:291,0
DA:292,0
DA:300,0
DA:301,0
DA:302,0
DA:306,0
DA:307,0
DA:311,0
LF:38
LH:0
BRDA:238,0,0,0
BRDA:238,0,1,0
BRDA:242,1,0,0
BRDA:242,1,1,0
BRDA:242,2,0,0
BRDA:242,2,1,0
BRDA:242,2,2,0
BRDA:262,3,0,0
BRDA:262,3,1,0
BRDA:265,4,0,0
BRDA:265,4,1,0
BRF:11
BRH:0
end_of_record
TN:
SF:C:\Users\mahmo\CMP\Second Year\Second Semester\Software\symphonia-fe\src\components\WebplayerLayout\WebNavDrawer.vue
FN:114,(anonymous_1)
FN:119,(anonymous_2)
FN:121,(anonymous_3)
FNF:3
FNH:0
FNDA:0,(anonymous_1)
FNDA:0,(anonymous_2)
FNDA:0,(anonymous_3)
DA:97,0
DA:98,0
DA:99,0
DA:115,0
DA:119,0
DA:122,0
LF:6
LH:0
BRF:0
BRH:0
end_of_record
TN:
SF:C:\Users\mahmo\CMP\Second Year\Second Semester\Software\symphonia-fe\src\components\artistUI\ArtistUI.vue
FN:44,(anonymous_1)
FN:55,(anonymous_2)
FN:59,(anonymous_3)
FNF:3
FNH:0
FNDA:0,(anonymous_1)
FNDA:0,(anonymous_2)
FNDA:0,(anonymous_3)
DA:36,0
DA:37,0
DA:45,0
DA:46,0
DA:51,0
DA:56,0
DA:60,0
LF:7
LH:0
BRF:0
BRH:0
end_of_record
TN:
SF:C:\Users\mahmo\CMP\Second Year\Second Semester\Software\symphonia-fe\src\components\artistUI\Overview.vue
FN:69,(anonymous_1)
FN:86,(anonymous_2)
FN:162,(anonymous_3)
FN:190,(anonymous_4)
FN:194,(anonymous_5)
FNF:5
FNH:0
FNDA:0,(anonymous_1)
FNDA:0,(anonymous_2)
FNDA:0,(anonymous_3)
FNDA:0,(anonymous_4)
FNDA:0,(anonymous_5)
DA:42,0
DA:43,0
DA:44,0
DA:70,0
DA:71,0
DA:72,0
DA:73,0
DA:74,0
DA:75,0
DA:76,0
DA:77,0
DA:78,0
DA:79,0
DA:80,0
DA:81,0
DA:82,0
DA:87,0
DA:163,0
DA:164,0
DA:165,0
DA:169,0
DA:173,0
DA:177,0
DA:182,0
DA:185,0
DA:186,0
DA:191,0
DA:195,0
LF:28
LH:0
BRDA:71,0,0,0
BRDA:71,0,1,0
BRDA:74,1,0,0
BRDA:74,1,1,0
BRDA:77,2,0,0
BRDA:77,2,1,0
BRDA:80,3,0,0
BRDA:80,3,1,0
BRF:8
BRH:0
end_of_record
TN:
SF:C:\Users\mahmo\CMP\Second Year\Second Semester\Software\symphonia-fe\src\components\artistUI\RelatedArtists.vue
FN:17,(anonymous_1)
FN:26,(anonymous_2)
FN:50,(anonymous_3)
FN:63,(anonymous_4)
FNF:4
FNH:0
FNDA:0,(anonymous_1)
FNDA:0,(anonymous_2)
FNDA:0,(anonymous_3)
FNDA:0,(anonymous_4)
DA:6,0
DA:7,0
DA:8,0
DA:18,0
DA:19,0
DA:20,0
DA:27,0
DA:51,0
DA:52,0
DA:53,0
DA:58,0
DA:64,0
LF:12
LH:0
BRF:0
BRH:0
end_of_record
TN:
SF:C:\Users\mahmo\CMP\Second Year\Second Semester\Software\symphonia-fe\src\components\collection\Albums.vue
FN:18,(anonymous_1)
FN:48,(anonymous_2)
FN:53,(anonymous_3)
FN:64,(anonymous_4)
FN:80,(anonymous_5)
FNF:5
FNH:0
FNDA:0,(anonymous_1)
FNDA:0,(anonymous_2)
FNDA:0,(anonymous_3)
FNDA:0,(anonymous_4)
FNDA:0,(anonymous_5)
DA:9,0
DA:10,0
DA:11,0
DA:19,0
DA:49,0
DA:50,0
DA:54,0
DA:55,0
DA:57,0
DA:65,0
DA:66,0
DA:67,0
DA:68,0
DA:69,0
DA:70,0
DA:75,0
DA:78,0
DA:81,0
LF:18
LH:0
BRDA:65,0,0,0
BRDA:65,0,1,0
BRDA:68,1,0,0
BRDA:68,1,1,0
BRF:4
BRH:0
end_of_record
TN:
SF:C:\Users\mahmo\CMP\Second Year\Second Semester\Software\symphonia-fe\src\components\collection\Artists.vue
FN:18,(anonymous_1)
FN:48,(anonymous_2)
FN:54,(anonymous_3)
FN:65,(anonymous_4)
FN:81,(anonymous_5)
FNF:5
FNH:0
FNDA:0,(anonymous_1)
FNDA:0,(anonymous_2)
FNDA:0,(anonymous_3)
FNDA:0,(anonymous_4)
FNDA:0,(anonymous_5)
DA:9,0
DA:10,0
DA:11,0
DA:19,0
DA:49,0
DA:50,0
DA:55,0
DA:56,0
DA:58,0
DA:66,0
DA:67,0
DA:68,0
DA:69,0
DA:70,0
DA:71,0
DA:76,0
DA:79,0
DA:82,0
LF:18
LH:0
BRDA:66,0,0,0
BRDA:66,0,1,0
BRDA:69,1,0,0
BRDA:69,1,1,0
BRF:4
BRH:0
end_of_record
TN:
SF:C:\Users\mahmo\CMP\Second Year\Second Semester\Software\symphonia-fe\src\components\collection\Playlists.vue
FN:23,(anonymous_1)
FN:54,(anonymous_2)
FN:76,(anonymous_3)
FN:82,(anonymous_4)
FN:89,(anonymous_5)
FN:92,(anonymous_6)
FNF:6
FNH:0
FNDA:0,(anonymous_1)
FNDA:0,(anonymous_2)
FNDA:0,(anonymous_3)
FNDA:0,(anonymous_4)
FNDA:0,(anonymous_5)
FNDA:0,(anonymous_6)
DA:13,0
DA:14,0
DA:15,0
DA:24,0
DA:55,0
DA:56,0
DA:57,0
DA:59,0
DA:77,0
DA:78,0
DA:83,0
DA:84,0
DA:85,0
DA:87,0
DA:90,0
DA:93,0
LF:16
LH:0
BRDA:83,0,0,0
BRDA:83,0,1,0
BRF:2
BRH:0
end_of_record
TN:
SF:C:\Users\mahmo\CMP\Second Year\Second Semester\Software\symphonia-fe\src\components\general\CardGrid.vue
FN:274,(anonymous_1)
FN:283,(anonymous_2)
FN:294,(anonymous_3)
FN:308,(anonymous_4)
FN:317,(anonymous_5)
FN:326,(anonymous_6)
FN:330,(anonymous_7)
FN:352,(anonymous_8)
FN:369,(anonymous_9)
FNF:9
FNH:0
FNDA:0,(anonymous_1)
FNDA:0,(anonymous_2)
FNDA:0,(anonymous_3)
FNDA:0,(anonymous_4)
FNDA:0,(anonymous_5)
FNDA:0,(anonymous_6)
FNDA:0,(anonymous_7)
FNDA:0,(anonymous_8)
FNDA:0,(anonymous_9)
DA:275,0
DA:284,0
DA:285,0
DA:291,0
DA:295,0
DA:296,0
DA:297,0
DA:299,0
DA:300,0
DA:302,0
DA:309,0
DA:310,0
DA:311,0
DA:318,0
DA:319,0
DA:320,0
DA:321,0
DA:327,0
DA:328,0
DA:329,0
DA:330,0
DA:333,0
DA:334,0
DA:336,0
DA:338,0
DA:339,0
DA:340,0
DA:342,0
DA:344,0
DA:346,0
DA:353,0
DA:363,0
DA:370,0
LF:33
LH:0
BRDA:285,0,0,0
BRDA:285,0,1,0
BRDA:285,1,0,0
BRDA:285,1,1,0
BRDA:285,1,2,0
BRDA:295,2,0,0
BRDA:295,2,1,0
BRDA:299,3,0,0
BRDA:299,3,1,0
BRDA:311,4,0,0
BRDA:311,4,1,0
BRDA:329,5,0,0
BRDA:329,5,1,0
BRDA:353,6,0,0
BRDA:353,6,1,0
BRDA:353,7,0,0
BRDA:353,7,1,0
BRDA:363,8,0,0
BRDA:363,8,1,0
BRF:19
BRH:0
end_of_record
TN:
SF:C:\Users\mahmo\CMP\Second Year\Second Semester\Software\symphonia-fe\src\components\general\Category.vue
FNF:0
FNH:0
DA:19,0
LF:1
LH:0
BRF:0
BRH:0
end_of_record
TN:
SF:C:\Users\mahmo\CMP\Second Year\Second Semester\Software\symphonia-fe\src\components\general\Genre.vue
FN:17,(anonymous_1)
FN:22,(anonymous_2)
FN:26,(anonymous_3)
FNF:3
FNH:0
FNDA:0,(anonymous_1)
FNDA:0,(anonymous_2)
FNDA:0,(anonymous_3)
DA:11,0
DA:12,0
DA:18,0
DA:23,0
DA:26,0
LF:5
LH:0
BRF:0
BRH:0
end_of_record
TN:
SF:C:\Users\mahmo\CMP\Second Year\Second Semester\Software\symphonia-fe\src\components\general\PlaylistView.vue
FN:210,(anonymous_1)
FN:221,(anonymous_2)
FN:232,(anonymous_3)
FN:242,(anonymous_4)
FN:253,(anonymous_5)
FN:262,(anonymous_6)
FN:265,(anonymous_7)
FN:268,(anonymous_8)
FN:271,(anonymous_9)
FNF:9
FNH:0
FNDA:0,(anonymous_1)
FNDA:0,(anonymous_2)
FNDA:0,(anonymous_3)
FNDA:0,(anonymous_4)
FNDA:0,(anonymous_5)
FNDA:0,(anonymous_6)
FNDA:0,(anonymous_7)
FNDA:0,(anonymous_8)
FNDA:0,(anonymous_9)
DA:195,0
DA:197,0
DA:198,0
DA:211,0
DA:222,0
DA:223,0
DA:229,0
DA:233,0
DA:234,0
DA:239,0
DA:243,0
DA:244,0
DA:249,0
DA:254,0
DA:255,0
DA:263,0
DA:266,0
DA:269,0
DA:272,0
LF:19
LH:0
BRDA:222,0,0,0
BRDA:222,0,1,0
BRDA:233,1,0,0
BRDA:233,1,1,0
BRDA:243,2,0,0
BRDA:243,2,1,0
BRF:6
BRH:0
end_of_record
TN:
SF:C:\Users\mahmo\CMP\Second Year\Second Semester\Software\symphonia-fe\src\components\general\Song.vue
FN:140,(anonymous_1)
FN:148,(anonymous_2)
FN:158,(anonymous_3)
FN:162,(anonymous_4)
FN:173,(anonymous_5)
FN:179,(anonymous_6)
FN:191,(anonymous_7)
FNF:7
FNH:0
FNDA:0,(anonymous_1)
FNDA:0,(anonymous_2)
FNDA:0,(anonymous_3)
FNDA:0,(anonymous_4)
FNDA:0,(anonymous_5)
FNDA:0,(anonymous_6)
FNDA:0,(anonymous_7)
DA:118,0
DA:119,0
DA:141,0
DA:149,0
DA:150,0
DA:159,0
DA:160,0
DA:163,0
DA:164,0
DA:168,0
DA:170,0
DA:174,0
DA:180,0
DA:181,0
DA:186,0
DA:191,0
LF:16
LH:0
BRDA:163,0,0,0
BRDA:163,0,1,0
BRDA:180,1,0,0
BRDA:180,1,1,0
BRF:4
BRH:0
end_of_record
TN:
SF:C:\Users\mahmo\CMP\Second Year\Second Semester\Software\symphonia-fe\src\views\Home.vue
FN:32,(anonymous_1)
FN:33,(anonymous_2)
FNF:2
FNH:1
FNDA:1,(anonymous_1)
FNDA:0,(anonymous_2)
DA:11,1
DA:12,1
DA:13,1
DA:14,1
DA:15,1
DA:33,1
DA:35,0
LF:7
LH:6
BRF:0
BRH:0
end_of_record
TN:
SF:C:\Users\mahmo\CMP\Second Year\Second Semester\Software\symphonia-fe\src\views\LikedSongs.vue
FN:110,(anonymous_1)
FN:119,(anonymous_2)
FN:127,(anonymous_3)
FN:128,(anonymous_4)
FN:133,(anonymous_5)
FNF:5
FNH:0
FNDA:0,(anonymous_1)
FNDA:0,(anonymous_2)
FNDA:0,(anonymous_3)
FNDA:0,(anonymous_4)
FNDA:0,(anonymous_5)
DA:97,0
DA:98,0
DA:99,0
DA:100,0
DA:111,0
DA:121,0
DA:128,0
DA:129,0
DA:133,0
LF:9
LH:0
BRF:0
BRH:0
end_of_record
TN:
SF:C:\Users\mahmo\CMP\Second Year\Second Semester\Software\symphonia-fe\src\views\Login.vue
FN:203,(anonymous_1)
FN:215,(anonymous_2)
FN:219,(anonymous_4)
FN:223,(anonymous_5)
FN:232,(anonymous_6)
FN:240,(anonymous_7)
FN:247,(anonymous_8)
FN:254,(anonymous_9)
FNF:8
FNH:4
FNDA:11,(anonymous_1)
FNDA:26,(anonymous_2)
FNDA:12,(anonymous_4)
FNDA:11,(anonymous_5)
FNDA:0,(anonymous_6)
FNDA:0,(anonymous_7)
FNDA:0,(anonymous_8)
FNDA:0,(anonymous_9)
DA:195,1
DA:196,1
DA:204,11
DA:215,26
DA:219,12
DA:225,11
DA:233,0
DA:242,0
DA:243,0
DA:245,0
DA:246,0
DA:253,0
DA:257,0
DA:258,0
DA:259,0
DA:260,0
DA:261,0
DA:262,0
LF:18
LH:6
BRDA:215,0,0,26
BRDA:215,0,1,23
BRDA:219,1,0,12
BRDA:219,1,1,11
BRDA:225,2,0,0
BRDA:225,2,1,11
BRDA:233,3,0,0
BRDA:233,3,1,0
BRDA:245,4,0,0
BRDA:245,4,1,0
BRDA:257,5,0,0
BRDA:257,5,1,0
BRDA:260,6,0,0
BRDA:260,6,1,0
BRF:14
BRH:5
end_of_record
TN:
SF:C:\Users\mahmo\CMP\Second Year\Second Semester\Software\symphonia-fe\src\views\PremiumOffer.vue
FNF:0
FNH:0
DA:10,0
DA:11,0
DA:12,0
LF:3
LH:0
BRF:0
BRH:0
end_of_record
TN:
SF:C:\Users\mahmo\CMP\Second Year\Second Semester\Software\symphonia-fe\src\views\SignUp.vue
FN:241,(anonymous_1)
FN:260,(anonymous_2)
FN:264,(anonymous_4)
FN:268,(anonymous_6)
FN:271,(anonymous_7)
FN:276,(anonymous_9)
FN:277,(anonymous_10)
FN:278,(anonymous_11)
FN:279,(anonymous_12)
FN:305,(anonymous_13)
FN:306,(anonymous_14)
FN:317,(anonymous_16)
FN:337,(anonymous_17)
FN:349,(anonymous_18)
FN:366,(anonymous_19)
FN:377,(anonymous_20)
FNF:16
FNH:13
FNDA:18,(anonymous_1)
FNDA:40,(anonymous_2)
FNDA:40,(anonymous_4)
FNDA:18,(anonymous_6)
FNDA:36,(anonymous_7)
FNDA:18,(anonymous_9)
FNDA:18,(anonymous_10)
FNDA:18,(anonymous_11)
FNDA:18,(anonymous_12)
FNDA:18,(anonymous_13)
FNDA:36,(anonymous_14)
FNDA:0,(anonymous_16)
FNDA:18,(anonymous_17)
FNDA:24,(anonymous_18)
FNDA:0,(anonymous_19)
FNDA:0,(anonymous_20)
DA:234,1
DA:235,1
DA:242,18
DA:260,40
DA:264,40
DA:268,18
DA:271,36
DA:276,18
DA:277,18
DA:278,18
DA:279,18
DA:306,54
DA:320,0
DA:321,0
DA:323,0
DA:324,0
DA:329,0
DA:339,18
DA:340,0
DA:350,24
DA:351,0
DA:352,0
DA:354,0
DA:368,0
DA:369,0
DA:370,0
DA:375,0
DA:377,0
DA:380,0
DA:384,0
DA:385,0
DA:386,0
DA:387,0
DA:388,0
DA:389,0
LF:35
LH:14
BRDA:260,0,0,40
BRDA:260,0,1,37
BRDA:264,1,0,20
BRDA:264,1,1,18
BRDA:264,2,0,20
BRDA:264,2,1,2
BRDA:264,2,2,19
BRDA:268,3,0,18
BRDA:268,3,1,0
BRDA:268,3,2,18
BRDA:271,4,0,36
BRDA:271,4,1,18
BRDA:276,5,0,18
BRDA:276,5,1,18
BRDA:277,6,0,18
BRDA:277,6,1,18
BRDA:278,7,0,18
BRDA:278,7,1,18
BRDA:279,8,0,18
BRDA:279,8,1,18
BRDA:306,9,0,36
BRDA:306,9,1,36
BRDA:321,10,0,0
BRDA:321,10,1,0
BRDA:323,11,0,0
BRDA:323,11,1,0
BRDA:323,12,0,0
BRDA:323,12,1,0
BRDA:324,13,0,0
BRDA:324,13,1,0
BRDA:329,14,0,0
BRDA:329,14,1,0
BRDA:339,15,0,0
BRDA:339,15,1,18
BRDA:350,16,0,0
BRDA:350,16,1,24
BRDA:351,17,0,0
BRDA:351,17,1,0
BRDA:354,18,0,0
BRDA:354,18,1,0
BRDA:370,19,0,0
BRDA:370,19,1,0
BRDA:370,20,0,0
BRDA:370,20,1,0
BRDA:384,21,0,0
BRDA:384,21,1,0
BRDA:387,22,0,0
BRDA:387,22,1,0
BRF:48
BRH:23
end_of_record
TN:
SF:C:\Users\mahmo\CMP\Second Year\Second Semester\Software\symphonia-fe\src\views\TheQueue.vue
FN:59,(anonymous_1)
FN:75,(anonymous_2)
FN:76,(anonymous_3)
FN:77,(anonymous_4)
FN:78,(anonymous_5)
FN:79,(anonymous_6)
FN:80,(anonymous_7)
FN:84,(anonymous_8)
FN:90,(anonymous_9)
FNF:9
FNH:0
FNDA:0,(anonymous_1)
FNDA:0,(anonymous_2)
FNDA:0,(anonymous_3)
FNDA:0,(anonymous_4)
FNDA:0,(anonymous_5)
FNDA:0,(anonymous_6)
FNDA:0,(anonymous_7)
FNDA:0,(anonymous_8)
FNDA:0,(anonymous_9)
DA:48,0
DA:49,0
DA:50,0
DA:60,0
DA:75,0
DA:76,0
DA:77,0
DA:78,0
DA:79,0
DA:80,0
DA:85,0
DA:91,0
LF:12
LH:0
BRF:0
BRH:0
end_of_record
TN:
SF:C:\Users\mahmo\CMP\Second Year\Second Semester\Software\symphonia-fe\src\views\User_Settings.vue
FN:37,(anonymous_1)
FN:55,(anonymous_2)
FN:61,(anonymous_3)
FNF:3
FNH:0
FNDA:0,(anonymous_1)
FNDA:0,(anonymous_2)
FNDA:0,(anonymous_3)
DA:26,0
DA:27,0
DA:28,0
DA:29,0
DA:30,0
DA:31,0
DA:32,0
DA:33,0
DA:34,0
DA:38,0
DA:57,0
DA:58,0
DA:63,0
DA:64,0
LF:14
LH:0
BRDA:57,0,0,0
BRDA:57,0,1,0
BRDA:63,1,0,0
BRDA:63,1,1,0
BRF:4
BRH:0
end_of_record
TN:
SF:C:\Users\mahmo\CMP\Second Year\Second Semester\Software\symphonia-fe\src\views\WebPlayerHome.vue
FN:38,(anonymous_1)
FN:40,(anonymous_2)
FNF:2
FNH:0
FNDA:0,(anonymous_1)
FNDA:0,(anonymous_2)
DA:20,0
DA:21,0
DA:22,0
DA:23,0
DA:24,0
DA:40,0
DA:41,0
DA:45,0
LF:8
LH:0
BRF:0
BRH:0
end_of_record
