TN:
SF:src\App.vue
FN:10,(anonymous_1)
FNF:1
FNH:0
FNDA:0,(anonymous_1)
DA:10,0
LF:1
LH:0
BRF:0
BRH:0
end_of_record
TN:
SF:src\components\CreatePlaylist.vue
FN:79,(anonymous_1)
FN:92,(anonymous_2)
FN:105,(anonymous_3)
FNF:3
FNH:0
FNDA:0,(anonymous_1)
FNDA:0,(anonymous_2)
FNDA:0,(anonymous_3)
DA:72,0
DA:80,0
DA:94,0
DA:95,0
DA:97,0
DA:98,0
DA:106,0
DA:107,0
LF:8
LH:0
BRDA:94,0,0,0
BRDA:94,0,1,0
BRF:2
BRH:0
end_of_record
TN:
SF:src\components\Homepage\TheHomepageContent.vue
FNF:0
FNH:0
DA:30,0
LF:1
LH:0
BRF:0
BRH:0
end_of_record
TN:
SF:src\components\Homepage\TheHomepageFooter.vue
FNF:0
FNH:0
DA:121,0
LF:1
LH:0
BRF:0
BRH:0
end_of_record
TN:
SF:src\components\Homepage\TheHomepageLoginContent.vue
FN:188,(anonymous_1)
FN:195,(anonymous_2)
FN:196,(anonymous_3)
FNF:3
FNH:0
FNDA:0,(anonymous_1)
FNDA:0,(anonymous_2)
FNDA:0,(anonymous_3)
DA:175,0
DA:176,0
DA:189,0
DA:196,0
DA:197,0
DA:198,0
DA:199,0
LF:7
LH:0
BRF:0
BRH:0
end_of_record
TN:
SF:src\components\Homepage\TheHomepageNavigationBar.vue
FN:255,(anonymous_1)
FN:267,(anonymous_2)
FNF:2
FNH:0
FNDA:0,(anonymous_1)
FNDA:0,(anonymous_2)
DA:244,0
DA:245,0
DA:256,0
DA:268,0
DA:269,0
DA:270,0
LF:6
LH:0
BRF:0
BRH:0
end_of_record
TN:
SF:src\components\Homepage\TheHomepagePremiumContent.vue
FN:144,(anonymous_1)
FN:177,(anonymous_2)
FN:186,(anonymous_3)
FN:199,(anonymous_4)
FN:204,(anonymous_5)
FN:208,(anonymous_6)
FNF:6
FNH:0
FNDA:0,(anonymous_1)
FNDA:0,(anonymous_2)
FNDA:0,(anonymous_3)
FNDA:0,(anonymous_4)
FNDA:0,(anonymous_5)
FNDA:0,(anonymous_6)
DA:134,0
DA:145,0
DA:178,0
DA:179,0
DA:187,0
DA:188,0
DA:189,0
DA:191,0
DA:200,0
DA:205,0
DA:209,0
LF:11
LH:0
BRDA:188,0,0,0
BRDA:188,0,1,0
BRF:2
BRH:0
end_of_record
TN:
SF:src\components\PasswordMangement\PassChange.vue
FN:112,(anonymous_1)
FN:123,(anonymous_2)
FN:127,(anonymous_4)
FN:132,(anonymous_5)
FN:142,(anonymous_6)
FN:155,(anonymous_7)
FN:159,(anonymous_8)
FN:173,(anonymous_9)
FN:184,(anonymous_10)
FNF:9
FNH:0
FNDA:0,(anonymous_1)
FNDA:0,(anonymous_2)
FNDA:0,(anonymous_4)
FNDA:0,(anonymous_5)
FNDA:0,(anonymous_6)
FNDA:0,(anonymous_7)
FNDA:0,(anonymous_8)
FNDA:0,(anonymous_9)
FNDA:0,(anonymous_10)
DA:109,0
DA:113,0
DA:123,0
DA:127,0
DA:134,0
DA:143,0
DA:144,0
DA:156,0
DA:158,0
DA:165,0
DA:167,0
DA:168,0
DA:169,0
DA:170,0
DA:172,0
DA:176,0
DA:185,0
LF:17
LH:0
BRDA:123,0,0,0
BRDA:123,0,1,0
BRDA:123,1,0,0
BRDA:123,1,1,0
BRDA:123,1,2,0
BRDA:127,2,0,0
BRDA:127,2,1,0
BRDA:143,3,0,0
BRDA:143,3,1,0
BRDA:144,4,0,0
BRDA:144,4,1,0
BRDA:156,5,0,0
BRDA:156,5,1,0
BRDA:156,6,0,0
BRDA:156,6,1,0
BRDA:185,7,0,0
BRDA:185,7,1,0
BRF:17
BRH:0
end_of_record
TN:
SF:src\components\PasswordMangement\PassReset.vue
FN:66,(anonymous_1)
FN:69,(anonymous_2)
FN:84,(anonymous_4)
FN:92,(anonymous_5)
FN:99,(anonymous_6)
FN:103,(anonymous_7)
FNF:6
FNH:0
FNDA:0,(anonymous_1)
FNDA:0,(anonymous_2)
FNDA:0,(anonymous_4)
FNDA:0,(anonymous_5)
FNDA:0,(anonymous_6)
FNDA:0,(anonymous_7)
DA:62,0
DA:67,0
DA:69,0
DA:85,0
DA:94,0
DA:95,0
DA:98,0
DA:103,0
DA:105,0
LF:9
LH:0
BRDA:69,0,0,0
BRDA:69,0,1,0
BRDA:85,1,0,0
BRDA:85,1,1,0
BRDA:95,2,0,0
BRDA:95,2,1,0
BRDA:103,3,0,0
BRDA:103,3,1,0
BRF:8
BRH:0
end_of_record
TN:
SF:src\components\Style guide examples\AppButton.vue
FN:32,(anonymous_1)
FN:41,(anonymous_2)
FNF:2
FNH:0
FNDA:0,(anonymous_1)
FNDA:0,(anonymous_2)
DA:9,0
DA:33,0
DA:46,0
DA:52,0
LF:4
LH:0
BRF:0
BRH:0
end_of_record
TN:
SF:src\components\TheSoundPlayer\TheSoundPlayer.vue
FN:174,(anonymous_1)
FN:189,(anonymous_2)
FN:193,(anonymous_3)
FN:225,(anonymous_4)
FN:233,(anonymous_5)
FN:248,(anonymous_6)
FN:254,(anonymous_7)
FN:258,(anonymous_8)
FN:268,(anonymous_9)
FN:277,(anonymous_10)
FN:280,(anonymous_11)
FN:290,(anonymous_12)
FN:296,(anonymous_13)
FN:300,(anonymous_14)
FN:304,(anonymous_15)
FN:309,(anonymous_16)
FN:313,(anonymous_17)
FN:316,(anonymous_18)
FN:328,(anonymous_19)
FN:347,(anonymous_20)
FN:358,(anonymous_21)
FN:361,(anonymous_22)
FN:370,(anonymous_23)
FN:373,(anonymous_24)
FN:376,(anonymous_25)
FN:382,(anonymous_26)
FN:389,(anonymous_27)
FN:412,(anonymous_28)
FN:415,(anonymous_29)
FN:418,(anonymous_30)
FN:422,(anonymous_31)
FN:425,(anonymous_32)
FN:430,(anonymous_33)
FN:434,(anonymous_34)
FNF:34
FNH:0
FNDA:0,(anonymous_1)
FNDA:0,(anonymous_2)
FNDA:0,(anonymous_3)
FNDA:0,(anonymous_4)
FNDA:0,(anonymous_5)
FNDA:0,(anonymous_6)
FNDA:0,(anonymous_7)
FNDA:0,(anonymous_8)
FNDA:0,(anonymous_9)
FNDA:0,(anonymous_10)
FNDA:0,(anonymous_11)
FNDA:0,(anonymous_12)
FNDA:0,(anonymous_13)
FNDA:0,(anonymous_14)
FNDA:0,(anonymous_15)
FNDA:0,(anonymous_16)
FNDA:0,(anonymous_17)
FNDA:0,(anonymous_18)
FNDA:0,(anonymous_19)
FNDA:0,(anonymous_20)
FNDA:0,(anonymous_21)
FNDA:0,(anonymous_22)
FNDA:0,(anonymous_23)
FNDA:0,(anonymous_24)
FNDA:0,(anonymous_25)
FNDA:0,(anonymous_26)
FNDA:0,(anonymous_27)
FNDA:0,(anonymous_28)
FNDA:0,(anonymous_29)
FNDA:0,(anonymous_30)
FNDA:0,(anonymous_31)
FNDA:0,(anonymous_32)
FNDA:0,(anonymous_33)
FNDA:0,(anonymous_34)
DA:174,0
DA:179,0
DA:182,0
DA:190,0
DA:194,0
DA:226,0
DA:231,0
DA:234,0
DA:235,0
DA:236,0
DA:237,0
DA:238,0
DA:240,0
DA:241,0
DA:244,0
DA:249,0
DA:250,0
DA:251,0
DA:252,0
DA:255,0
DA:256,0
DA:259,0
DA:260,0
DA:261,0
DA:265,0
DA:268,0
DA:271,0
DA:281,0
DA:282,0
DA:283,0
DA:287,0
DA:290,0
DA:293,0
DA:301,0
DA:305,0
DA:306,0
DA:310,0
DA:317,0
DA:318,0
DA:319,0
DA:320,0
DA:322,0
DA:325,0
DA:326,0
DA:331,0
DA:332,0
DA:333,0
DA:334,0
DA:335,0
DA:336,0
DA:337,0
DA:340,0
DA:342,0
DA:344,0
DA:350,0
DA:352,0
DA:353,0
DA:356,0
DA:359,0
DA:362,0
DA:363,0
DA:364,0
DA:371,0
DA:374,0
DA:377,0
DA:379,0
DA:383,0
DA:385,0
DA:386,0
DA:391,0
DA:394,0
DA:395,0
DA:396,0
DA:398,0
DA:399,0
DA:402,0
DA:403,0
DA:406,0
DA:407,0
DA:413,0
DA:416,0
DA:419,0
DA:420,0
DA:423,0
DA:426,0
DA:427,0
DA:431,0
DA:432,0
DA:435,0
DA:436,0
DA:437,0
DA:438,0
DA:440,0
DA:441,0
DA:446,0
DA:447,0
LF:96
LH:0
BRDA:182,0,0,0
BRDA:182,0,1,0
BRDA:190,1,0,0
BRDA:190,1,1,0
BRDA:226,2,0,0
BRDA:226,2,1,0
BRDA:235,3,0,0
BRDA:235,3,1,0
BRDA:236,4,0,0
BRDA:236,4,1,0
BRDA:240,5,0,0
BRDA:240,5,1,0
BRDA:241,6,0,0
BRDA:241,6,1,0
BRDA:249,7,0,0
BRDA:249,7,1,0
BRDA:256,8,0,0
BRDA:256,8,1,0
BRDA:319,9,0,0
BRDA:319,9,1,0
BRDA:320,10,0,0
BRDA:320,10,1,0
BRDA:325,11,0,0
BRDA:325,11,1,0
BRDA:331,12,0,0
BRDA:331,12,1,0
BRDA:332,13,0,0
BRDA:332,13,1,0
BRDA:335,14,0,0
BRDA:335,14,1,0
BRDA:352,15,0,0
BRDA:352,15,1,0
BRDA:362,16,0,0
BRDA:362,16,1,0
BRDA:364,17,0,0
BRDA:364,17,1,0
BRDA:377,18,0,0
BRDA:377,18,1,0
BRDA:383,19,0,0
BRDA:383,19,1,0
BRDA:385,20,0,0
BRDA:385,20,1,0
BRF:42
BRH:0
end_of_record
TN:
SF:src\components\User Settings\PremiumAds.vue
FN:28,(anonymous_1)
FNF:1
FNH:0
FNDA:0,(anonymous_1)
DA:29,0
LF:1
LH:0
BRF:0
BRH:0
end_of_record
TN:
SF:src\components\User Settings\bottomContent.vue
FN:57,(anonymous_1)
FN:67,(anonymous_2)
FN:71,(anonymous_3)
FN:78,(anonymous_4)
FNF:4
FNH:0
FNDA:0,(anonymous_1)
FNDA:0,(anonymous_2)
FNDA:0,(anonymous_3)
FNDA:0,(anonymous_4)
DA:58,0
DA:68,0
DA:69,0
DA:72,0
DA:73,0
DA:74,0
DA:79,0
DA:80,0
DA:81,0
LF:9
LH:0
BRDA:72,0,0,0
BRDA:72,0,1,0
BRF:2
BRH:0
end_of_record
TN:
SF:src\components\User Settings\editProfile.vue
FN:83,(anonymous_1)
FN:99,(anonymous_2)
FNF:2
FNH:0
FNDA:0,(anonymous_1)
FNDA:0,(anonymous_2)
DA:81,0
DA:84,0
DA:100,0
DA:101,0
LF:4
LH:0
BRDA:100,0,0,0
BRDA:100,0,1,0
BRF:2
BRH:0
end_of_record
TN:
SF:src\components\User Settings\notification.vue
FN:220,(anonymous_1)
FN:237,(anonymous_2)
FNF:2
FNH:0
FNDA:0,(anonymous_1)
FNDA:0,(anonymous_2)
DA:218,0
DA:221,0
DA:238,0
LF:3
LH:0
BRF:0
BRH:0
end_of_record
TN:
SF:src\components\User Settings\overview.vue
FN:102,(anonymous_1)
FNF:1
FNH:0
FNDA:0,(anonymous_1)
DA:100,0
DA:103,0
LF:2
LH:0
BRF:0
BRH:0
end_of_record
TN:
SF:src\components\User Settings\recoverPlaylist.vue
FN:54,(anonymous_1)
FN:73,(anonymous_2)
FNF:2
FNH:0
FNDA:0,(anonymous_1)
FNDA:0,(anonymous_2)
DA:52,0
DA:55,0
DA:74,0
LF:3
LH:0
BRF:0
BRH:0
end_of_record
TN:
SF:src\components\User Settings\sideBar.vue
FN:61,(anonymous_1)
FNF:1
FNH:0
FNDA:0,(anonymous_1)
DA:62,0
LF:1
LH:0
BRF:0
BRH:0
end_of_record
TN:
SF:src\components\WebplayerContent\HomeContentLogin.vue
FN:15,(anonymous_1)
FNF:1
FNH:0
FNDA:0,(anonymous_1)
DA:16,0
LF:1
LH:0
BRF:0
BRH:0
end_of_record
TN:
SF:src\components\WebplayerContent\HomeContentRouter.vue
FNF:0
FNH:0
DA:9,0
DA:10,0
LF:2
LH:0
BRF:0
BRH:0
end_of_record
TN:
SF:src\components\WebplayerLayout\WebNavBar.vue
FN:187,(anonymous_1)
FN:200,(anonymous_2)
FN:205,(anonymous_3)
FN:217,(anonymous_4)
FN:226,(anonymous_5)
FN:234,(anonymous_6)
FN:258,(anonymous_7)
FN:275,(anonymous_8)
FN:287,(anonymous_9)
FN:296,(anonymous_10)
FN:302,(anonymous_11)
FN:307,(anonymous_12)
FNF:12
FNH:0
FNDA:0,(anonymous_1)
FNDA:0,(anonymous_2)
FNDA:0,(anonymous_3)
FNDA:0,(anonymous_4)
FNDA:0,(anonymous_5)
FNDA:0,(anonymous_6)
FNDA:0,(anonymous_7)
FNDA:0,(anonymous_8)
FNDA:0,(anonymous_9)
FNDA:0,(anonymous_10)
FNDA:0,(anonymous_11)
FNDA:0,(anonymous_12)
DA:181,0
DA:188,0
DA:201,0
DA:202,0
DA:206,0
DA:207,0
DA:219,0
DA:227,0
DA:235,0
DA:236,0
DA:237,0
DA:238,0
DA:239,0
DA:244,0
DA:245,0
DA:246,0
DA:248,0
DA:249,0
DA:250,0
DA:259,0
DA:260,0
DA:261,0
DA:262,0
DA:263,0
DA:264,0
DA:266,0
DA:267,0
DA:276,0
DA:277,0
DA:280,0
DA:288,0
DA:289,0
DA:297,0
DA:298,0
DA:299,0
DA:303,0
DA:304,0
DA:308,0
LF:38
LH:0
BRDA:235,0,0,0
BRDA:235,0,1,0
BRDA:239,1,0,0
BRDA:239,1,1,0
BRDA:239,2,0,0
BRDA:239,2,1,0
BRDA:239,2,2,0
BRDA:259,3,0,0
BRDA:259,3,1,0
BRDA:262,4,0,0
BRDA:262,4,1,0
BRF:11
BRH:0
end_of_record
TN:
SF:src\components\WebplayerLayout\WebNavDrawer.vue
FN:91,(anonymous_1)
FN:96,(anonymous_2)
FN:98,(anonymous_3)
FNF:3
FNH:0
FNDA:0,(anonymous_1)
FNDA:0,(anonymous_2)
FNDA:0,(anonymous_3)
DA:75,0
DA:76,0
DA:92,0
DA:96,0
DA:99,0
LF:5
LH:0
BRF:0
BRH:0
end_of_record
TN:
SF:src\components\collection\Albums.vue
FN:15,(anonymous_1)
FN:66,(anonymous_2)
FNF:2
FNH:0
FNDA:0,(anonymous_1)
FNDA:0,(anonymous_2)
DA:9,0
DA:16,0
DA:67,0
LF:3
LH:0
BRDA:67,0,0,0
BRDA:67,0,1,0
BRF:2
BRH:0
end_of_record
TN:
SF:src\components\collection\Artists.vue
FN:15,(anonymous_1)
FN:83,(anonymous_2)
FNF:2
FNH:0
FNDA:0,(anonymous_1)
FNDA:0,(anonymous_2)
DA:9,0
DA:16,0
DA:84,0
LF:3
LH:0
BRDA:84,0,0,0
BRDA:84,0,1,0
BRF:2
BRH:0
end_of_record
TN:
SF:src\components\collection\Playlists.vue
FN:147,(anonymous_1)
FN:233,(anonymous_2)
FN:237,(anonymous_3)
FN:245,(anonymous_4)
FNF:4
FNH:0
FNDA:0,(anonymous_1)
FNDA:0,(anonymous_2)
FNDA:0,(anonymous_3)
FNDA:0,(anonymous_4)
DA:148,0
DA:238,0
DA:239,0
DA:240,0
DA:246,0
DA:248,0
DA:249,0
DA:250,0
DA:252,0
LF:9
LH:0
BRDA:246,0,0,0
BRDA:246,0,1,0
BRDA:249,1,0,0
BRDA:249,1,1,0
BRF:4
BRH:0
end_of_record
TN:
SF:src\components\general\CardGrid.vue
FN:101,(anonymous_1)
FN:106,(anonymous_2)
FN:109,(anonymous_3)
FN:117,(anonymous_4)
FNF:4
FNH:0
FNDA:0,(anonymous_1)
FNDA:0,(anonymous_2)
FNDA:0,(anonymous_3)
FNDA:0,(anonymous_4)
DA:102,0
DA:110,0
DA:111,0
DA:112,0
DA:118,0
LF:5
LH:0
BRDA:118,0,0,0
BRDA:118,0,1,0
BRF:2
BRH:0
end_of_record
TN:
SF:src\components\general\Song.vue
FN:60,(anonymous_1)
FN:74,(anonymous_2)
FN:84,(anonymous_3)
FNF:3
FNH:0
FNDA:0,(anonymous_1)
FNDA:0,(anonymous_2)
FNDA:0,(anonymous_3)
DA:61,0
DA:75,0
DA:76,0
DA:85,0
DA:86,0
LF:5
LH:0
BRF:0
BRH:0
end_of_record
TN:
SF:src\views\Home.vue
FN:32,(anonymous_1)
FN:33,(anonymous_2)
FNF:2
FNH:0
FNDA:0,(anonymous_1)
FNDA:0,(anonymous_2)
DA:11,0
DA:12,0
DA:13,0
DA:14,0
DA:15,0
DA:33,0
DA:35,0
LF:7
LH:0
BRF:0
BRH:0
end_of_record
TN:
SF:src\views\LikedSongs.vue
FN:107,(anonymous_1)
FN:116,(anonymous_2)
FN:120,(anonymous_3)
FNF:3
FNH:0
FNDA:0,(anonymous_1)
FNDA:0,(anonymous_2)
FNDA:0,(anonymous_3)
DA:96,0
DA:97,0
DA:98,0
DA:108,0
DA:117,0
DA:120,0
LF:6
LH:0
BRF:0
BRH:0
end_of_record
TN:
SF:src\views\Login.vue
FN:199,(anonymous_1)
FN:209,(anonymous_2)
FN:213,(anonymous_4)
FN:217,(anonymous_5)
FN:227,(anonymous_6)
FN:236,(anonymous_7)
FN:240,(anonymous_8)
FN:247,(anonymous_9)
FNF:8
FNH:0
FNDA:0,(anonymous_1)
FNDA:0,(anonymous_2)
FNDA:0,(anonymous_4)
FNDA:0,(anonymous_5)
FNDA:0,(anonymous_6)
FNDA:0,(anonymous_7)
FNDA:0,(anonymous_8)
FNDA:0,(anonymous_9)
DA:190,0
DA:191,0
DA:200,0
DA:209,0
DA:213,0
DA:219,0
DA:228,0
DA:238,0
DA:239,0
DA:246,0
DA:249,0
DA:250,0
LF:12
LH:0
BRDA:209,0,0,0
BRDA:209,0,1,0
BRDA:213,1,0,0
BRDA:213,1,1,0
BRDA:219,2,0,0
BRDA:219,2,1,0
BRDA:228,3,0,0
BRDA:228,3,1,0
BRDA:238,4,0,0
BRDA:238,4,1,0
BRF:10
BRH:0
end_of_record
TN:
SF:src\views\PremiumOffer.vue
FNF:0
FNH:0
DA:10,0
DA:11,0
DA:12,0
LF:3
LH:0
BRF:0
BRH:0
end_of_record
TN:
SF:src\views\SignUp.vue
FN:213,(anonymous_1)
FN:229,(anonymous_2)
FN:233,(anonymous_4)
FN:237,(anonymous_6)
FN:240,(anonymous_7)
FN:245,(anonymous_9)
FN:246,(anonymous_10)
FN:247,(anonymous_11)
FN:248,(anonymous_12)
FN:272,(anonymous_13)
FN:273,(anonymous_14)
FN:284,(anonymous_16)
FN:305,(anonymous_17)
FN:317,(anonymous_18)
FN:334,(anonymous_19)
FN:339,(anonymous_20)
FNF:16
FNH:13
FNDA:14,(anonymous_1)
FNDA:28,(anonymous_2)
FNDA:28,(anonymous_4)
FNDA:14,(anonymous_6)
FNDA:28,(anonymous_7)
FNDA:14,(anonymous_9)
FNDA:14,(anonymous_10)
FNDA:14,(anonymous_11)
FNDA:14,(anonymous_12)
FNDA:14,(anonymous_13)
FNDA:28,(anonymous_14)
FNDA:0,(anonymous_16)
FNDA:14,(anonymous_17)
FNDA:14,(anonymous_18)
FNDA:0,(anonymous_19)
FNDA:0,(anonymous_20)
DA:206,1
DA:207,1
DA:214,14
DA:229,28
DA:233,28
DA:237,14
DA:240,28
DA:245,14
DA:246,14
DA:247,14
DA:248,14
DA:273,42
DA:287,0
DA:288,0
DA:290,0
DA:291,0
DA:297,0
DA:307,14
DA:308,0
DA:318,14
DA:319,0
DA:320,0
DA:322,0
DA:335,0
DA:337,0
DA:339,0
DA:342,0
DA:346,0
LF:28
LH:14
BRDA:229,0,0,28
BRDA:229,0,1,28
BRDA:233,1,0,14
BRDA:233,1,1,14
BRDA:233,2,0,14
BRDA:233,2,1,0
BRDA:233,2,2,14
BRDA:237,3,0,14
BRDA:237,3,1,0
BRDA:237,3,2,14
BRDA:240,4,0,28
BRDA:240,4,1,14
BRDA:245,5,0,14
BRDA:245,5,1,14
BRDA:246,6,0,14
BRDA:246,6,1,14
BRDA:247,7,0,14
BRDA:247,7,1,14
BRDA:248,8,0,14
BRDA:248,8,1,14
BRDA:273,9,0,28
BRDA:273,9,1,28
BRDA:288,10,0,0
BRDA:288,10,1,0
BRDA:290,11,0,0
BRDA:290,11,1,0
BRDA:290,12,0,0
BRDA:290,12,1,0
BRDA:291,13,0,0
BRDA:291,13,1,0
BRDA:297,14,0,0
BRDA:297,14,1,0
BRDA:307,15,0,0
BRDA:307,15,1,14
BRDA:318,16,0,0
BRDA:318,16,1,14
BRDA:319,17,0,0
BRDA:319,17,1,0
BRDA:322,18,0,0
BRDA:322,18,1,0
BRDA:335,19,0,0
BRDA:335,19,1,0
BRDA:335,20,0,0
BRDA:335,20,1,0
BRF:44
BRH:22
end_of_record
TN:
SF:src\views\User_Settings.vue
FN:34,(anonymous_1)
FNF:1
FNH:0
FNDA:0,(anonymous_1)
DA:26,0
DA:27,0
DA:28,0
DA:29,0
DA:30,0
DA:31,0
DA:32,0
DA:35,0
LF:8
LH:0
BRF:0
BRH:0
end_of_record
TN:
SF:src\views\WebPlayerHome.vue
FN:34,(anonymous_1)
FN:36,(anonymous_2)
FNF:2
FNH:0
FNDA:0,(anonymous_1)
FNDA:0,(anonymous_2)
DA:19,0
DA:20,0
DA:21,0
DA:22,0
DA:36,0
DA:37,0
DA:38,0
DA:42,0
LF:8
LH:0
BRF:0
BRH:0
end_of_record
